/home/aistudio/STFPM-main
W0411 22:09:04.490289 26147 device_context.cc:447] Please NOTE: device: 0, GPU Compute Capability: 7.0, Driver API Version: 10.1, Runtime API Version: 10.1
W0411 22:09:04.495492 26147 device_context.cc:465] device: 0, cuDNN Version: 7.6.
/opt/conda/envs/python35-paddle120-env/lib/python3.7/site-packages/paddle/nn/layer/norm.py:653: UserWarning: When training, we now always track global mean and variance.
  "When training, we now always track global mean and variance.")
2022-04-11 22:09:24	Epoch 0[32/196]: loss:3.44624, lr:0.40000, batch time:0.0746, data time:0.2088
2022-04-11 22:09:25	Epoch 0[96/196]: loss:3.13379, lr:0.40000, batch time:0.0668, data time:0.2108
2022-04-11 22:09:25	Epoch 0[160/196]: loss:2.54004, lr:0.40000, batch time:0.0676, data time:0.1735
2022-04-11 22:09:25	Epoch 0[224/196]: loss:1.91086, lr:0.40000, batch time:0.0229, data time:0.0009
2022-04-11 22:09:25	Epoch 0 training ends, total 1.50s
2022-04-11 22:09:25	Epoch 0 testing start
2022-04-11 22:09:26	Valid Loss: 3.3021228
2022-04-11 22:09:31	Epoch: 0	Catergory: leather	Pixel-AUC: 0.210108	Image-AUC: 0.844429
2022-04-11 22:09:31	Epoch 0 testing end, total 5.76s
/opt/conda/envs/python35-paddle120-env/lib/python3.7/site-packages/paddle/nn/layer/norm.py:653: UserWarning: When training, we now always track global mean and variance.
  "When training, we now always track global mean and variance.")
2022-04-11 22:09:31	Epoch 1[32/196]: loss:1.71238, lr:0.40000, batch time:0.0683, data time:0.2090
2022-04-11 22:09:32	Epoch 1[96/196]: loss:1.45599, lr:0.40000, batch time:0.0668, data time:0.1735
2022-04-11 22:09:32	Epoch 1[160/196]: loss:1.27592, lr:0.40000, batch time:0.0676, data time:0.1736
2022-04-11 22:09:33	Epoch 1[224/196]: loss:1.16125, lr:0.40000, batch time:0.0223, data time:0.0008
2022-04-11 22:09:33	Epoch 1 training ends, total 1.51s
2022-04-11 22:09:33	Epoch 1 testing start
2022-04-11 22:09:33	Valid Loss: 1.5960098
2022-04-11 22:09:38	Epoch: 1	Catergory: leather	Pixel-AUC: 0.804121	Image-AUC: 0.822690
2022-04-11 22:09:38	Epoch 1 testing end, total 5.63s
/opt/conda/envs/python35-paddle120-env/lib/python3.7/site-packages/paddle/nn/layer/norm.py:653: UserWarning: When training, we now always track global mean and variance.
  "When training, we now always track global mean and variance.")
2022-04-11 22:09:39	Epoch 2[32/196]: loss:1.09449, lr:0.40000, batch time:0.0742, data time:0.2012
2022-04-11 22:09:39	Epoch 2[96/196]: loss:1.01937, lr:0.40000, batch time:0.0331, data time:0.1734
2022-04-11 22:09:40	Epoch 2[160/196]: loss:0.92794, lr:0.40000, batch time:0.0709, data time:0.1742
2022-04-11 22:09:40	Epoch 2[224/196]: loss:0.90538, lr:0.40000, batch time:0.0196, data time:0.0007
2022-04-11 22:09:40	Epoch 2 training ends, total 1.53s
2022-04-11 22:09:40	Epoch 2 testing start
2022-04-11 22:09:40	Valid Loss: 0.2150363
2022-04-11 22:09:46	Epoch: 2	Catergory: leather	Pixel-AUC: 0.955249	Image-AUC: 0.873981
2022-04-11 22:09:46	Epoch 2 testing end, total 5.77s
/opt/conda/envs/python35-paddle120-env/lib/python3.7/site-packages/paddle/nn/layer/norm.py:653: UserWarning: When training, we now always track global mean and variance.
  "When training, we now always track global mean and variance.")
2022-04-11 22:09:46	Epoch 3[32/196]: loss:0.87947, lr:0.40000, batch time:0.0671, data time:0.2012
2022-04-11 22:09:46	Epoch 3[96/196]: loss:0.83400, lr:0.40000, batch time:0.0665, data time:0.1767
2022-04-11 22:09:47	Epoch 3[160/196]: loss:0.80399, lr:0.40000, batch time:0.0675, data time:0.2089
2022-04-11 22:09:47	Epoch 3[224/196]: loss:0.80410, lr:0.40000, batch time:0.0204, data time:0.0005
2022-04-11 22:09:47	Epoch 3 training ends, total 1.54s
2022-04-11 22:09:47	Epoch 3 testing start
2022-04-11 22:09:47	Valid Loss: 0.1493603
2022-04-11 22:09:53	Epoch: 3	Catergory: leather	Pixel-AUC: 0.904967	Image-AUC: 0.729959
2022-04-11 22:09:53	Epoch 3 testing end, total 5.60s
/opt/conda/envs/python35-paddle120-env/lib/python3.7/site-packages/paddle/nn/layer/norm.py:653: UserWarning: When training, we now always track global mean and variance.
  "When training, we now always track global mean and variance.")
2022-04-11 22:09:53	Epoch 4[32/196]: loss:0.79403, lr:0.40000, batch time:0.0506, data time:0.2053
2022-04-11 22:09:53	Epoch 4[96/196]: loss:0.77238, lr:0.40000, batch time:0.0673, data time:0.2168
2022-04-11 22:09:54	Epoch 4[160/196]: loss:0.73154, lr:0.40000, batch time:0.0668, data time:0.2090
2022-04-11 22:09:54	Epoch 4[224/196]: loss:0.88953, lr:0.40000, batch time:0.0201, data time:0.0357
2022-04-11 22:09:54	Epoch 4 training ends, total 1.52s
2022-04-11 22:09:54	Epoch 4 testing start
2022-04-11 22:09:55	Valid Loss: 0.1008965
2022-04-11 22:10:00	Epoch: 4	Catergory: leather	Pixel-AUC: 0.901656	Image-AUC: 0.729280
2022-04-11 22:10:00	Epoch 4 testing end, total 5.64s
/opt/conda/envs/python35-paddle120-env/lib/python3.7/site-packages/paddle/nn/layer/norm.py:653: UserWarning: When training, we now always track global mean and variance.
  "When training, we now always track global mean and variance.")
2022-04-11 22:10:00	Epoch 5[32/196]: loss:0.73903, lr:0.40000, batch time:0.0665, data time:0.2004
2022-04-11 22:10:01	Epoch 5[96/196]: loss:0.79016, lr:0.40000, batch time:0.0673, data time:0.1744
2022-04-11 22:10:01	Epoch 5[160/196]: loss:0.73235, lr:0.40000, batch time:0.0666, data time:0.1729
2022-04-11 22:10:01	Epoch 5[224/196]: loss:0.77526, lr:0.40000, batch time:0.0197, data time:0.0009
2022-04-11 22:10:01	Epoch 5 training ends, total 1.50s
2022-04-11 22:10:01	Epoch 5 testing start
2022-04-11 22:10:02	Valid Loss: 1.0114957
2022-04-11 22:10:07	Epoch: 5	Catergory: leather	Pixel-AUC: 0.627048	Image-AUC: 0.762568
2022-04-11 22:10:07	Epoch 5 testing end, total 5.63s
/opt/conda/envs/python35-paddle120-env/lib/python3.7/site-packages/paddle/nn/layer/norm.py:653: UserWarning: When training, we now always track global mean and variance.
  "When training, we now always track global mean and variance.")
2022-04-11 22:10:07	Epoch 6[32/196]: loss:0.70421, lr:0.40000, batch time:0.0664, data time:0.2021
2022-04-11 22:10:08	Epoch 6[96/196]: loss:0.70222, lr:0.40000, batch time:0.0680, data time:0.1774
2022-04-11 22:10:08	Epoch 6[160/196]: loss:0.68296, lr:0.40000, batch time:0.0675, data time:0.1754
2022-04-11 22:10:09	Epoch 6[224/196]: loss:0.69897, lr:0.40000, batch time:0.0231, data time:0.0010
2022-04-11 22:10:09	Epoch 6 training ends, total 1.52s
2022-04-11 22:10:09	Epoch 6 testing start
2022-04-11 22:10:09	Valid Loss: 0.1336407
2022-04-11 22:10:14	Epoch: 6	Catergory: leather	Pixel-AUC: 0.954351	Image-AUC: 0.889946
2022-04-11 22:10:14	Epoch 6 testing end, total 5.73s
/opt/conda/envs/python35-paddle120-env/lib/python3.7/site-packages/paddle/nn/layer/norm.py:653: UserWarning: When training, we now always track global mean and variance.
  "When training, we now always track global mean and variance.")
2022-04-11 22:10:15	Epoch 7[32/196]: loss:0.65255, lr:0.40000, batch time:0.0696, data time:0.2095
2022-04-11 22:10:15	Epoch 7[96/196]: loss:0.63817, lr:0.40000, batch time:0.0525, data time:0.1965
2022-04-11 22:10:16	Epoch 7[160/196]: loss:0.63431, lr:0.40000, batch time:0.0678, data time:0.2164
2022-04-11 22:10:16	Epoch 7[224/196]: loss:0.64547, lr:0.40000, batch time:0.0211, data time:0.0017
2022-04-11 22:10:16	Epoch 7 training ends, total 1.55s
2022-04-11 22:10:16	Epoch 7 testing start
2022-04-11 22:10:16	Valid Loss: 0.0301782
2022-04-11 22:10:22	Epoch: 7	Catergory: leather	Pixel-AUC: 0.911959	Image-AUC: 0.708220
2022-04-11 22:10:22	Epoch 7 testing end, total 6.01s
/opt/conda/envs/python35-paddle120-env/lib/python3.7/site-packages/paddle/nn/layer/norm.py:653: UserWarning: When training, we now always track global mean and variance.
  "When training, we now always track global mean and variance.")
2022-04-11 22:10:22	Epoch 8[32/196]: loss:0.63848, lr:0.40000, batch time:0.0689, data time:0.2025
2022-04-11 22:10:23	Epoch 8[96/196]: loss:0.60451, lr:0.40000, batch time:0.0671, data time:0.1734
2022-04-11 22:10:23	Epoch 8[160/196]: loss:0.60670, lr:0.40000, batch time:0.0670, data time:0.1741
2022-04-11 22:10:23	Epoch 8[224/196]: loss:0.61820, lr:0.40000, batch time:0.0198, data time:0.0411
2022-04-11 22:10:23	Epoch 8 training ends, total 1.51s
2022-04-11 22:10:23	Epoch 8 testing start
2022-04-11 22:10:24	Valid Loss: 0.0164265
2022-04-11 22:10:29	Epoch: 8	Catergory: leather	Pixel-AUC: 0.954780	Image-AUC: 0.861413
2022-04-11 22:10:29	Epoch 8 testing end, total 5.73s
/opt/conda/envs/python35-paddle120-env/lib/python3.7/site-packages/paddle/nn/layer/norm.py:653: UserWarning: When training, we now always track global mean and variance.
  "When training, we now always track global mean and variance.")
2022-04-11 22:10:29	Epoch 9[32/196]: loss:0.58652, lr:0.40000, batch time:0.0753, data time:0.2063
2022-04-11 22:10:30	Epoch 9[96/196]: loss:0.57352, lr:0.40000, batch time:0.0722, data time:0.1750
2022-04-11 22:10:30	Epoch 9[160/196]: loss:0.56988, lr:0.40000, batch time:0.0707, data time:0.1762
2022-04-11 22:10:31	Epoch 9[224/196]: loss:0.57146, lr:0.40000, batch time:0.0535, data time:0.0005
2022-04-11 22:10:31	Epoch 9 training ends, total 1.55s
2022-04-11 22:10:31	Epoch 9 testing start
2022-04-11 22:10:31	Valid Loss: 0.0175166
2022-04-11 22:10:36	Epoch: 9	Catergory: leather	Pixel-AUC: 0.934906	Image-AUC: 0.776834
2022-04-11 22:10:36	Epoch 9 testing end, total 5.65s
/opt/conda/envs/python35-paddle120-env/lib/python3.7/site-packages/paddle/nn/layer/norm.py:653: UserWarning: When training, we now always track global mean and variance.
  "When training, we now always track global mean and variance.")
2022-04-11 22:10:36	Epoch 10[32/196]: loss:0.56125, lr:0.40000, batch time:0.0319, data time:0.2027
2022-04-11 22:10:37	Epoch 10[96/196]: loss:0.56264, lr:0.40000, batch time:0.0790, data time:0.1730
2022-04-11 22:10:38	Epoch 10[160/196]: loss:0.54328, lr:0.40000, batch time:0.0782, data time:0.1641
2022-04-11 22:10:38	Epoch 10[224/196]: loss:0.56044, lr:0.40000, batch time:0.0347, data time:0.0006
2022-04-11 22:10:38	Epoch 10 training ends, total 1.50s
2022-04-11 22:10:38	Epoch 10 testing start
2022-04-11 22:10:38	Valid Loss: 0.0094565
2022-04-11 22:10:43	Epoch: 10	Catergory: leather	Pixel-AUC: 0.988136	Image-AUC: 0.991848
2022-04-11 22:10:43	Epoch 10 testing end, total 5.74s
/opt/conda/envs/python35-paddle120-env/lib/python3.7/site-packages/paddle/nn/layer/norm.py:653: UserWarning: When training, we now always track global mean and variance.
  "When training, we now always track global mean and variance.")
2022-04-11 22:10:44	Epoch 11[32/196]: loss:0.56029, lr:0.40000, batch time:0.0676, data time:0.2032
2022-04-11 22:10:44	Epoch 11[96/196]: loss:0.54628, lr:0.40000, batch time:0.0666, data time:0.1750
2022-04-11 22:10:45	Epoch 11[160/196]: loss:0.53212, lr:0.40000, batch time:0.0669, data time:0.1742
2022-04-11 22:10:45	Epoch 11[224/196]: loss:0.55658, lr:0.40000, batch time:0.0203, data time:0.0360
2022-04-11 22:10:45	Epoch 11 training ends, total 1.50s
2022-04-11 22:10:45	Epoch 11 testing start
2022-04-11 22:10:45	Valid Loss: 0.0228095
2022-04-11 22:10:50	Epoch: 11	Catergory: leather	Pixel-AUC: 0.895048	Image-AUC: 0.709239
2022-04-11 22:10:50	Epoch 11 testing end, total 5.47s
/opt/conda/envs/python35-paddle120-env/lib/python3.7/site-packages/paddle/nn/layer/norm.py:653: UserWarning: When training, we now always track global mean and variance.
  "When training, we now always track global mean and variance.")
2022-04-11 22:10:51	Epoch 12[32/196]: loss:0.53780, lr:0.40000, batch time:0.0660, data time:0.2026
2022-04-11 22:10:51	Epoch 12[96/196]: loss:0.53110, lr:0.40000, batch time:0.0317, data time:0.1756
2022-04-11 22:10:52	Epoch 12[160/196]: loss:0.51577, lr:0.40000, batch time:0.0671, data time:0.1739
2022-04-11 22:10:52	Epoch 12[224/196]: loss:0.53688, lr:0.40000, batch time:0.0206, data time:0.0009
2022-04-11 22:10:52	Epoch 12 training ends, total 1.51s
2022-04-11 22:10:52	Epoch 12 testing start
2022-04-11 22:10:52	Valid Loss: 0.0074498
2022-04-11 22:10:58	Epoch: 12	Catergory: leather	Pixel-AUC: 0.988034	Image-AUC: 0.995924
2022-04-11 22:10:58	Epoch 12 testing end, total 5.81s
/opt/conda/envs/python35-paddle120-env/lib/python3.7/site-packages/paddle/nn/layer/norm.py:653: UserWarning: When training, we now always track global mean and variance.
  "When training, we now always track global mean and variance.")
2022-04-11 22:10:58	Epoch 13[32/196]: loss:0.51934, lr:0.40000, batch time:0.0679, data time:0.2035
2022-04-11 22:10:59	Epoch 13[96/196]: loss:0.51243, lr:0.40000, batch time:0.0672, data time:0.1745
2022-04-11 22:10:59	Epoch 13[160/196]: loss:0.49835, lr:0.40000, batch time:0.0677, data time:0.1739
2022-04-11 22:10:59	Epoch 13[224/196]: loss:0.50667, lr:0.40000, batch time:0.0208, data time:0.0009
2022-04-11 22:10:59	Epoch 13 training ends, total 1.51s
2022-04-11 22:10:59	Epoch 13 testing start
2022-04-11 22:11:00	Valid Loss: 0.0071425
2022-04-11 22:11:05	Epoch: 13	Catergory: leather	Pixel-AUC: 0.975962	Image-AUC: 0.967391
2022-04-11 22:11:05	Epoch 13 testing end, total 5.74s
/opt/conda/envs/python35-paddle120-env/lib/python3.7/site-packages/paddle/nn/layer/norm.py:653: UserWarning: When training, we now always track global mean and variance.
  "When training, we now always track global mean and variance.")
2022-04-11 22:11:05	Epoch 14[32/196]: loss:0.50145, lr:0.40000, batch time:0.0682, data time:0.2059
2022-04-11 22:11:06	Epoch 14[96/196]: loss:0.48538, lr:0.40000, batch time:0.0674, data time:0.1740
2022-04-11 22:11:06	Epoch 14[160/196]: loss:0.48492, lr:0.40000, batch time:0.0679, data time:0.2088
2022-04-11 22:11:07	Epoch 14[224/196]: loss:0.48654, lr:0.40000, batch time:0.0285, data time:0.0009
2022-04-11 22:11:07	Epoch 14 training ends, total 1.53s
2022-04-11 22:11:07	Epoch 14 testing start
2022-04-11 22:11:07	Valid Loss: 0.0059387
2022-04-11 22:11:12	Epoch: 14	Catergory: leather	Pixel-AUC: 0.981902	Image-AUC: 0.986073
2022-04-11 22:11:12	Epoch 14 testing end, total 5.76s
/opt/conda/envs/python35-paddle120-env/lib/python3.7/site-packages/paddle/nn/layer/norm.py:653: UserWarning: When training, we now always track global mean and variance.
  "When training, we now always track global mean and variance.")
2022-04-11 22:11:13	Epoch 15[32/196]: loss:0.47391, lr:0.40000, batch time:0.0318, data time:0.2024
2022-04-11 22:11:13	Epoch 15[96/196]: loss:0.46775, lr:0.40000, batch time:0.0688, data time:0.1763
2022-04-11 22:11:14	Epoch 15[160/196]: loss:0.47381, lr:0.40000, batch time:0.0756, data time:0.1745
2022-04-11 22:11:14	Epoch 15[224/196]: loss:0.47453, lr:0.40000, batch time:0.0192, data time:0.0417
2022-04-11 22:11:14	Epoch 15 training ends, total 1.55s
2022-04-11 22:11:14	Epoch 15 testing start
2022-04-11 22:11:14	Valid Loss: 0.0051760
2022-04-11 22:11:20	Epoch: 15	Catergory: leather	Pixel-AUC: 0.987462	Image-AUC: 0.997283
2022-04-11 22:11:20	Epoch 15 testing end, total 5.68s
/opt/conda/envs/python35-paddle120-env/lib/python3.7/site-packages/paddle/nn/layer/norm.py:653: UserWarning: When training, we now always track global mean and variance.
  "When training, we now always track global mean and variance.")
2022-04-11 22:11:20	Epoch 16[32/196]: loss:0.46900, lr:0.40000, batch time:0.0737, data time:0.2034
2022-04-11 22:11:20	Epoch 16[96/196]: loss:0.45861, lr:0.40000, batch time:0.0717, data time:0.1744
2022-04-11 22:11:21	Epoch 16[160/196]: loss:0.45386, lr:0.40000, batch time:0.0806, data time:0.1736
2022-04-11 22:11:21	Epoch 16[224/196]: loss:0.45790, lr:0.40000, batch time:0.0201, data time:0.0009
2022-04-11 22:11:21	Epoch 16 training ends, total 1.57s
2022-04-11 22:11:21	Epoch 16 testing start
2022-04-11 22:11:21	Valid Loss: 0.0046977
2022-04-11 22:11:27	Epoch: 16	Catergory: leather	Pixel-AUC: 0.987164	Image-AUC: 0.996603
2022-04-11 22:11:27	Epoch 16 testing end, total 5.76s
/opt/conda/envs/python35-paddle120-env/lib/python3.7/site-packages/paddle/nn/layer/norm.py:653: UserWarning: When training, we now always track global mean and variance.
  "When training, we now always track global mean and variance.")
2022-04-11 22:11:27	Epoch 17[32/196]: loss:0.45760, lr:0.40000, batch time:0.0705, data time:0.2037
2022-04-11 22:11:28	Epoch 17[96/196]: loss:0.44516, lr:0.40000, batch time:0.0694, data time:0.1741
2022-04-11 22:11:28	Epoch 17[160/196]: loss:0.44432, lr:0.40000, batch time:0.0686, data time:0.1739
2022-04-11 22:11:28	Epoch 17[224/196]: loss:0.44768, lr:0.40000, batch time:0.0196, data time:0.0008
2022-04-11 22:11:28	Epoch 17 training ends, total 1.52s
2022-04-11 22:11:28	Epoch 17 testing start
2022-04-11 22:11:29	Valid Loss: 0.0043328
2022-04-11 22:11:34	Epoch: 17	Catergory: leather	Pixel-AUC: 0.987615	Image-AUC: 0.996943
2022-04-11 22:11:34	Epoch 17 testing end, total 5.80s
/opt/conda/envs/python35-paddle120-env/lib/python3.7/site-packages/paddle/nn/layer/norm.py:653: UserWarning: When training, we now always track global mean and variance.
  "When training, we now always track global mean and variance.")
2022-04-11 22:11:34	Epoch 18[32/196]: loss:0.43540, lr:0.40000, batch time:0.0674, data time:0.2010
2022-04-11 22:11:35	Epoch 18[96/196]: loss:0.43872, lr:0.40000, batch time:0.0672, data time:0.1724
2022-04-11 22:11:35	Epoch 18[160/196]: loss:0.43379, lr:0.40000, batch time:0.0671, data time:0.1713
2022-04-11 22:11:36	Epoch 18[224/196]: loss:0.46491, lr:0.40000, batch time:0.0343, data time:0.0004
2022-04-11 22:11:36	Epoch 18 training ends, total 1.55s
2022-04-11 22:11:36	Epoch 18 testing start
2022-04-11 22:11:36	Valid Loss: 0.0039465
2022-04-11 22:11:41	Epoch: 18	Catergory: leather	Pixel-AUC: 0.986544	Image-AUC: 0.996264
2022-04-11 22:11:42	Epoch 18 testing end, total 5.76s
/opt/conda/envs/python35-paddle120-env/lib/python3.7/site-packages/paddle/nn/layer/norm.py:653: UserWarning: When training, we now always track global mean and variance.
  "When training, we now always track global mean and variance.")
2022-04-11 22:11:42	Epoch 19[32/196]: loss:0.42502, lr:0.40000, batch time:0.0676, data time:0.2079
2022-04-11 22:11:42	Epoch 19[96/196]: loss:0.43705, lr:0.40000, batch time:0.0672, data time:0.1771
2022-04-11 22:11:43	Epoch 19[160/196]: loss:0.43005, lr:0.40000, batch time:0.0755, data time:0.1772
2022-04-11 22:11:43	Epoch 19[224/196]: loss:0.43136, lr:0.40000, batch time:0.0197, data time:0.0004
2022-04-11 22:11:43	Epoch 19 training ends, total 1.56s
2022-04-11 22:11:43	Epoch 19 testing start
2022-04-11 22:11:43	Valid Loss: 0.0037972
2022-04-11 22:11:49	Epoch: 19	Catergory: leather	Pixel-AUC: 0.988781	Image-AUC: 0.998302
2022-04-11 22:11:49	Epoch 19 testing end, total 5.76s
/opt/conda/envs/python35-paddle120-env/lib/python3.7/site-packages/paddle/nn/layer/norm.py:653: UserWarning: When training, we now always track global mean and variance.
  "When training, we now always track global mean and variance.")
2022-04-11 22:11:49	Epoch 20[32/196]: loss:0.41826, lr:0.40000, batch time:0.0685, data time:0.2011
2022-04-11 22:11:50	Epoch 20[96/196]: loss:0.42373, lr:0.40000, batch time:0.0676, data time:0.1715
2022-04-11 22:11:50	Epoch 20[160/196]: loss:0.42188, lr:0.40000, batch time:0.1162, data time:0.1825
2022-04-11 22:11:50	Epoch 20[224/196]: loss:0.41067, lr:0.40000, batch time:0.0206, data time:0.0008
2022-04-11 22:11:50	Epoch 20 training ends, total 1.61s
2022-04-11 22:11:50	Epoch 20 testing start
2022-04-11 22:11:51	Valid Loss: 0.0039440
2022-04-11 22:11:56	Epoch: 20	Catergory: leather	Pixel-AUC: 0.978274	Image-AUC: 0.976902
2022-04-11 22:11:56	Epoch 20 testing end, total 5.58s
/opt/conda/envs/python35-paddle120-env/lib/python3.7/site-packages/paddle/nn/layer/norm.py:653: UserWarning: When training, we now always track global mean and variance.
  "When training, we now always track global mean and variance.")
2022-04-11 22:11:56	Epoch 21[32/196]: loss:0.42029, lr:0.40000, batch time:0.0682, data time:0.2037
2022-04-11 22:11:57	Epoch 21[96/196]: loss:0.40892, lr:0.40000, batch time:0.0672, data time:0.1752
2022-04-11 22:11:57	Epoch 21[160/196]: loss:0.40886, lr:0.40000, batch time:0.1473, data time:0.1739
2022-04-11 22:11:58	Epoch 21[224/196]: loss:0.41240, lr:0.40000, batch time:0.0419, data time:0.0004
2022-04-11 22:11:58	Epoch 21 training ends, total 1.65s
2022-04-11 22:11:58	Epoch 21 testing start
2022-04-11 22:11:58	Valid Loss: 0.0032928
2022-04-11 22:12:03	Epoch: 21	Catergory: leather	Pixel-AUC: 0.990402	Image-AUC: 0.998641
2022-04-11 22:12:03	Epoch 21 testing end, total 5.69s
/opt/conda/envs/python35-paddle120-env/lib/python3.7/site-packages/paddle/nn/layer/norm.py:653: UserWarning: When training, we now always track global mean and variance.
  "When training, we now always track global mean and variance.")
2022-04-11 22:12:04	Epoch 22[32/196]: loss:0.40146, lr:0.40000, batch time:0.0671, data time:0.2012
2022-04-11 22:12:04	Epoch 22[96/196]: loss:0.40775, lr:0.40000, batch time:0.0696, data time:0.1736
2022-04-11 22:12:05	Epoch 22[160/196]: loss:0.40533, lr:0.40000, batch time:0.1466, data time:0.1869
2022-04-11 22:12:05	Epoch 22[224/196]: loss:0.40060, lr:0.40000, batch time:0.0215, data time:0.0009
2022-04-11 22:12:05	Epoch 22 training ends, total 1.72s
2022-04-11 22:12:05	Epoch 22 testing start
2022-04-11 22:12:05	Valid Loss: 0.0031427
2022-04-11 22:12:11	Epoch: 22	Catergory: leather	Pixel-AUC: 0.991148	Image-AUC: 0.998641
2022-04-11 22:12:11	Epoch 22 testing end, total 5.67s
/opt/conda/envs/python35-paddle120-env/lib/python3.7/site-packages/paddle/nn/layer/norm.py:653: UserWarning: When training, we now always track global mean and variance.
  "When training, we now always track global mean and variance.")
2022-04-11 22:12:11	Epoch 23[32/196]: loss:0.40231, lr:0.40000, batch time:0.0334, data time:0.2092
2022-04-11 22:12:12	Epoch 23[96/196]: loss:0.40520, lr:0.40000, batch time:0.0749, data time:0.1943
2022-04-11 22:12:12	Epoch 23[160/196]: loss:0.39947, lr:0.40000, batch time:0.0763, data time:0.1957
2022-04-11 22:12:12	Epoch 23[224/196]: loss:0.40865, lr:0.40000, batch time:0.0197, data time:0.0012
2022-04-11 22:12:12	Epoch 23 training ends, total 1.65s
2022-04-11 22:12:12	Epoch 23 testing start
2022-04-11 22:12:13	Valid Loss: 0.0030207
2022-04-11 22:12:18	Epoch: 23	Catergory: leather	Pixel-AUC: 0.987395	Image-AUC: 0.995584
2022-04-11 22:12:18	Epoch 23 testing end, total 5.74s
/opt/conda/envs/python35-paddle120-env/lib/python3.7/site-packages/paddle/nn/layer/norm.py:653: UserWarning: When training, we now always track global mean and variance.
  "When training, we now always track global mean and variance.")
2022-04-11 22:12:18	Epoch 24[32/196]: loss:0.39599, lr:0.40000, batch time:0.0679, data time:0.2040
2022-04-11 22:12:19	Epoch 24[96/196]: loss:0.39489, lr:0.40000, batch time:0.0927, data time:0.2483
2022-04-11 22:12:20	Epoch 24[160/196]: loss:0.39611, lr:0.40000, batch time:0.0955, data time:0.1879
2022-04-11 22:12:20	Epoch 24[224/196]: loss:0.40239, lr:0.40000, batch time:0.0359, data time:0.0006
2022-04-11 22:12:20	Epoch 24 training ends, total 1.71s
2022-04-11 22:12:20	Epoch 24 testing start
2022-04-11 22:12:20	Valid Loss: 0.0027885
2022-04-11 22:12:26	Epoch: 24	Catergory: leather	Pixel-AUC: 0.989342	Image-AUC: 0.998302
2022-04-11 22:12:26	Epoch 24 testing end, total 5.66s
/opt/conda/envs/python35-paddle120-env/lib/python3.7/site-packages/paddle/nn/layer/norm.py:653: UserWarning: When training, we now always track global mean and variance.
  "When training, we now always track global mean and variance.")
2022-04-11 22:12:26	Epoch 25[32/196]: loss:0.38523, lr:0.40000, batch time:0.0759, data time:0.2021
2022-04-11 22:12:26	Epoch 25[96/196]: loss:0.38568, lr:0.40000, batch time:0.0373, data time:0.2364
2022-04-11 22:12:27	Epoch 25[160/196]: loss:0.38343, lr:0.40000, batch time:0.0761, data time:0.1954
2022-04-11 22:12:27	Epoch 25[224/196]: loss:0.38241, lr:0.40000, batch time:0.0266, data time:0.0007
2022-04-11 22:12:27	Epoch 25 training ends, total 1.68s
2022-04-11 22:12:27	Epoch 25 testing start
2022-04-11 22:12:28	Valid Loss: 0.0026664
2022-04-11 22:12:33	Epoch: 25	Catergory: leather	Pixel-AUC: 0.990611	Image-AUC: 0.998641
2022-04-11 22:12:33	Epoch 25 testing end, total 5.67s
/opt/conda/envs/python35-paddle120-env/lib/python3.7/site-packages/paddle/nn/layer/norm.py:653: UserWarning: When training, we now always track global mean and variance.
  "When training, we now always track global mean and variance.")
2022-04-11 22:12:33	Epoch 26[32/196]: loss:0.38493, lr:0.40000, batch time:0.0834, data time:0.2015
2022-04-11 22:12:34	Epoch 26[96/196]: loss:0.37794, lr:0.40000, batch time:0.0341, data time:0.1896
2022-04-11 22:12:34	Epoch 26[160/196]: loss:0.37759, lr:0.40000, batch time:0.0546, data time:0.1874
2022-04-11 22:12:35	Epoch 26[224/196]: loss:0.38453, lr:0.40000, batch time:0.0198, data time:0.0009
2022-04-11 22:12:35	Epoch 26 training ends, total 1.70s
2022-04-11 22:12:35	Epoch 26 testing start
2022-04-11 22:12:35	Valid Loss: 0.0025741
2022-04-11 22:12:40	Epoch: 26	Catergory: leather	Pixel-AUC: 0.990897	Image-AUC: 0.998302
2022-04-11 22:12:40	Epoch 26 testing end, total 5.66s
/opt/conda/envs/python35-paddle120-env/lib/python3.7/site-packages/paddle/nn/layer/norm.py:653: UserWarning: When training, we now always track global mean and variance.
  "When training, we now always track global mean and variance.")
2022-04-11 22:12:41	Epoch 27[32/196]: loss:0.37717, lr:0.40000, batch time:0.0862, data time:0.2192
2022-04-11 22:12:41	Epoch 27[96/196]: loss:0.37122, lr:0.40000, batch time:0.0334, data time:0.1963
2022-04-11 22:12:42	Epoch 27[160/196]: loss:0.37403, lr:0.40000, batch time:0.0542, data time:0.2158
2022-04-11 22:12:42	Epoch 27[224/196]: loss:0.37446, lr:0.40000, batch time:0.0285, data time:0.0009
2022-04-11 22:12:42	Epoch 27 training ends, total 1.68s
2022-04-11 22:12:42	Epoch 27 testing start
2022-04-11 22:12:42	Valid Loss: 0.0024893
2022-04-11 22:12:48	Epoch: 27	Catergory: leather	Pixel-AUC: 0.991106	Image-AUC: 0.998641
2022-04-11 22:12:48	Epoch 27 testing end, total 5.69s
/opt/conda/envs/python35-paddle120-env/lib/python3.7/site-packages/paddle/nn/layer/norm.py:653: UserWarning: When training, we now always track global mean and variance.
  "When training, we now always track global mean and variance.")
2022-04-11 22:12:48	Epoch 28[32/196]: loss:0.36725, lr:0.40000, batch time:0.1322, data time:0.2044
2022-04-11 22:12:49	Epoch 28[96/196]: loss:0.37185, lr:0.40000, batch time:0.1056, data time:0.1806
2022-04-11 22:12:49	Epoch 28[160/196]: loss:0.36904, lr:0.40000, batch time:0.0448, data time:0.1915
2022-04-11 22:12:49	Epoch 28[224/196]: loss:0.36375, lr:0.40000, batch time:0.0194, data time:0.0412
2022-04-11 22:12:49	Epoch 28 training ends, total 1.77s
2022-04-11 22:12:49	Epoch 28 testing start
2022-04-11 22:12:50	Valid Loss: 0.0024071
2022-04-11 22:12:55	Epoch: 28	Catergory: leather	Pixel-AUC: 0.991471	Image-AUC: 0.998641
2022-04-11 22:12:55	Epoch 28 testing end, total 5.63s
/opt/conda/envs/python35-paddle120-env/lib/python3.7/site-packages/paddle/nn/layer/norm.py:653: UserWarning: When training, we now always track global mean and variance.
  "When training, we now always track global mean and variance.")
2022-04-11 22:12:55	Epoch 29[32/196]: loss:0.36499, lr:0.40000, batch time:0.0786, data time:0.2016
2022-04-11 22:12:56	Epoch 29[96/196]: loss:0.36238, lr:0.40000, batch time:0.0338, data time:0.2432
2022-04-11 22:12:56	Epoch 29[160/196]: loss:0.36071, lr:0.40000, batch time:0.0331, data time:0.2438
2022-04-11 22:12:57	Epoch 29[224/196]: loss:0.35845, lr:0.40000, batch time:0.0200, data time:0.0006
2022-04-11 22:12:57	Epoch 29 training ends, total 1.69s
2022-04-11 22:12:57	Epoch 29 testing start
2022-04-11 22:12:57	Valid Loss: 0.0022744
2022-04-11 22:13:02	Epoch: 29	Catergory: leather	Pixel-AUC: 0.991376	Image-AUC: 0.998302
2022-04-11 22:13:02	Epoch 29 testing end, total 5.77s
/opt/conda/envs/python35-paddle120-env/lib/python3.7/site-packages/paddle/nn/layer/norm.py:653: UserWarning: When training, we now always track global mean and variance.
  "When training, we now always track global mean and variance.")
2022-04-11 22:13:03	Epoch 30[32/196]: loss:0.36079, lr:0.40000, batch time:0.0362, data time:0.2268
2022-04-11 22:13:03	Epoch 30[96/196]: loss:0.35359, lr:0.40000, batch time:0.0760, data time:0.1957
2022-04-11 22:13:04	Epoch 30[160/196]: loss:0.35584, lr:0.40000, batch time:0.1077, data time:0.1952
2022-04-11 22:13:04	Epoch 30[224/196]: loss:0.35964, lr:0.40000, batch time:0.0590, data time:0.0004
2022-04-11 22:13:04	Epoch 30 training ends, total 1.71s
2022-04-11 22:13:04	Epoch 30 testing start
2022-04-11 22:13:05	Valid Loss: 0.0020643
2022-04-11 22:13:10	Epoch: 30	Catergory: leather	Pixel-AUC: 0.992031	Image-AUC: 0.998641
2022-04-11 22:13:10	Epoch 30 testing end, total 5.70s
/opt/conda/envs/python35-paddle120-env/lib/python3.7/site-packages/paddle/nn/layer/norm.py:653: UserWarning: When training, we now always track global mean and variance.
  "When training, we now always track global mean and variance.")
2022-04-11 22:13:10	Epoch 31[32/196]: loss:0.35113, lr:0.40000, batch time:0.1069, data time:0.2146
2022-04-11 22:13:11	Epoch 31[96/196]: loss:0.35114, lr:0.40000, batch time:0.0385, data time:0.1936
2022-04-11 22:13:11	Epoch 31[160/196]: loss:0.35194, lr:0.40000, batch time:0.0750, data time:0.1947
2022-04-11 22:13:12	Epoch 31[224/196]: loss:0.34698, lr:0.40000, batch time:0.0288, data time:0.0458
2022-04-11 22:13:12	Epoch 31 training ends, total 1.71s
2022-04-11 22:13:12	Epoch 31 testing start
2022-04-11 22:13:12	Valid Loss: 0.0019270
2022-04-11 22:13:17	Epoch: 31	Catergory: leather	Pixel-AUC: 0.991052	Image-AUC: 0.997962
2022-04-11 22:13:17	Epoch 31 testing end, total 5.70s
/opt/conda/envs/python35-paddle120-env/lib/python3.7/site-packages/paddle/nn/layer/norm.py:653: UserWarning: When training, we now always track global mean and variance.
  "When training, we now always track global mean and variance.")
2022-04-11 22:13:18	Epoch 32[32/196]: loss:0.34496, lr:0.40000, batch time:0.0976, data time:0.2232
2022-04-11 22:13:18	Epoch 32[96/196]: loss:0.34702, lr:0.40000, batch time:0.0335, data time:0.1913
2022-04-11 22:13:19	Epoch 32[160/196]: loss:0.34213, lr:0.40000, batch time:0.0342, data time:0.1962
2022-04-11 22:13:19	Epoch 32[224/196]: loss:0.33186, lr:0.40000, batch time:0.0196, data time:0.0358
2022-04-11 22:13:19	Epoch 32 training ends, total 1.73s
2022-04-11 22:13:19	Epoch 32 testing start
2022-04-11 22:13:19	Valid Loss: 0.0018249
2022-04-11 22:13:25	Epoch: 32	Catergory: leather	Pixel-AUC: 0.992141	Image-AUC: 0.998641
2022-04-11 22:13:25	Epoch 32 testing end, total 5.67s
/opt/conda/envs/python35-paddle120-env/lib/python3.7/site-packages/paddle/nn/layer/norm.py:653: UserWarning: When training, we now always track global mean and variance.
  "When training, we now always track global mean and variance.")
2022-04-11 22:13:25	Epoch 33[32/196]: loss:0.33909, lr:0.40000, batch time:0.0937, data time:0.2170
2022-04-11 22:13:26	Epoch 33[96/196]: loss:0.34128, lr:0.40000, batch time:0.0750, data time:0.2349
2022-04-11 22:13:26	Epoch 33[160/196]: loss:0.33843, lr:0.40000, batch time:0.0347, data time:0.1816
2022-04-11 22:13:26	Epoch 33[224/196]: loss:0.34225, lr:0.40000, batch time:0.0191, data time:0.0004
2022-04-11 22:13:26	Epoch 33 training ends, total 1.65s
2022-04-11 22:13:26	Epoch 33 testing start
2022-04-11 22:13:27	Valid Loss: 0.0017523
2022-04-11 22:13:32	Epoch: 33	Catergory: leather	Pixel-AUC: 0.992668	Image-AUC: 0.998641
2022-04-11 22:13:32	Epoch 33 testing end, total 5.66s
/opt/conda/envs/python35-paddle120-env/lib/python3.7/site-packages/paddle/nn/layer/norm.py:653: UserWarning: When training, we now always track global mean and variance.
  "When training, we now always track global mean and variance.")
2022-04-11 22:13:32	Epoch 34[32/196]: loss:0.33985, lr:0.40000, batch time:0.0772, data time:0.2281
2022-04-11 22:13:33	Epoch 34[96/196]: loss:0.33530, lr:0.40000, batch time:0.0753, data time:0.1960
2022-04-11 22:13:33	Epoch 34[160/196]: loss:0.33346, lr:0.40000, batch time:0.0872, data time:0.1784
2022-04-11 22:13:34	Epoch 34[224/196]: loss:0.35303, lr:0.40000, batch time:0.0198, data time:0.0013
2022-04-11 22:13:34	Epoch 34 training ends, total 1.65s
2022-04-11 22:13:34	Epoch 34 testing start
2022-04-11 22:13:34	Valid Loss: 0.0016957
2022-04-11 22:13:39	Epoch: 34	Catergory: leather	Pixel-AUC: 0.992610	Image-AUC: 0.998641
2022-04-11 22:13:39	Epoch 34 testing end, total 5.78s
/opt/conda/envs/python35-paddle120-env/lib/python3.7/site-packages/paddle/nn/layer/norm.py:653: UserWarning: When training, we now always track global mean and variance.
  "When training, we now always track global mean and variance.")
2022-04-11 22:13:40	Epoch 35[32/196]: loss:0.33526, lr:0.40000, batch time:0.0671, data time:0.1993
2022-04-11 22:13:40	Epoch 35[96/196]: loss:0.33483, lr:0.40000, batch time:0.0663, data time:0.1727
2022-04-11 22:13:41	Epoch 35[160/196]: loss:0.32917, lr:0.40000, batch time:0.0664, data time:0.1726
2022-04-11 22:13:41	Epoch 35[224/196]: loss:0.33684, lr:0.40000, batch time:0.0220, data time:0.0008
2022-04-11 22:13:41	Epoch 35 training ends, total 1.49s
2022-04-11 22:13:41	Epoch 35 testing start
2022-04-11 22:13:41	Valid Loss: 0.0016565
2022-04-11 22:13:47	Epoch: 35	Catergory: leather	Pixel-AUC: 0.992917	Image-AUC: 0.998981
2022-04-11 22:13:47	Epoch 35 testing end, total 5.95s
/opt/conda/envs/python35-paddle120-env/lib/python3.7/site-packages/paddle/nn/layer/norm.py:653: UserWarning: When training, we now always track global mean and variance.
  "When training, we now always track global mean and variance.")
2022-04-11 22:13:47	Epoch 36[32/196]: loss:0.33142, lr:0.40000, batch time:0.0670, data time:0.2005
2022-04-11 22:13:48	Epoch 36[96/196]: loss:0.32769, lr:0.40000, batch time:0.0664, data time:0.1719
2022-04-11 22:13:48	Epoch 36[160/196]: loss:0.32989, lr:0.40000, batch time:0.0658, data time:0.1727
2022-04-11 22:13:48	Epoch 36[224/196]: loss:0.32763, lr:0.40000, batch time:0.0190, data time:0.0353
2022-04-11 22:13:48	Epoch 36 training ends, total 1.48s
2022-04-11 22:13:48	Epoch 36 testing start
2022-04-11 22:13:49	Valid Loss: 0.0015996
2022-04-11 22:13:54	Epoch: 36	Catergory: leather	Pixel-AUC: 0.993250	Image-AUC: 0.999321
2022-04-11 22:13:54	Epoch 36 testing end, total 5.84s
/opt/conda/envs/python35-paddle120-env/lib/python3.7/site-packages/paddle/nn/layer/norm.py:653: UserWarning: When training, we now always track global mean and variance.
  "When training, we now always track global mean and variance.")
2022-04-11 22:13:54	Epoch 37[32/196]: loss:0.32365, lr:0.40000, batch time:0.0736, data time:0.1991
2022-04-11 22:13:55	Epoch 37[96/196]: loss:0.32242, lr:0.40000, batch time:0.0697, data time:0.1721
2022-04-11 22:13:55	Epoch 37[160/196]: loss:0.32859, lr:0.40000, batch time:0.0713, data time:0.1713
2022-04-11 22:13:56	Epoch 37[224/196]: loss:0.31968, lr:0.40000, batch time:0.0191, data time:0.0012
2022-04-11 22:13:56	Epoch 37 training ends, total 1.51s
2022-04-11 22:13:56	Epoch 37 testing start
2022-04-11 22:13:56	Valid Loss: 0.0015977
2022-04-11 22:14:01	Epoch: 37	Catergory: leather	Pixel-AUC: 0.993254	Image-AUC: 0.999321
2022-04-11 22:14:01	Epoch 37 testing end, total 5.65s
/opt/conda/envs/python35-paddle120-env/lib/python3.7/site-packages/paddle/nn/layer/norm.py:653: UserWarning: When training, we now always track global mean and variance.
  "When training, we now always track global mean and variance.")
2022-04-11 22:14:02	Epoch 38[32/196]: loss:0.32496, lr:0.40000, batch time:0.0661, data time:0.2007
2022-04-11 22:14:02	Epoch 38[96/196]: loss:0.32387, lr:0.40000, batch time:0.0318, data time:0.2066
2022-04-11 22:14:03	Epoch 38[160/196]: loss:0.31838, lr:0.40000, batch time:0.0661, data time:0.1728
2022-04-11 22:14:03	Epoch 38[224/196]: loss:0.31000, lr:0.40000, batch time:0.0196, data time:0.0358
2022-04-11 22:14:03	Epoch 38 training ends, total 1.48s
2022-04-11 22:14:03	Epoch 38 testing start
2022-04-11 22:14:03	Valid Loss: 0.0014848
2022-04-11 22:14:08	Epoch: 38	Catergory: leather	Pixel-AUC: 0.993313	Image-AUC: 0.999321
2022-04-11 22:14:08	Epoch 38 testing end, total 5.53s
/opt/conda/envs/python35-paddle120-env/lib/python3.7/site-packages/paddle/nn/layer/norm.py:653: UserWarning: When training, we now always track global mean and variance.
  "When training, we now always track global mean and variance.")
2022-04-11 22:14:09	Epoch 39[32/196]: loss:0.31869, lr:0.40000, batch time:0.0660, data time:0.1997
2022-04-11 22:14:09	Epoch 39[96/196]: loss:0.31498, lr:0.40000, batch time:0.0751, data time:0.2071
2022-04-11 22:14:10	Epoch 39[160/196]: loss:0.31371, lr:0.40000, batch time:0.0335, data time:0.2121
2022-04-11 22:14:10	Epoch 39[224/196]: loss:0.31562, lr:0.40000, batch time:0.0192, data time:0.0004
2022-04-11 22:14:10	Epoch 39 training ends, total 1.58s
2022-04-11 22:14:10	Epoch 39 testing start
2022-04-11 22:14:10	Valid Loss: 0.0013339
2022-04-11 22:14:16	Epoch: 39	Catergory: leather	Pixel-AUC: 0.993539	Image-AUC: 0.999321
2022-04-11 22:14:16	Epoch 39 testing end, total 5.85s
/opt/conda/envs/python35-paddle120-env/lib/python3.7/site-packages/paddle/nn/layer/norm.py:653: UserWarning: When training, we now always track global mean and variance.
  "When training, we now always track global mean and variance.")
2022-04-11 22:14:16	Epoch 40[32/196]: loss:0.31544, lr:0.40000, batch time:0.0688, data time:0.2033
2022-04-11 22:14:17	Epoch 40[96/196]: loss:0.31044, lr:0.40000, batch time:0.0683, data time:0.1718
2022-04-11 22:14:17	Epoch 40[160/196]: loss:0.31091, lr:0.40000, batch time:0.0338, data time:0.2374
2022-04-11 22:14:17	Epoch 40[224/196]: loss:0.30664, lr:0.40000, batch time:0.0189, data time:0.0216
2022-04-11 22:14:17	Epoch 40 training ends, total 1.57s
2022-04-11 22:14:17	Epoch 40 testing start
2022-04-11 22:14:18	Valid Loss: 0.0012980
2022-04-11 22:14:23	Epoch: 40	Catergory: leather	Pixel-AUC: 0.993476	Image-AUC: 0.999321
2022-04-11 22:14:23	Epoch 40 testing end, total 5.89s
/opt/conda/envs/python35-paddle120-env/lib/python3.7/site-packages/paddle/nn/layer/norm.py:653: UserWarning: When training, we now always track global mean and variance.
  "When training, we now always track global mean and variance.")
2022-04-11 22:14:24	Epoch 41[32/196]: loss:0.31011, lr:0.40000, batch time:0.0671, data time:0.2033
2022-04-11 22:14:24	Epoch 41[96/196]: loss:0.30610, lr:0.40000, batch time:0.0672, data time:0.1724
2022-04-11 22:14:24	Epoch 41[160/196]: loss:0.31079, lr:0.40000, batch time:0.0755, data time:0.1722
2022-04-11 22:14:25	Epoch 41[224/196]: loss:0.30821, lr:0.40000, batch time:0.0198, data time:0.0008
2022-04-11 22:14:25	Epoch 41 training ends, total 1.53s
2022-04-11 22:14:25	Epoch 41 testing start
2022-04-11 22:14:25	Valid Loss: 0.0013029
2022-04-11 22:14:31	Epoch: 41	Catergory: leather	Pixel-AUC: 0.993649	Image-AUC: 0.999321
2022-04-11 22:14:31	Epoch 41 testing end, total 5.81s
/opt/conda/envs/python35-paddle120-env/lib/python3.7/site-packages/paddle/nn/layer/norm.py:653: UserWarning: When training, we now always track global mean and variance.
  "When training, we now always track global mean and variance.")
2022-04-11 22:14:31	Epoch 42[32/196]: loss:0.30393, lr:0.40000, batch time:0.0671, data time:0.1992
2022-04-11 22:14:31	Epoch 42[96/196]: loss:0.30511, lr:0.40000, batch time:0.0672, data time:0.1724
2022-04-11 22:14:32	Epoch 42[160/196]: loss:0.30606, lr:0.40000, batch time:0.0673, data time:0.1720
2022-04-11 22:14:32	Epoch 42[224/196]: loss:0.30260, lr:0.40000, batch time:0.0195, data time:0.0012
2022-04-11 22:14:32	Epoch 42 training ends, total 1.50s
2022-04-11 22:14:32	Epoch 42 testing start
2022-04-11 22:14:32	Valid Loss: 0.0012240
2022-04-11 22:14:38	Epoch: 42	Catergory: leather	Pixel-AUC: 0.993675	Image-AUC: 0.999321
2022-04-11 22:14:38	Epoch 42 testing end, total 6.01s
/opt/conda/envs/python35-paddle120-env/lib/python3.7/site-packages/paddle/nn/layer/norm.py:653: UserWarning: When training, we now always track global mean and variance.
  "When training, we now always track global mean and variance.")
2022-04-11 22:14:38	Epoch 43[32/196]: loss:0.30522, lr:0.40000, batch time:0.0751, data time:0.2015
2022-04-11 22:14:39	Epoch 43[96/196]: loss:0.30150, lr:0.40000, batch time:0.0710, data time:0.1727
2022-04-11 22:14:39	Epoch 43[160/196]: loss:0.29585, lr:0.40000, batch time:0.0697, data time:0.1754
2022-04-11 22:14:40	Epoch 43[224/196]: loss:0.29500, lr:0.40000, batch time:0.0196, data time:0.0010
2022-04-11 22:14:40	Epoch 43 training ends, total 1.54s
2022-04-11 22:14:40	Epoch 43 testing start
2022-04-11 22:14:40	Valid Loss: 0.0011954
2022-04-11 22:14:46	Epoch: 43	Catergory: leather	Pixel-AUC: 0.993735	Image-AUC: 0.999321
2022-04-11 22:14:46	Epoch 43 testing end, total 5.92s
/opt/conda/envs/python35-paddle120-env/lib/python3.7/site-packages/paddle/nn/layer/norm.py:653: UserWarning: When training, we now always track global mean and variance.
  "When training, we now always track global mean and variance.")
2022-04-11 22:14:46	Epoch 44[32/196]: loss:0.30005, lr:0.40000, batch time:0.0677, data time:0.2020
2022-04-11 22:14:46	Epoch 44[96/196]: loss:0.30335, lr:0.40000, batch time:0.0676, data time:0.1755
2022-04-11 22:14:47	Epoch 44[160/196]: loss:0.29768, lr:0.40000, batch time:0.0672, data time:0.1711
2022-04-11 22:14:47	Epoch 44[224/196]: loss:0.30132, lr:0.40000, batch time:0.0205, data time:0.0006
2022-04-11 22:14:47	Epoch 44 training ends, total 1.50s
2022-04-11 22:14:47	Epoch 44 testing start
2022-04-11 22:14:47	Valid Loss: 0.0011491
2022-04-11 22:14:53	Epoch: 44	Catergory: leather	Pixel-AUC: 0.993816	Image-AUC: 0.999321
2022-04-11 22:14:53	Epoch 44 testing end, total 5.90s
/opt/conda/envs/python35-paddle120-env/lib/python3.7/site-packages/paddle/nn/layer/norm.py:653: UserWarning: When training, we now always track global mean and variance.
  "When training, we now always track global mean and variance.")
2022-04-11 22:14:53	Epoch 45[32/196]: loss:0.29687, lr:0.40000, batch time:0.0669, data time:0.1999
2022-04-11 22:14:54	Epoch 45[96/196]: loss:0.29407, lr:0.40000, batch time:0.0676, data time:0.1735
2022-04-11 22:14:54	Epoch 45[160/196]: loss:0.29660, lr:0.40000, batch time:0.0664, data time:0.2070
2022-04-11 22:14:54	Epoch 45[224/196]: loss:0.31343, lr:0.40000, batch time:0.0201, data time:0.0008
2022-04-11 22:14:54	Epoch 45 training ends, total 1.49s
2022-04-11 22:14:54	Epoch 45 testing start
2022-04-11 22:14:55	Valid Loss: 0.0011222
2022-04-11 22:15:00	Epoch: 45	Catergory: leather	Pixel-AUC: 0.993905	Image-AUC: 0.999321
2022-04-11 22:15:00	Epoch 45 testing end, total 5.88s
/opt/conda/envs/python35-paddle120-env/lib/python3.7/site-packages/paddle/nn/layer/norm.py:653: UserWarning: When training, we now always track global mean and variance.
  "When training, we now always track global mean and variance.")
2022-04-11 22:15:01	Epoch 46[32/196]: loss:0.29100, lr:0.40000, batch time:0.0317, data time:0.2058
2022-04-11 22:15:01	Epoch 46[96/196]: loss:0.29309, lr:0.40000, batch time:0.0681, data time:0.2110
2022-04-11 22:15:02	Epoch 46[160/196]: loss:0.29203, lr:0.40000, batch time:0.0318, data time:0.1773
2022-04-11 22:15:02	Epoch 46[224/196]: loss:0.29030, lr:0.40000, batch time:0.0203, data time:0.0009
2022-04-11 22:15:02	Epoch 46 training ends, total 1.51s
2022-04-11 22:15:02	Epoch 46 testing start
2022-04-11 22:15:02	Valid Loss: 0.0010793
2022-04-11 22:15:08	Epoch: 46	Catergory: leather	Pixel-AUC: 0.993956	Image-AUC: 0.999321
2022-04-11 22:15:08	Epoch 46 testing end, total 5.95s
/opt/conda/envs/python35-paddle120-env/lib/python3.7/site-packages/paddle/nn/layer/norm.py:653: UserWarning: When training, we now always track global mean and variance.
  "When training, we now always track global mean and variance.")
2022-04-11 22:15:08	Epoch 47[32/196]: loss:0.29621, lr:0.40000, batch time:0.0676, data time:0.2074
2022-04-11 22:15:09	Epoch 47[96/196]: loss:0.28976, lr:0.40000, batch time:0.0695, data time:0.1769
2022-04-11 22:15:09	Epoch 47[160/196]: loss:0.28795, lr:0.40000, batch time:0.0687, data time:0.1732
2022-04-11 22:15:09	Epoch 47[224/196]: loss:0.29045, lr:0.40000, batch time:0.0208, data time:0.0005
2022-04-11 22:15:09	Epoch 47 training ends, total 1.51s
2022-04-11 22:15:09	Epoch 47 testing start
2022-04-11 22:15:10	Valid Loss: 0.0010489
2022-04-11 22:15:15	Epoch: 47	Catergory: leather	Pixel-AUC: 0.993981	Image-AUC: 0.999321
2022-04-11 22:15:15	Epoch 47 testing end, total 5.95s
/opt/conda/envs/python35-paddle120-env/lib/python3.7/site-packages/paddle/nn/layer/norm.py:653: UserWarning: When training, we now always track global mean and variance.
  "When training, we now always track global mean and variance.")
2022-04-11 22:15:16	Epoch 48[32/196]: loss:0.28800, lr:0.40000, batch time:0.0669, data time:0.2022
2022-04-11 22:15:16	Epoch 48[96/196]: loss:0.28622, lr:0.40000, batch time:0.0674, data time:0.1753
2022-04-11 22:15:16	Epoch 48[160/196]: loss:0.28748, lr:0.40000, batch time:0.0672, data time:0.1749
2022-04-11 22:15:17	Epoch 48[224/196]: loss:0.29861, lr:0.40000, batch time:0.0206, data time:0.0008
2022-04-11 22:15:17	Epoch 48 training ends, total 1.50s
2022-04-11 22:15:17	Epoch 48 testing start
2022-04-11 22:15:17	Valid Loss: 0.0010471
2022-04-11 22:15:23	Epoch: 48	Catergory: leather	Pixel-AUC: 0.993936	Image-AUC: 0.999321
2022-04-11 22:15:23	Epoch 48 testing end, total 5.98s
/opt/conda/envs/python35-paddle120-env/lib/python3.7/site-packages/paddle/nn/layer/norm.py:653: UserWarning: When training, we now always track global mean and variance.
  "When training, we now always track global mean and variance.")
2022-04-11 22:15:23	Epoch 49[32/196]: loss:0.29014, lr:0.40000, batch time:0.0752, data time:0.2160
2022-04-11 22:15:24	Epoch 49[96/196]: loss:0.28332, lr:0.40000, batch time:0.0717, data time:0.1714
2022-04-11 22:15:24	Epoch 49[160/196]: loss:0.28860, lr:0.40000, batch time:0.0716, data time:0.1770
2022-04-11 22:15:24	Epoch 49[224/196]: loss:0.28312, lr:0.40000, batch time:0.0206, data time:0.0007
2022-04-11 22:15:24	Epoch 49 training ends, total 1.54s
2022-04-11 22:15:24	Epoch 49 testing start
2022-04-11 22:15:25	Valid Loss: 0.0010085
2022-04-11 22:15:30	Epoch: 49	Catergory: leather	Pixel-AUC: 0.994033	Image-AUC: 0.999321
2022-04-11 22:15:30	Epoch 49 testing end, total 5.93s
/opt/conda/envs/python35-paddle120-env/lib/python3.7/site-packages/paddle/nn/layer/norm.py:653: UserWarning: When training, we now always track global mean and variance.
  "When training, we now always track global mean and variance.")
2022-04-11 22:15:30	Epoch 50[32/196]: loss:0.28290, lr:0.40000, batch time:0.0672, data time:0.2023
2022-04-11 22:15:31	Epoch 50[96/196]: loss:0.27908, lr:0.40000, batch time:0.0323, data time:0.1723
2022-04-11 22:15:31	Epoch 50[160/196]: loss:0.28239, lr:0.40000, batch time:0.0692, data time:0.1766
2022-04-11 22:15:32	Epoch 50[224/196]: loss:0.28781, lr:0.40000, batch time:0.0195, data time:0.0009
2022-04-11 22:15:32	Epoch 50 training ends, total 1.50s
2022-04-11 22:15:32	Epoch 50 testing start
2022-04-11 22:15:32	Valid Loss: 0.0010352
2022-04-11 22:15:37	Epoch: 50	Catergory: leather	Pixel-AUC: 0.994090	Image-AUC: 0.999321
2022-04-11 22:15:37	Epoch 50 testing end, total 5.72s
/opt/conda/envs/python35-paddle120-env/lib/python3.7/site-packages/paddle/nn/layer/norm.py:653: UserWarning: When training, we now always track global mean and variance.
  "When training, we now always track global mean and variance.")
2022-04-11 22:15:38	Epoch 51[32/196]: loss:0.28220, lr:0.40000, batch time:0.0672, data time:0.2005
2022-04-11 22:15:38	Epoch 51[96/196]: loss:0.27920, lr:0.40000, batch time:0.0669, data time:0.1770
2022-04-11 22:15:39	Epoch 51[160/196]: loss:0.28569, lr:0.40000, batch time:0.0671, data time:0.1734
2022-04-11 22:15:39	Epoch 51[224/196]: loss:0.27675, lr:0.40000, batch time:0.0198, data time:0.0009
2022-04-11 22:15:39	Epoch 51 training ends, total 1.50s
2022-04-11 22:15:39	Epoch 51 testing start
2022-04-11 22:15:39	Valid Loss: 0.0010260
2022-04-11 22:15:45	Epoch: 51	Catergory: leather	Pixel-AUC: 0.994039	Image-AUC: 0.999321
2022-04-11 22:15:45	Epoch 51 testing end, total 5.64s
/opt/conda/envs/python35-paddle120-env/lib/python3.7/site-packages/paddle/nn/layer/norm.py:653: UserWarning: When training, we now always track global mean and variance.
  "When training, we now always track global mean and variance.")
2022-04-11 22:15:45	Epoch 52[32/196]: loss:0.28164, lr:0.40000, batch time:0.0666, data time:0.1997
2022-04-11 22:15:45	Epoch 52[96/196]: loss:0.28460, lr:0.40000, batch time:0.0671, data time:0.1741
2022-04-11 22:15:46	Epoch 52[160/196]: loss:0.27696, lr:0.40000, batch time:0.0313, data time:0.1735
2022-04-11 22:15:46	Epoch 52[224/196]: loss:0.28066, lr:0.40000, batch time:0.0214, data time:0.0010
2022-04-11 22:15:46	Epoch 52 training ends, total 1.49s
2022-04-11 22:15:46	Epoch 52 testing start
2022-04-11 22:15:46	Valid Loss: 0.0009309
2022-04-11 22:15:52	Epoch: 52	Catergory: leather	Pixel-AUC: 0.994126	Image-AUC: 0.999321
2022-04-11 22:15:52	Epoch 52 testing end, total 5.85s
/opt/conda/envs/python35-paddle120-env/lib/python3.7/site-packages/paddle/nn/layer/norm.py:653: UserWarning: When training, we now always track global mean and variance.
  "When training, we now always track global mean and variance.")
2022-04-11 22:15:52	Epoch 53[32/196]: loss:0.27677, lr:0.40000, batch time:0.0688, data time:0.2017
2022-04-11 22:15:53	Epoch 53[96/196]: loss:0.27833, lr:0.40000, batch time:0.0676, data time:0.1705
2022-04-11 22:15:53	Epoch 53[160/196]: loss:0.27518, lr:0.40000, batch time:0.0668, data time:0.1747
2022-04-11 22:15:53	Epoch 53[224/196]: loss:0.28231, lr:0.40000, batch time:0.0199, data time:0.0007
2022-04-11 22:15:53	Epoch 53 training ends, total 1.49s
2022-04-11 22:15:53	Epoch 53 testing start
2022-04-11 22:15:54	Valid Loss: 0.0008896
2022-04-11 22:15:59	Epoch: 53	Catergory: leather	Pixel-AUC: 0.994178	Image-AUC: 0.999321
2022-04-11 22:15:59	Epoch 53 testing end, total 5.77s
/opt/conda/envs/python35-paddle120-env/lib/python3.7/site-packages/paddle/nn/layer/norm.py:653: UserWarning: When training, we now always track global mean and variance.
  "When training, we now always track global mean and variance.")
2022-04-11 22:15:59	Epoch 54[32/196]: loss:0.27606, lr:0.40000, batch time:0.0697, data time:0.2078
2022-04-11 22:16:00	Epoch 54[96/196]: loss:0.27184, lr:0.40000, batch time:0.0772, data time:0.2098
2022-04-11 22:16:00	Epoch 54[160/196]: loss:0.27654, lr:0.40000, batch time:0.0665, data time:0.1755
2022-04-11 22:16:01	Epoch 54[224/196]: loss:0.27128, lr:0.40000, batch time:0.0197, data time:0.0008
2022-04-11 22:16:01	Epoch 54 training ends, total 1.51s
2022-04-11 22:16:01	Epoch 54 testing start
2022-04-11 22:16:01	Valid Loss: 0.0008952
2022-04-11 22:16:06	Epoch: 54	Catergory: leather	Pixel-AUC: 0.994089	Image-AUC: 0.999321
2022-04-11 22:16:06	Epoch 54 testing end, total 5.57s
/opt/conda/envs/python35-paddle120-env/lib/python3.7/site-packages/paddle/nn/layer/norm.py:653: UserWarning: When training, we now always track global mean and variance.
  "When training, we now always track global mean and variance.")
2022-04-11 22:16:07	Epoch 55[32/196]: loss:0.27446, lr:0.40000, batch time:0.0850, data time:0.2809
2022-04-11 22:16:07	Epoch 55[96/196]: loss:0.27120, lr:0.40000, batch time:0.0666, data time:0.2087
2022-04-11 22:16:08	Epoch 55[160/196]: loss:0.26804, lr:0.40000, batch time:0.0689, data time:0.1730
2022-04-11 22:16:08	Epoch 55[224/196]: loss:0.26866, lr:0.40000, batch time:0.0203, data time:0.0004
2022-04-11 22:16:08	Epoch 55 training ends, total 1.59s
2022-04-11 22:16:08	Epoch 55 testing start
2022-04-11 22:16:08	Valid Loss: 0.0008602
2022-04-11 22:16:14	Epoch: 55	Catergory: leather	Pixel-AUC: 0.994100	Image-AUC: 0.999321
2022-04-11 22:16:14	Epoch 55 testing end, total 5.79s
/opt/conda/envs/python35-paddle120-env/lib/python3.7/site-packages/paddle/nn/layer/norm.py:653: UserWarning: When training, we now always track global mean and variance.
  "When training, we now always track global mean and variance.")
2022-04-11 22:16:14	Epoch 56[32/196]: loss:0.26778, lr:0.40000, batch time:0.0891, data time:0.2039
2022-04-11 22:16:14	Epoch 56[96/196]: loss:0.26935, lr:0.40000, batch time:0.0313, data time:0.1734
2022-04-11 22:16:15	Epoch 56[160/196]: loss:0.27223, lr:0.40000, batch time:0.0670, data time:0.1736
2022-04-11 22:16:15	Epoch 56[224/196]: loss:0.26665, lr:0.40000, batch time:0.0211, data time:0.0009
2022-04-11 22:16:15	Epoch 56 training ends, total 1.52s
2022-04-11 22:16:15	Epoch 56 testing start
2022-04-11 22:16:15	Valid Loss: 0.0008975
2022-04-11 22:16:21	Epoch: 56	Catergory: leather	Pixel-AUC: 0.994132	Image-AUC: 0.999321
2022-04-11 22:16:21	Epoch 56 testing end, total 5.52s
/opt/conda/envs/python35-paddle120-env/lib/python3.7/site-packages/paddle/nn/layer/norm.py:653: UserWarning: When training, we now always track global mean and variance.
  "When training, we now always track global mean and variance.")
2022-04-11 22:16:21	Epoch 57[32/196]: loss:0.27206, lr:0.40000, batch time:0.0888, data time:0.2041
2022-04-11 22:16:22	Epoch 57[96/196]: loss:0.27255, lr:0.40000, batch time:0.0878, data time:0.1773
2022-04-11 22:16:22	Epoch 57[160/196]: loss:0.26641, lr:0.40000, batch time:0.0666, data time:0.1711
2022-04-11 22:16:22	Epoch 57[224/196]: loss:0.28535, lr:0.40000, batch time:0.0200, data time:0.0007
2022-04-11 22:16:22	Epoch 57 training ends, total 1.57s
2022-04-11 22:16:22	Epoch 57 testing start
2022-04-11 22:16:23	Valid Loss: 0.0008399
2022-04-11 22:16:28	Epoch: 57	Catergory: leather	Pixel-AUC: 0.994238	Image-AUC: 0.999321
2022-04-11 22:16:28	Epoch 57 testing end, total 5.66s
/opt/conda/envs/python35-paddle120-env/lib/python3.7/site-packages/paddle/nn/layer/norm.py:653: UserWarning: When training, we now always track global mean and variance.
  "When training, we now always track global mean and variance.")
2022-04-11 22:16:28	Epoch 58[32/196]: loss:0.26851, lr:0.40000, batch time:0.0896, data time:0.2063
2022-04-11 22:16:29	Epoch 58[96/196]: loss:0.26674, lr:0.40000, batch time:0.0885, data time:0.1789
2022-04-11 22:16:29	Epoch 58[160/196]: loss:0.26372, lr:0.40000, batch time:0.0669, data time:0.1799
2022-04-11 22:16:30	Epoch 58[224/196]: loss:0.26581, lr:0.40000, batch time:0.0193, data time:0.0005
2022-04-11 22:16:30	Epoch 58 training ends, total 1.61s
2022-04-11 22:16:30	Epoch 58 testing start
2022-04-11 22:16:30	Valid Loss: 0.0008176
2022-04-11 22:16:35	Epoch: 58	Catergory: leather	Pixel-AUC: 0.994191	Image-AUC: 0.999321
2022-04-11 22:16:35	Epoch 58 testing end, total 5.65s
/opt/conda/envs/python35-paddle120-env/lib/python3.7/site-packages/paddle/nn/layer/norm.py:653: UserWarning: When training, we now always track global mean and variance.
  "When training, we now always track global mean and variance.")
2022-04-11 22:16:36	Epoch 59[32/196]: loss:0.26534, lr:0.40000, batch time:0.0885, data time:0.2854
2022-04-11 22:16:36	Epoch 59[96/196]: loss:0.26399, lr:0.40000, batch time:0.0885, data time:0.1780
2022-04-11 22:16:37	Epoch 59[160/196]: loss:0.26282, lr:0.40000, batch time:0.0671, data time:0.2237
2022-04-11 22:16:37	Epoch 59[224/196]: loss:0.26234, lr:0.40000, batch time:0.0201, data time:0.0007
2022-04-11 22:16:37	Epoch 59 training ends, total 1.71s
2022-04-11 22:16:37	Epoch 59 testing start
2022-04-11 22:16:37	Valid Loss: 0.0008547
2022-04-11 22:16:42	Epoch: 59	Catergory: leather	Pixel-AUC: 0.994256	Image-AUC: 0.999321
2022-04-11 22:16:42	Epoch 59 testing end, total 5.43s
/opt/conda/envs/python35-paddle120-env/lib/python3.7/site-packages/paddle/nn/layer/norm.py:653: UserWarning: When training, we now always track global mean and variance.
  "When training, we now always track global mean and variance.")
2022-04-11 22:16:43	Epoch 60[32/196]: loss:0.26506, lr:0.40000, batch time:0.0885, data time:0.2082
2022-04-11 22:16:43	Epoch 60[96/196]: loss:0.26457, lr:0.40000, batch time:0.0873, data time:0.1770
2022-04-11 22:16:44	Epoch 60[160/196]: loss:0.26370, lr:0.40000, batch time:0.0869, data time:0.1792
2022-04-11 22:16:44	Epoch 60[224/196]: loss:0.25848, lr:0.40000, batch time:0.0214, data time:0.0008
2022-04-11 22:16:44	Epoch 60 training ends, total 1.63s
2022-04-11 22:16:44	Epoch 60 testing start
2022-04-11 22:16:44	Valid Loss: 0.0007795
2022-04-11 22:16:49	Epoch: 60	Catergory: leather	Pixel-AUC: 0.994234	Image-AUC: 0.999321
2022-04-11 22:16:49	Epoch 60 testing end, total 5.56s
/opt/conda/envs/python35-paddle120-env/lib/python3.7/site-packages/paddle/nn/layer/norm.py:653: UserWarning: When training, we now always track global mean and variance.
  "When training, we now always track global mean and variance.")
2022-04-11 22:16:50	Epoch 61[32/196]: loss:0.25805, lr:0.40000, batch time:0.0953, data time:0.2051
2022-04-11 22:16:50	Epoch 61[96/196]: loss:0.26402, lr:0.40000, batch time:0.0890, data time:0.1782
2022-04-11 22:16:51	Epoch 61[160/196]: loss:0.25986, lr:0.40000, batch time:0.0882, data time:0.1787
2022-04-11 22:16:51	Epoch 61[224/196]: loss:0.25597, lr:0.40000, batch time:0.0208, data time:0.0004
2022-04-11 22:16:51	Epoch 61 training ends, total 1.66s
2022-04-11 22:16:51	Epoch 61 testing start
2022-04-11 22:16:51	Valid Loss: 0.0007472
2022-04-11 22:16:57	Epoch: 61	Catergory: leather	Pixel-AUC: 0.994130	Image-AUC: 0.999321
2022-04-11 22:16:57	Epoch 61 testing end, total 5.59s
/opt/conda/envs/python35-paddle120-env/lib/python3.7/site-packages/paddle/nn/layer/norm.py:653: UserWarning: When training, we now always track global mean and variance.
  "When training, we now always track global mean and variance.")
2022-04-11 22:16:57	Epoch 62[32/196]: loss:0.26007, lr:0.40000, batch time:0.0671, data time:0.2083
2022-04-11 22:16:58	Epoch 62[96/196]: loss:0.25374, lr:0.40000, batch time:0.0403, data time:0.1781
2022-04-11 22:16:58	Epoch 62[160/196]: loss:0.25596, lr:0.40000, batch time:0.0402, data time:0.2281
2022-04-11 22:16:58	Epoch 62[224/196]: loss:0.26434, lr:0.40000, batch time:0.0190, data time:0.0495
2022-04-11 22:16:58	Epoch 62 training ends, total 1.63s
2022-04-11 22:16:58	Epoch 62 testing start
2022-04-11 22:16:59	Valid Loss: 0.0007844
2022-04-11 22:17:04	Epoch: 62	Catergory: leather	Pixel-AUC: 0.994212	Image-AUC: 0.999321
2022-04-11 22:17:04	Epoch 62 testing end, total 5.51s
/opt/conda/envs/python35-paddle120-env/lib/python3.7/site-packages/paddle/nn/layer/norm.py:653: UserWarning: When training, we now always track global mean and variance.
  "When training, we now always track global mean and variance.")
2022-04-11 22:17:04	Epoch 63[32/196]: loss:0.25576, lr:0.40000, batch time:0.0757, data time:0.2092
2022-04-11 22:17:05	Epoch 63[96/196]: loss:0.25618, lr:0.40000, batch time:0.0378, data time:0.1720
2022-04-11 22:17:05	Epoch 63[160/196]: loss:0.25235, lr:0.40000, batch time:0.0880, data time:0.1821
2022-04-11 22:17:06	Epoch 63[224/196]: loss:0.24576, lr:0.40000, batch time:0.0196, data time:0.0007
2022-04-11 22:17:06	Epoch 63 training ends, total 1.64s
2022-04-11 22:17:06	Epoch 63 testing start
2022-04-11 22:17:06	Valid Loss: 0.0007119
2022-04-11 22:17:11	Epoch: 63	Catergory: leather	Pixel-AUC: 0.994246	Image-AUC: 0.999321
2022-04-11 22:17:11	Epoch 63 testing end, total 5.63s
/opt/conda/envs/python35-paddle120-env/lib/python3.7/site-packages/paddle/nn/layer/norm.py:653: UserWarning: When training, we now always track global mean and variance.
  "When training, we now always track global mean and variance.")
2022-04-11 22:17:11	Epoch 64[32/196]: loss:0.25686, lr:0.40000, batch time:0.0756, data time:0.2172
2022-04-11 22:17:12	Epoch 64[96/196]: loss:0.25573, lr:0.40000, batch time:0.0316, data time:0.2239
2022-04-11 22:17:12	Epoch 64[160/196]: loss:0.25149, lr:0.40000, batch time:0.0889, data time:0.2152
2022-04-11 22:17:13	Epoch 64[224/196]: loss:0.24580, lr:0.40000, batch time:0.0262, data time:0.0006
2022-04-11 22:17:13	Epoch 64 training ends, total 1.62s
2022-04-11 22:17:13	Epoch 64 testing start
2022-04-11 22:17:13	Valid Loss: 0.0006949
2022-04-11 22:17:18	Epoch: 64	Catergory: leather	Pixel-AUC: 0.994243	Image-AUC: 0.999321
2022-04-11 22:17:18	Epoch 64 testing end, total 5.67s
/opt/conda/envs/python35-paddle120-env/lib/python3.7/site-packages/paddle/nn/layer/norm.py:653: UserWarning: When training, we now always track global mean and variance.
  "When training, we now always track global mean and variance.")
2022-04-11 22:17:19	Epoch 65[32/196]: loss:0.25322, lr:0.40000, batch time:0.0741, data time:0.2266
2022-04-11 22:17:19	Epoch 65[96/196]: loss:0.25182, lr:0.40000, batch time:0.0343, data time:0.2213
2022-04-11 22:17:20	Epoch 65[160/196]: loss:0.25573, lr:0.40000, batch time:0.0759, data time:0.1731
2022-04-11 22:17:20	Epoch 65[224/196]: loss:0.24390, lr:0.40000, batch time:0.0193, data time:0.0004
2022-04-11 22:17:20	Epoch 65 training ends, total 1.62s
2022-04-11 22:17:20	Epoch 65 testing start
2022-04-11 22:17:20	Valid Loss: 0.0006948
2022-04-11 22:17:26	Epoch: 65	Catergory: leather	Pixel-AUC: 0.994268	Image-AUC: 0.999321
2022-04-11 22:17:26	Epoch 65 testing end, total 5.63s
/opt/conda/envs/python35-paddle120-env/lib/python3.7/site-packages/paddle/nn/layer/norm.py:653: UserWarning: When training, we now always track global mean and variance.
  "When training, we now always track global mean and variance.")
2022-04-11 22:17:26	Epoch 66[32/196]: loss:0.25500, lr:0.40000, batch time:0.1293, data time:0.2169
2022-04-11 22:17:27	Epoch 66[96/196]: loss:0.24773, lr:0.40000, batch time:0.0549, data time:0.1829
2022-04-11 22:17:27	Epoch 66[160/196]: loss:0.25143, lr:0.40000, batch time:0.0776, data time:0.1806
2022-04-11 22:17:27	Epoch 66[224/196]: loss:0.24970, lr:0.40000, batch time:0.0193, data time:0.0005
2022-04-11 22:17:27	Epoch 66 training ends, total 1.69s
2022-04-11 22:17:27	Epoch 66 testing start
2022-04-11 22:17:28	Valid Loss: 0.0006948
2022-04-11 22:17:33	Epoch: 66	Catergory: leather	Pixel-AUC: 0.994180	Image-AUC: 0.999321
2022-04-11 22:17:33	Epoch 66 testing end, total 5.58s
/opt/conda/envs/python35-paddle120-env/lib/python3.7/site-packages/paddle/nn/layer/norm.py:653: UserWarning: When training, we now always track global mean and variance.
  "When training, we now always track global mean and variance.")
2022-04-11 22:17:33	Epoch 67[32/196]: loss:0.24905, lr:0.40000, batch time:0.1061, data time:0.2139
2022-04-11 22:17:34	Epoch 67[96/196]: loss:0.24694, lr:0.40000, batch time:0.0935, data time:0.1909
2022-04-11 22:17:34	Epoch 67[160/196]: loss:0.24756, lr:0.40000, batch time:0.0748, data time:0.1902
2022-04-11 22:17:35	Epoch 67[224/196]: loss:0.25429, lr:0.40000, batch time:0.0193, data time:0.0007
2022-04-11 22:17:35	Epoch 67 training ends, total 1.72s
2022-04-11 22:17:35	Epoch 67 testing start
2022-04-11 22:17:35	Valid Loss: 0.0006563
2022-04-11 22:17:40	Epoch: 67	Catergory: leather	Pixel-AUC: 0.994330	Image-AUC: 0.999321
2022-04-11 22:17:40	Epoch 67 testing end, total 5.65s
/opt/conda/envs/python35-paddle120-env/lib/python3.7/site-packages/paddle/nn/layer/norm.py:653: UserWarning: When training, we now always track global mean and variance.
  "When training, we now always track global mean and variance.")
2022-04-11 22:17:41	Epoch 68[32/196]: loss:0.24728, lr:0.40000, batch time:0.0744, data time:0.2246
2022-04-11 22:17:41	Epoch 68[96/196]: loss:0.24515, lr:0.40000, batch time:0.0334, data time:0.2467
2022-04-11 22:17:42	Epoch 68[160/196]: loss:0.24374, lr:0.40000, batch time:0.0537, data time:0.2360
2022-04-11 22:17:42	Epoch 68[224/196]: loss:0.24300, lr:0.40000, batch time:0.0284, data time:0.0011
2022-04-11 22:17:42	Epoch 68 training ends, total 1.71s
2022-04-11 22:17:42	Epoch 68 testing start
2022-04-11 22:17:42	Valid Loss: 0.0006900
2022-04-11 22:17:48	Epoch: 68	Catergory: leather	Pixel-AUC: 0.994246	Image-AUC: 0.999321
2022-04-11 22:17:48	Epoch 68 testing end, total 5.55s
/opt/conda/envs/python35-paddle120-env/lib/python3.7/site-packages/paddle/nn/layer/norm.py:653: UserWarning: When training, we now always track global mean and variance.
  "When training, we now always track global mean and variance.")
2022-04-11 22:17:48	Epoch 69[32/196]: loss:0.25118, lr:0.40000, batch time:0.0742, data time:0.2231
2022-04-11 22:17:48	Epoch 69[96/196]: loss:0.24350, lr:0.40000, batch time:0.0323, data time:0.2392
2022-04-11 22:17:49	Epoch 69[160/196]: loss:0.24853, lr:0.40000, batch time:0.0740, data time:0.1991
2022-04-11 22:17:49	Epoch 69[224/196]: loss:0.23876, lr:0.40000, batch time:0.0222, data time:0.0004
2022-04-11 22:17:49	Epoch 69 training ends, total 1.73s
2022-04-11 22:17:49	Epoch 69 testing start
2022-04-11 22:17:50	Valid Loss: 0.0006206
2022-04-11 22:17:55	Epoch: 69	Catergory: leather	Pixel-AUC: 0.994294	Image-AUC: 0.999321
2022-04-11 22:17:55	Epoch 69 testing end, total 5.67s
/opt/conda/envs/python35-paddle120-env/lib/python3.7/site-packages/paddle/nn/layer/norm.py:653: UserWarning: When training, we now always track global mean and variance.
  "When training, we now always track global mean and variance.")
2022-04-11 22:17:55	Epoch 70[32/196]: loss:0.24517, lr:0.40000, batch time:0.0329, data time:0.2232
2022-04-11 22:17:56	Epoch 70[96/196]: loss:0.24082, lr:0.40000, batch time:0.0826, data time:0.2377
2022-04-11 22:17:56	Epoch 70[160/196]: loss:0.24335, lr:0.40000, batch time:0.0782, data time:0.1945
2022-04-11 22:17:57	Epoch 70[224/196]: loss:0.24036, lr:0.40000, batch time:0.0256, data time:0.0005
2022-04-11 22:17:57	Epoch 70 training ends, total 1.68s
2022-04-11 22:17:57	Epoch 70 testing start
2022-04-11 22:17:57	Valid Loss: 0.0006181
2022-04-11 22:18:02	Epoch: 70	Catergory: leather	Pixel-AUC: 0.994324	Image-AUC: 0.999321
2022-04-11 22:18:02	Epoch 70 testing end, total 5.75s
/opt/conda/envs/python35-paddle120-env/lib/python3.7/site-packages/paddle/nn/layer/norm.py:653: UserWarning: When training, we now always track global mean and variance.
  "When training, we now always track global mean and variance.")
2022-04-11 22:18:03	Epoch 71[32/196]: loss:0.24267, lr:0.40000, batch time:0.0905, data time:0.2240
2022-04-11 22:18:03	Epoch 71[96/196]: loss:0.24309, lr:0.40000, batch time:0.0344, data time:0.2501
2022-04-11 22:18:04	Epoch 71[160/196]: loss:0.23958, lr:0.40000, batch time:0.0335, data time:0.2514
2022-04-11 22:18:04	Epoch 71[224/196]: loss:0.24487, lr:0.40000, batch time:0.0332, data time:0.0606
2022-04-11 22:18:04	Epoch 71 training ends, total 1.79s
2022-04-11 22:18:04	Epoch 71 testing start
2022-04-11 22:18:05	Valid Loss: 0.0006754
2022-04-11 22:18:10	Epoch: 71	Catergory: leather	Pixel-AUC: 0.994293	Image-AUC: 0.999321
2022-04-11 22:18:10	Epoch 71 testing end, total 5.64s
/opt/conda/envs/python35-paddle120-env/lib/python3.7/site-packages/paddle/nn/layer/norm.py:653: UserWarning: When training, we now always track global mean and variance.
  "When training, we now always track global mean and variance.")
2022-04-11 22:18:10	Epoch 72[32/196]: loss:0.24026, lr:0.40000, batch time:0.0754, data time:0.2213
2022-04-11 22:18:11	Epoch 72[96/196]: loss:0.23831, lr:0.40000, batch time:0.0524, data time:0.2355
2022-04-11 22:18:11	Epoch 72[160/196]: loss:0.24389, lr:0.40000, batch time:0.0757, data time:0.1994
2022-04-11 22:18:12	Epoch 72[224/196]: loss:0.24235, lr:0.40000, batch time:0.0193, data time:0.0418
2022-04-11 22:18:12	Epoch 72 training ends, total 1.68s
2022-04-11 22:18:12	Epoch 72 testing start
2022-04-11 22:18:12	Valid Loss: 0.0006449
2022-04-11 22:18:17	Epoch: 72	Catergory: leather	Pixel-AUC: 0.994311	Image-AUC: 0.999321
2022-04-11 22:18:17	Epoch 72 testing end, total 5.63s
/opt/conda/envs/python35-paddle120-env/lib/python3.7/site-packages/paddle/nn/layer/norm.py:653: UserWarning: When training, we now always track global mean and variance.
  "When training, we now always track global mean and variance.")
2022-04-11 22:18:17	Epoch 73[32/196]: loss:0.23899, lr:0.40000, batch time:0.0857, data time:0.2074
2022-04-11 22:18:18	Epoch 73[96/196]: loss:0.24137, lr:0.40000, batch time:0.0755, data time:0.1983
2022-04-11 22:18:19	Epoch 73[160/196]: loss:0.23686, lr:0.40000, batch time:0.0331, data time:0.1993
2022-04-11 22:18:19	Epoch 73[224/196]: loss:0.23869, lr:0.40000, batch time:0.0293, data time:0.0417
2022-04-11 22:18:19	Epoch 73 training ends, total 1.71s
2022-04-11 22:18:19	Epoch 73 testing start
2022-04-11 22:18:19	Valid Loss: 0.0006558
2022-04-11 22:18:25	Epoch: 73	Catergory: leather	Pixel-AUC: 0.994256	Image-AUC: 0.999321
2022-04-11 22:18:25	Epoch 73 testing end, total 5.83s
/opt/conda/envs/python35-paddle120-env/lib/python3.7/site-packages/paddle/nn/layer/norm.py:653: UserWarning: When training, we now always track global mean and variance.
  "When training, we now always track global mean and variance.")
2022-04-11 22:18:25	Epoch 74[32/196]: loss:0.23647, lr:0.40000, batch time:0.0788, data time:0.2043
2022-04-11 22:18:26	Epoch 74[96/196]: loss:0.23864, lr:0.40000, batch time:0.0974, data time:0.1763
2022-04-11 22:18:26	Epoch 74[160/196]: loss:0.24085, lr:0.40000, batch time:0.1052, data time:0.1886
2022-04-11 22:18:26	Epoch 74[224/196]: loss:0.23367, lr:0.40000, batch time:0.0349, data time:0.0005
2022-04-11 22:18:26	Epoch 74 training ends, total 1.79s
2022-04-11 22:18:26	Epoch 74 testing start
2022-04-11 22:18:27	Valid Loss: 0.0005729
2022-04-11 22:18:33	Epoch: 74	Catergory: leather	Pixel-AUC: 0.994236	Image-AUC: 0.999321
2022-04-11 22:18:33	Epoch 74 testing end, total 6.24s
/opt/conda/envs/python35-paddle120-env/lib/python3.7/site-packages/paddle/nn/layer/norm.py:653: UserWarning: When training, we now always track global mean and variance.
  "When training, we now always track global mean and variance.")
2022-04-11 22:18:33	Epoch 75[32/196]: loss:0.23625, lr:0.40000, batch time:0.0671, data time:0.2057
2022-04-11 22:18:34	Epoch 75[96/196]: loss:0.23729, lr:0.40000, batch time:0.1026, data time:0.1816
2022-04-11 22:18:34	Epoch 75[160/196]: loss:0.23371, lr:0.40000, batch time:0.0647, data time:0.2568
2022-04-11 22:18:34	Epoch 75[224/196]: loss:0.22950, lr:0.40000, batch time:0.0380, data time:0.0014
2022-04-11 22:18:34	Epoch 75 training ends, total 1.76s
2022-04-11 22:18:34	Epoch 75 testing start
2022-04-11 22:18:35	Valid Loss: 0.0005948
2022-04-11 22:18:40	Epoch: 75	Catergory: leather	Pixel-AUC: 0.994338	Image-AUC: 0.999321
2022-04-11 22:18:40	Epoch 75 testing end, total 5.73s
/opt/conda/envs/python35-paddle120-env/lib/python3.7/site-packages/paddle/nn/layer/norm.py:653: UserWarning: When training, we now always track global mean and variance.
  "When training, we now always track global mean and variance.")
2022-04-11 22:18:40	Epoch 76[32/196]: loss:0.23475, lr:0.40000, batch time:0.0599, data time:0.2017
2022-04-11 22:18:41	Epoch 76[96/196]: loss:0.23258, lr:0.40000, batch time:0.0368, data time:0.1741
2022-04-11 22:18:41	Epoch 76[160/196]: loss:0.23834, lr:0.40000, batch time:0.0341, data time:0.1933
2022-04-11 22:18:42	Epoch 76[224/196]: loss:0.23133, lr:0.40000, batch time:0.0239, data time:0.0520
2022-04-11 22:18:42	Epoch 76 training ends, total 1.63s
2022-04-11 22:18:42	Epoch 76 testing start
2022-04-11 22:18:42	Valid Loss: 0.0005996
2022-04-11 22:18:48	Epoch: 76	Catergory: leather	Pixel-AUC: 0.994226	Image-AUC: 0.999321
2022-04-11 22:18:48	Epoch 76 testing end, total 5.75s
/opt/conda/envs/python35-paddle120-env/lib/python3.7/site-packages/paddle/nn/layer/norm.py:653: UserWarning: When training, we now always track global mean and variance.
  "When training, we now always track global mean and variance.")
2022-04-11 22:18:48	Epoch 77[32/196]: loss:0.23321, lr:0.40000, batch time:0.0665, data time:0.2033
2022-04-11 22:18:48	Epoch 77[96/196]: loss:0.23426, lr:0.40000, batch time:0.0742, data time:0.1742
2022-04-11 22:18:49	Epoch 77[160/196]: loss:0.23347, lr:0.40000, batch time:0.1251, data time:0.1923
2022-04-11 22:18:49	Epoch 77[224/196]: loss:0.23091, lr:0.40000, batch time:0.0316, data time:0.0004
2022-04-11 22:18:49	Epoch 77 training ends, total 1.68s
2022-04-11 22:18:49	Epoch 77 testing start
2022-04-11 22:18:50	Valid Loss: 0.0005840
2022-04-11 22:18:55	Epoch: 77	Catergory: leather	Pixel-AUC: 0.994238	Image-AUC: 0.999321
2022-04-11 22:18:55	Epoch 77 testing end, total 5.75s
/opt/conda/envs/python35-paddle120-env/lib/python3.7/site-packages/paddle/nn/layer/norm.py:653: UserWarning: When training, we now always track global mean and variance.
  "When training, we now always track global mean and variance.")
2022-04-11 22:18:55	Epoch 78[32/196]: loss:0.23518, lr:0.40000, batch time:0.0679, data time:0.2016
2022-04-11 22:18:56	Epoch 78[96/196]: loss:0.23039, lr:0.40000, batch time:0.0670, data time:0.1741
2022-04-11 22:18:56	Epoch 78[160/196]: loss:0.23246, lr:0.40000, batch time:0.0340, data time:0.1948
2022-04-11 22:18:57	Epoch 78[224/196]: loss:0.22520, lr:0.40000, batch time:0.0197, data time:0.0009
2022-04-11 22:18:57	Epoch 78 training ends, total 1.57s
2022-04-11 22:18:57	Epoch 78 testing start
2022-04-11 22:18:57	Valid Loss: 0.0006248
2022-04-11 22:19:02	Epoch: 78	Catergory: leather	Pixel-AUC: 0.994330	Image-AUC: 0.999321
2022-04-11 22:19:02	Epoch 78 testing end, total 5.79s
/opt/conda/envs/python35-paddle120-env/lib/python3.7/site-packages/paddle/nn/layer/norm.py:653: UserWarning: When training, we now always track global mean and variance.
  "When training, we now always track global mean and variance.")
2022-04-11 22:19:03	Epoch 79[32/196]: loss:0.23096, lr:0.40000, batch time:0.0741, data time:0.2022
2022-04-11 22:19:03	Epoch 79[96/196]: loss:0.22933, lr:0.40000, batch time:0.0718, data time:0.1719
2022-04-11 22:19:04	Epoch 79[160/196]: loss:0.23492, lr:0.40000, batch time:0.1343, data time:0.1792
2022-04-11 22:19:04	Epoch 79[224/196]: loss:0.24533, lr:0.40000, batch time:0.0622, data time:0.0004
2022-04-11 22:19:04	Epoch 79 training ends, total 1.64s
2022-04-11 22:19:04	Epoch 79 testing start
2022-04-11 22:19:04	Valid Loss: 0.0005358
2022-04-11 22:19:10	Epoch: 79	Catergory: leather	Pixel-AUC: 0.994308	Image-AUC: 0.999321
2022-04-11 22:19:10	Epoch 79 testing end, total 5.87s
/opt/conda/envs/python35-paddle120-env/lib/python3.7/site-packages/paddle/nn/layer/norm.py:653: UserWarning: When training, we now always track global mean and variance.
  "When training, we now always track global mean and variance.")
2022-04-11 22:19:10	Epoch 80[32/196]: loss:0.23033, lr:0.40000, batch time:0.0665, data time:0.2011
2022-04-11 22:19:11	Epoch 80[96/196]: loss:0.22546, lr:0.40000, batch time:0.0316, data time:0.1743
2022-04-11 22:19:11	Epoch 80[160/196]: loss:0.23032, lr:0.40000, batch time:0.0915, data time:0.1720
2022-04-11 22:19:11	Epoch 80[224/196]: loss:0.22593, lr:0.40000, batch time:0.0334, data time:0.0008
2022-04-11 22:19:11	Epoch 80 training ends, total 1.59s
2022-04-11 22:19:11	Epoch 80 testing start
2022-04-11 22:19:12	Valid Loss: 0.0005227
2022-04-11 22:19:17	Epoch: 80	Catergory: leather	Pixel-AUC: 0.994309	Image-AUC: 0.999321
2022-04-11 22:19:17	Epoch 80 testing end, total 5.89s
/opt/conda/envs/python35-paddle120-env/lib/python3.7/site-packages/paddle/nn/layer/norm.py:653: UserWarning: When training, we now always track global mean and variance.
  "When training, we now always track global mean and variance.")
2022-04-11 22:19:18	Epoch 81[32/196]: loss:0.22594, lr:0.40000, batch time:0.0677, data time:0.2020
2022-04-11 22:19:18	Epoch 81[96/196]: loss:0.22870, lr:0.40000, batch time:0.0673, data time:0.1728
2022-04-11 22:19:19	Epoch 81[160/196]: loss:0.22669, lr:0.40000, batch time:0.0760, data time:0.1735
2022-04-11 22:19:19	Epoch 81[224/196]: loss:0.22414, lr:0.40000, batch time:0.0261, data time:0.0006
2022-04-11 22:19:19	Epoch 81 training ends, total 1.55s
2022-04-11 22:19:19	Epoch 81 testing start
2022-04-11 22:19:19	Valid Loss: 0.0005030
2022-04-11 22:19:25	Epoch: 81	Catergory: leather	Pixel-AUC: 0.994335	Image-AUC: 0.999321
2022-04-11 22:19:25	Epoch 81 testing end, total 5.88s
/opt/conda/envs/python35-paddle120-env/lib/python3.7/site-packages/paddle/nn/layer/norm.py:653: UserWarning: When training, we now always track global mean and variance.
  "When training, we now always track global mean and variance.")
2022-04-11 22:19:25	Epoch 82[32/196]: loss:0.22733, lr:0.40000, batch time:0.0682, data time:0.2016
2022-04-11 22:19:26	Epoch 82[96/196]: loss:0.23157, lr:0.40000, batch time:0.0674, data time:0.1736
2022-04-11 22:19:26	Epoch 82[160/196]: loss:0.22312, lr:0.40000, batch time:0.0763, data time:0.1724
2022-04-11 22:19:26	Epoch 82[224/196]: loss:0.22483, lr:0.40000, batch time:0.0190, data time:0.0414
2022-04-11 22:19:26	Epoch 82 training ends, total 1.53s
2022-04-11 22:19:26	Epoch 82 testing start
2022-04-11 22:19:27	Valid Loss: 0.0005050
2022-04-11 22:19:32	Epoch: 82	Catergory: leather	Pixel-AUC: 0.994338	Image-AUC: 0.999321
2022-04-11 22:19:32	Epoch 82 testing end, total 6.14s
/opt/conda/envs/python35-paddle120-env/lib/python3.7/site-packages/paddle/nn/layer/norm.py:653: UserWarning: When training, we now always track global mean and variance.
  "When training, we now always track global mean and variance.")
2022-04-11 22:19:33	Epoch 83[32/196]: loss:0.22529, lr:0.40000, batch time:0.0763, data time:0.2183
2022-04-11 22:19:33	Epoch 83[96/196]: loss:0.22397, lr:0.40000, batch time:0.0689, data time:0.1755
2022-04-11 22:19:34	Epoch 83[160/196]: loss:0.22490, lr:0.40000, batch time:0.0679, data time:0.1777
2022-04-11 22:19:34	Epoch 83[224/196]: loss:0.22817, lr:0.40000, batch time:0.0195, data time:0.0009
2022-04-11 22:19:34	Epoch 83 training ends, total 1.55s
2022-04-11 22:19:34	Epoch 83 testing start
2022-04-11 22:19:34	Valid Loss: 0.0004982
2022-04-11 22:19:40	Epoch: 83	Catergory: leather	Pixel-AUC: 0.994274	Image-AUC: 0.999321
2022-04-11 22:19:40	Epoch 83 testing end, total 5.93s
/opt/conda/envs/python35-paddle120-env/lib/python3.7/site-packages/paddle/nn/layer/norm.py:653: UserWarning: When training, we now always track global mean and variance.
  "When training, we now always track global mean and variance.")
2022-04-11 22:19:40	Epoch 84[32/196]: loss:0.22508, lr:0.40000, batch time:0.0680, data time:0.2035
2022-04-11 22:19:41	Epoch 84[96/196]: loss:0.22400, lr:0.40000, batch time:0.0684, data time:0.1758
2022-04-11 22:19:41	Epoch 84[160/196]: loss:0.22426, lr:0.40000, batch time:0.0674, data time:0.1739
2022-04-11 22:19:41	Epoch 84[224/196]: loss:0.21384, lr:0.40000, batch time:0.0503, data time:0.0005
2022-04-11 22:19:41	Epoch 84 training ends, total 1.51s
2022-04-11 22:19:41	Epoch 84 testing start
2022-04-11 22:19:42	Valid Loss: 0.0005094
2022-04-11 22:19:47	Epoch: 84	Catergory: leather	Pixel-AUC: 0.994279	Image-AUC: 0.999321
2022-04-11 22:19:47	Epoch 84 testing end, total 5.87s
/opt/conda/envs/python35-paddle120-env/lib/python3.7/site-packages/paddle/nn/layer/norm.py:653: UserWarning: When training, we now always track global mean and variance.
  "When training, we now always track global mean and variance.")
2022-04-11 22:19:48	Epoch 85[32/196]: loss:0.22017, lr:0.40000, batch time:0.0730, data time:0.2017
2022-04-11 22:19:48	Epoch 85[96/196]: loss:0.22116, lr:0.40000, batch time:0.0536, data time:0.2159
2022-04-11 22:19:49	Epoch 85[160/196]: loss:0.22707, lr:0.40000, batch time:0.0707, data time:0.1732
2022-04-11 22:19:49	Epoch 85[224/196]: loss:0.22601, lr:0.40000, batch time:0.0211, data time:0.0005
2022-04-11 22:19:49	Epoch 85 training ends, total 1.53s
2022-04-11 22:19:49	Epoch 85 testing start
2022-04-11 22:19:49	Valid Loss: 0.0005159
2022-04-11 22:19:55	Epoch: 85	Catergory: leather	Pixel-AUC: 0.994287	Image-AUC: 0.999321
2022-04-11 22:19:55	Epoch 85 testing end, total 5.79s
/opt/conda/envs/python35-paddle120-env/lib/python3.7/site-packages/paddle/nn/layer/norm.py:653: UserWarning: When training, we now always track global mean and variance.
  "When training, we now always track global mean and variance.")
2022-04-11 22:19:55	Epoch 86[32/196]: loss:0.22040, lr:0.40000, batch time:0.0677, data time:0.2005
2022-04-11 22:19:55	Epoch 86[96/196]: loss:0.22066, lr:0.40000, batch time:0.0669, data time:0.1726
2022-04-11 22:19:56	Epoch 86[160/196]: loss:0.22115, lr:0.40000, batch time:0.0676, data time:0.1761
2022-04-11 22:19:56	Epoch 86[224/196]: loss:0.21932, lr:0.40000, batch time:0.0202, data time:0.0010
2022-04-11 22:19:56	Epoch 86 training ends, total 1.50s
2022-04-11 22:19:56	Epoch 86 testing start
2022-04-11 22:19:56	Valid Loss: 0.0004779
2022-04-11 22:20:02	Epoch: 86	Catergory: leather	Pixel-AUC: 0.994289	Image-AUC: 0.999321
2022-04-11 22:20:02	Epoch 86 testing end, total 5.86s
/opt/conda/envs/python35-paddle120-env/lib/python3.7/site-packages/paddle/nn/layer/norm.py:653: UserWarning: When training, we now always track global mean and variance.
  "When training, we now always track global mean and variance.")
2022-04-11 22:20:02	Epoch 87[32/196]: loss:0.22350, lr:0.40000, batch time:0.0678, data time:0.2001
2022-04-11 22:20:03	Epoch 87[96/196]: loss:0.22052, lr:0.40000, batch time:0.0668, data time:0.1730
2022-04-11 22:20:03	Epoch 87[160/196]: loss:0.21872, lr:0.40000, batch time:0.0676, data time:0.1763
2022-04-11 22:20:04	Epoch 87[224/196]: loss:0.22524, lr:0.40000, batch time:0.0203, data time:0.0007
2022-04-11 22:20:04	Epoch 87 training ends, total 1.50s
2022-04-11 22:20:04	Epoch 87 testing start
2022-04-11 22:20:04	Valid Loss: 0.0004791
2022-04-11 22:20:09	Epoch: 87	Catergory: leather	Pixel-AUC: 0.994274	Image-AUC: 0.999321
2022-04-11 22:20:09	Epoch 87 testing end, total 5.85s
/opt/conda/envs/python35-paddle120-env/lib/python3.7/site-packages/paddle/nn/layer/norm.py:653: UserWarning: When training, we now always track global mean and variance.
  "When training, we now always track global mean and variance.")
2022-04-11 22:20:10	Epoch 88[32/196]: loss:0.21840, lr:0.40000, batch time:0.0669, data time:0.1993
2022-04-11 22:20:10	Epoch 88[96/196]: loss:0.22135, lr:0.40000, batch time:0.0671, data time:0.1725
2022-04-11 22:20:11	Epoch 88[160/196]: loss:0.21872, lr:0.40000, batch time:0.0672, data time:0.1735
2022-04-11 22:20:11	Epoch 88[224/196]: loss:0.21546, lr:0.40000, batch time:0.0203, data time:0.0009
2022-04-11 22:20:11	Epoch 88 training ends, total 1.49s
2022-04-11 22:20:11	Epoch 88 testing start
2022-04-11 22:20:11	Valid Loss: 0.0004599
2022-04-11 22:20:17	Epoch: 88	Catergory: leather	Pixel-AUC: 0.994295	Image-AUC: 0.999321
2022-04-11 22:20:17	Epoch 88 testing end, total 5.90s
/opt/conda/envs/python35-paddle120-env/lib/python3.7/site-packages/paddle/nn/layer/norm.py:653: UserWarning: When training, we now always track global mean and variance.
  "When training, we now always track global mean and variance.")
2022-04-11 22:20:17	Epoch 89[32/196]: loss:0.21730, lr:0.40000, batch time:0.0671, data time:0.2009
2022-04-11 22:20:18	Epoch 89[96/196]: loss:0.21615, lr:0.40000, batch time:0.0674, data time:0.1738
2022-04-11 22:20:18	Epoch 89[160/196]: loss:0.22060, lr:0.40000, batch time:0.0674, data time:0.1750
2022-04-11 22:20:18	Epoch 89[224/196]: loss:0.22078, lr:0.40000, batch time:0.0205, data time:0.0008
2022-04-11 22:20:18	Epoch 89 training ends, total 1.50s
2022-04-11 22:20:18	Epoch 89 testing start
2022-04-11 22:20:19	Valid Loss: 0.0004428
2022-04-11 22:20:24	Epoch: 89	Catergory: leather	Pixel-AUC: 0.994360	Image-AUC: 0.999321
2022-04-11 22:20:24	Epoch 89 testing end, total 5.85s
/opt/conda/envs/python35-paddle120-env/lib/python3.7/site-packages/paddle/nn/layer/norm.py:653: UserWarning: When training, we now always track global mean and variance.
  "When training, we now always track global mean and variance.")
2022-04-11 22:20:24	Epoch 90[32/196]: loss:0.21696, lr:0.40000, batch time:0.0673, data time:0.2005
2022-04-11 22:20:25	Epoch 90[96/196]: loss:0.21401, lr:0.40000, batch time:0.0665, data time:0.1749
2022-04-11 22:20:25	Epoch 90[160/196]: loss:0.21645, lr:0.40000, batch time:0.0665, data time:0.1741
2022-04-11 22:20:26	Epoch 90[224/196]: loss:0.20884, lr:0.40000, batch time:0.0210, data time:0.0010
2022-04-11 22:20:26	Epoch 90 training ends, total 1.50s
2022-04-11 22:20:26	Epoch 90 testing start
2022-04-11 22:20:26	Valid Loss: 0.0004456
2022-04-11 22:20:31	Epoch: 90	Catergory: leather	Pixel-AUC: 0.994248	Image-AUC: 0.999321
2022-04-11 22:20:31	Epoch 90 testing end, total 5.68s
/opt/conda/envs/python35-paddle120-env/lib/python3.7/site-packages/paddle/nn/layer/norm.py:653: UserWarning: When training, we now always track global mean and variance.
  "When training, we now always track global mean and variance.")
2022-04-11 22:20:32	Epoch 91[32/196]: loss:0.21306, lr:0.40000, batch time:0.0676, data time:0.2027
2022-04-11 22:20:32	Epoch 91[96/196]: loss:0.21077, lr:0.40000, batch time:0.0314, data time:0.1743
2022-04-11 22:20:33	Epoch 91[160/196]: loss:0.21489, lr:0.40000, batch time:0.0514, data time:0.1740
2022-04-11 22:20:33	Epoch 91[224/196]: loss:0.20932, lr:0.40000, batch time:0.0262, data time:0.0010
2022-04-11 22:20:33	Epoch 91 training ends, total 1.51s
2022-04-11 22:20:33	Epoch 91 testing start
2022-04-11 22:20:33	Valid Loss: 0.0004302
2022-04-11 22:20:39	Epoch: 91	Catergory: leather	Pixel-AUC: 0.994247	Image-AUC: 0.999321
2022-04-11 22:20:39	Epoch 91 testing end, total 5.94s
/opt/conda/envs/python35-paddle120-env/lib/python3.7/site-packages/paddle/nn/layer/norm.py:653: UserWarning: When training, we now always track global mean and variance.
  "When training, we now always track global mean and variance.")
2022-04-11 22:20:39	Epoch 92[32/196]: loss:0.21161, lr:0.40000, batch time:0.0672, data time:0.2056
2022-04-11 22:20:39	Epoch 92[96/196]: loss:0.21938, lr:0.40000, batch time:0.0675, data time:0.1736
2022-04-11 22:20:40	Epoch 92[160/196]: loss:0.21037, lr:0.40000, batch time:0.0669, data time:0.1733
2022-04-11 22:20:40	Epoch 92[224/196]: loss:0.22598, lr:0.40000, batch time:0.0210, data time:0.0009
2022-04-11 22:20:40	Epoch 92 training ends, total 1.51s
2022-04-11 22:20:40	Epoch 92 testing start
2022-04-11 22:20:41	Valid Loss: 0.0004498
2022-04-11 22:20:46	Epoch: 92	Catergory: leather	Pixel-AUC: 0.994259	Image-AUC: 0.999321
2022-04-11 22:20:46	Epoch 92 testing end, total 5.70s
/opt/conda/envs/python35-paddle120-env/lib/python3.7/site-packages/paddle/nn/layer/norm.py:653: UserWarning: When training, we now always track global mean and variance.
  "When training, we now always track global mean and variance.")
2022-04-11 22:20:46	Epoch 93[32/196]: loss:0.21690, lr:0.40000, batch time:0.0739, data time:0.2028
2022-04-11 22:20:47	Epoch 93[96/196]: loss:0.21231, lr:0.40000, batch time:0.0717, data time:0.1715
2022-04-11 22:20:47	Epoch 93[160/196]: loss:0.21366, lr:0.40000, batch time:0.0708, data time:0.1761
2022-04-11 22:20:47	Epoch 93[224/196]: loss:0.21314, lr:0.40000, batch time:0.0201, data time:0.0004
2022-04-11 22:20:47	Epoch 93 training ends, total 1.53s
2022-04-11 22:20:47	Epoch 93 testing start
2022-04-11 22:20:48	Valid Loss: 0.0004303
2022-04-11 22:20:53	Epoch: 93	Catergory: leather	Pixel-AUC: 0.994205	Image-AUC: 0.999321
2022-04-11 22:20:53	Epoch 93 testing end, total 5.60s
/opt/conda/envs/python35-paddle120-env/lib/python3.7/site-packages/paddle/nn/layer/norm.py:653: UserWarning: When training, we now always track global mean and variance.
  "When training, we now always track global mean and variance.")
2022-04-11 22:20:53	Epoch 94[32/196]: loss:0.21344, lr:0.40000, batch time:0.0863, data time:0.2065
2022-04-11 22:20:54	Epoch 94[96/196]: loss:0.21134, lr:0.40000, batch time:0.0661, data time:0.1723
2022-04-11 22:20:54	Epoch 94[160/196]: loss:0.21267, lr:0.40000, batch time:0.0665, data time:0.1741
2022-04-11 22:20:55	Epoch 94[224/196]: loss:0.21015, lr:0.40000, batch time:0.0200, data time:0.0011
2022-04-11 22:20:55	Epoch 94 training ends, total 1.52s
2022-04-11 22:20:55	Epoch 94 testing start
2022-04-11 22:20:55	Valid Loss: 0.0004349
2022-04-11 22:21:00	Epoch: 94	Catergory: leather	Pixel-AUC: 0.994320	Image-AUC: 0.999321
2022-04-11 22:21:00	Epoch 94 testing end, total 5.59s
/opt/conda/envs/python35-paddle120-env/lib/python3.7/site-packages/paddle/nn/layer/norm.py:653: UserWarning: When training, we now always track global mean and variance.
  "When training, we now always track global mean and variance.")
2022-04-11 22:21:00	Epoch 95[32/196]: loss:0.20884, lr:0.40000, batch time:0.0879, data time:0.2057
2022-04-11 22:21:01	Epoch 95[96/196]: loss:0.21038, lr:0.40000, batch time:0.0672, data time:0.1776
2022-04-11 22:21:01	Epoch 95[160/196]: loss:0.21311, lr:0.40000, batch time:0.0672, data time:0.1732
2022-04-11 22:21:02	Epoch 95[224/196]: loss:0.21840, lr:0.40000, batch time:0.0208, data time:0.0364
2022-04-11 22:21:02	Epoch 95 training ends, total 1.55s
2022-04-11 22:21:02	Epoch 95 testing start
2022-04-11 22:21:02	Valid Loss: 0.0004189
2022-04-11 22:21:07	Epoch: 95	Catergory: leather	Pixel-AUC: 0.994343	Image-AUC: 0.999321
2022-04-11 22:21:07	Epoch 95 testing end, total 5.69s
/opt/conda/envs/python35-paddle120-env/lib/python3.7/site-packages/paddle/nn/layer/norm.py:653: UserWarning: When training, we now always track global mean and variance.
  "When training, we now always track global mean and variance.")
2022-04-11 22:21:08	Epoch 96[32/196]: loss:0.21178, lr:0.40000, batch time:0.0876, data time:0.2056
2022-04-11 22:21:08	Epoch 96[96/196]: loss:0.21021, lr:0.40000, batch time:0.0914, data time:0.1790
2022-04-11 22:21:09	Epoch 96[160/196]: loss:0.21167, lr:0.40000, batch time:0.0676, data time:0.1737
2022-04-11 22:21:09	Epoch 96[224/196]: loss:0.21029, lr:0.40000, batch time:0.0202, data time:0.0012
2022-04-11 22:21:09	Epoch 96 training ends, total 1.57s
2022-04-11 22:21:09	Epoch 96 testing start
2022-04-11 22:21:09	Valid Loss: 0.0004156
2022-04-11 22:21:15	Epoch: 96	Catergory: leather	Pixel-AUC: 0.994302	Image-AUC: 0.999321
2022-04-11 22:21:15	Epoch 96 testing end, total 5.73s
/opt/conda/envs/python35-paddle120-env/lib/python3.7/site-packages/paddle/nn/layer/norm.py:653: UserWarning: When training, we now always track global mean and variance.
  "When training, we now always track global mean and variance.")
2022-04-11 22:21:15	Epoch 97[32/196]: loss:0.20978, lr:0.40000, batch time:0.0901, data time:0.2086
2022-04-11 22:21:16	Epoch 97[96/196]: loss:0.20840, lr:0.40000, batch time:0.0871, data time:0.1785
2022-04-11 22:21:16	Epoch 97[160/196]: loss:0.20689, lr:0.40000, batch time:0.0661, data time:0.1727
2022-04-11 22:21:16	Epoch 97[224/196]: loss:0.21164, lr:0.40000, batch time:0.0203, data time:0.0017
2022-04-11 22:21:16	Epoch 97 training ends, total 1.60s
2022-04-11 22:21:16	Epoch 97 testing start
2022-04-11 22:21:17	Valid Loss: 0.0004200
2022-04-11 22:21:22	Epoch: 97	Catergory: leather	Pixel-AUC: 0.994224	Image-AUC: 0.999321
2022-04-11 22:21:22	Epoch 97 testing end, total 5.43s
/opt/conda/envs/python35-paddle120-env/lib/python3.7/site-packages/paddle/nn/layer/norm.py:653: UserWarning: When training, we now always track global mean and variance.
  "When training, we now always track global mean and variance.")
2022-04-11 22:21:22	Epoch 98[32/196]: loss:0.20778, lr:0.40000, batch time:0.0874, data time:0.2078
2022-04-11 22:21:23	Epoch 98[96/196]: loss:0.20881, lr:0.40000, batch time:0.0900, data time:0.1788
2022-04-11 22:21:23	Epoch 98[160/196]: loss:0.20657, lr:0.40000, batch time:0.0395, data time:0.1793
2022-04-11 22:21:23	Epoch 98[224/196]: loss:0.22298, lr:0.40000, batch time:0.0196, data time:0.0007
2022-04-11 22:21:23	Epoch 98 training ends, total 1.63s
2022-04-11 22:21:23	Epoch 98 testing start
2022-04-11 22:21:24	Valid Loss: 0.0004328
2022-04-11 22:21:29	Epoch: 98	Catergory: leather	Pixel-AUC: 0.994328	Image-AUC: 0.999321
2022-04-11 22:21:29	Epoch 98 testing end, total 5.51s
/opt/conda/envs/python35-paddle120-env/lib/python3.7/site-packages/paddle/nn/layer/norm.py:653: UserWarning: When training, we now always track global mean and variance.
  "When training, we now always track global mean and variance.")
2022-04-11 22:21:29	Epoch 99[32/196]: loss:0.20845, lr:0.40000, batch time:0.0873, data time:0.2018
2022-04-11 22:21:30	Epoch 99[96/196]: loss:0.20602, lr:0.40000, batch time:0.0877, data time:0.1766
2022-04-11 22:21:30	Epoch 99[160/196]: loss:0.20708, lr:0.40000, batch time:0.0874, data time:0.1767
2022-04-11 22:21:31	Epoch 99[224/196]: loss:0.20490, lr:0.40000, batch time:0.0200, data time:0.0008
2022-04-11 22:21:31	Epoch 99 training ends, total 1.64s
2022-04-11 22:21:31	Epoch 99 testing start
2022-04-11 22:21:31	Valid Loss: 0.0003929
2022-04-11 22:21:36	Epoch: 99	Catergory: leather	Pixel-AUC: 0.994308	Image-AUC: 0.999321
2022-04-11 22:21:36	Epoch 99 testing end, total 5.63s