/home/aistudio/STFPM-main
W0412 00:14:09.836997 25509 device_context.cc:447] Please NOTE: device: 0, GPU Compute Capability: 7.0, Driver API Version: 10.1, Runtime API Version: 10.1
W0412 00:14:09.841622 25509 device_context.cc:465] device: 0, cuDNN Version: 7.6.
/opt/conda/envs/python35-paddle120-env/lib/python3.7/site-packages/paddle/nn/layer/norm.py:653: UserWarning: When training, we now always track global mean and variance.
  "When training, we now always track global mean and variance.")
2022-04-12 00:14:21	Epoch 0[32/192]: loss:3.51042, lr:0.40000, batch time:0.0800, data time:0.2079
2022-04-12 00:14:22	Epoch 0[96/192]: loss:2.66131, lr:0.40000, batch time:0.0709, data time:0.1927
2022-04-12 00:14:22	Epoch 0[160/192]: loss:2.01734, lr:0.40000, batch time:0.0322, data time:0.2094
2022-04-12 00:14:23	Epoch 0 training ends, total 1.45s
2022-04-12 00:14:23	Epoch 0 testing start
2022-04-12 00:14:23	Valid Loss: 2.2331895
2022-04-12 00:14:30	Epoch: 0	Catergory: zipper	Pixel-AUC: 0.610413	Image-AUC: 0.451155
2022-04-12 00:14:30	Epoch 0 testing end, total 7.25s
/opt/conda/envs/python35-paddle120-env/lib/python3.7/site-packages/paddle/nn/layer/norm.py:653: UserWarning: When training, we now always track global mean and variance.
  "When training, we now always track global mean and variance.")
2022-04-12 00:14:30	Epoch 1[32/192]: loss:1.68106, lr:0.40000, batch time:0.0719, data time:0.2009
2022-04-12 00:14:31	Epoch 1[96/192]: loss:1.48099, lr:0.40000, batch time:0.0322, data time:0.1752
2022-04-12 00:14:31	Epoch 1[160/192]: loss:1.32093, lr:0.40000, batch time:0.0708, data time:0.1730
2022-04-12 00:14:31	Epoch 1 training ends, total 1.54s
2022-04-12 00:14:31	Epoch 1 testing start
2022-04-12 00:14:32	Valid Loss: 1.2401666
2022-04-12 00:14:39	Epoch: 1	Catergory: zipper	Pixel-AUC: 0.653664	Image-AUC: 0.658613
2022-04-12 00:14:39	Epoch 1 testing end, total 7.37s
/opt/conda/envs/python35-paddle120-env/lib/python3.7/site-packages/paddle/nn/layer/norm.py:653: UserWarning: When training, we now always track global mean and variance.
  "When training, we now always track global mean and variance.")
2022-04-12 00:14:39	Epoch 2[32/192]: loss:1.19978, lr:0.40000, batch time:0.0710, data time:0.2006
2022-04-12 00:14:39	Epoch 2[96/192]: loss:1.10761, lr:0.40000, batch time:0.0318, data time:0.1902
2022-04-12 00:14:40	Epoch 2[160/192]: loss:1.03147, lr:0.40000, batch time:0.0528, data time:0.1895
2022-04-12 00:14:40	Epoch 2 training ends, total 1.44s
2022-04-12 00:14:40	Epoch 2 testing start
2022-04-12 00:14:41	Valid Loss: 0.5731224
2022-04-12 00:14:48	Epoch: 2	Catergory: zipper	Pixel-AUC: 0.671501	Image-AUC: 0.694065
2022-04-12 00:14:48	Epoch 2 testing end, total 7.36s
/opt/conda/envs/python35-paddle120-env/lib/python3.7/site-packages/paddle/nn/layer/norm.py:653: UserWarning: When training, we now always track global mean and variance.
  "When training, we now always track global mean and variance.")
2022-04-12 00:14:48	Epoch 3[32/192]: loss:0.96244, lr:0.40000, batch time:0.0708, data time:0.1991
2022-04-12 00:14:48	Epoch 3[96/192]: loss:0.92275, lr:0.40000, batch time:0.0502, data time:0.2089
2022-04-12 00:14:49	Epoch 3[160/192]: loss:0.86812, lr:0.40000, batch time:0.0528, data time:0.1882
2022-04-12 00:14:49	Epoch 3 training ends, total 1.43s
2022-04-12 00:14:49	Epoch 3 testing start
2022-04-12 00:14:49	Valid Loss: 0.1555945
2022-04-12 00:14:56	Epoch: 3	Catergory: zipper	Pixel-AUC: 0.761280	Image-AUC: 0.789916
2022-04-12 00:14:56	Epoch 3 testing end, total 7.20s
/opt/conda/envs/python35-paddle120-env/lib/python3.7/site-packages/paddle/nn/layer/norm.py:653: UserWarning: When training, we now always track global mean and variance.
  "When training, we now always track global mean and variance.")
2022-04-12 00:14:56	Epoch 4[32/192]: loss:0.82685, lr:0.40000, batch time:0.0699, data time:0.1995
2022-04-12 00:14:57	Epoch 4[96/192]: loss:0.80175, lr:0.40000, batch time:0.0522, data time:0.1899
2022-04-12 00:14:57	Epoch 4[160/192]: loss:0.75572, lr:0.40000, batch time:0.0686, data time:0.1765
2022-04-12 00:14:58	Epoch 4 training ends, total 1.44s
2022-04-12 00:14:58	Epoch 4 testing start
2022-04-12 00:14:58	Valid Loss: 0.0421171
2022-04-12 00:15:05	Epoch: 4	Catergory: zipper	Pixel-AUC: 0.843112	Image-AUC: 0.813025
2022-04-12 00:15:05	Epoch 4 testing end, total 7.17s
/opt/conda/envs/python35-paddle120-env/lib/python3.7/site-packages/paddle/nn/layer/norm.py:653: UserWarning: When training, we now always track global mean and variance.
  "When training, we now always track global mean and variance.")
2022-04-12 00:15:05	Epoch 5[32/192]: loss:0.73536, lr:0.40000, batch time:0.0791, data time:0.2045
2022-04-12 00:15:06	Epoch 5[96/192]: loss:0.71225, lr:0.40000, batch time:0.0786, data time:0.1779
2022-04-12 00:15:06	Epoch 5[160/192]: loss:0.68541, lr:0.40000, batch time:0.0669, data time:0.1766
2022-04-12 00:15:06	Epoch 5 training ends, total 1.49s
2022-04-12 00:15:06	Epoch 5 testing start
2022-04-12 00:15:07	Valid Loss: 0.0212179
2022-04-12 00:15:14	Epoch: 5	Catergory: zipper	Pixel-AUC: 0.895251	Image-AUC: 0.789391
2022-04-12 00:15:14	Epoch 5 testing end, total 7.30s
/opt/conda/envs/python35-paddle120-env/lib/python3.7/site-packages/paddle/nn/layer/norm.py:653: UserWarning: When training, we now always track global mean and variance.
  "When training, we now always track global mean and variance.")
2022-04-12 00:15:14	Epoch 6[32/192]: loss:0.66058, lr:0.40000, batch time:0.0682, data time:0.2004
2022-04-12 00:15:14	Epoch 6[96/192]: loss:0.64729, lr:0.40000, batch time:0.0310, data time:0.1913
2022-04-12 00:15:15	Epoch 6[160/192]: loss:0.63096, lr:0.40000, batch time:0.0664, data time:0.2082
2022-04-12 00:15:15	Epoch 6 training ends, total 1.43s
2022-04-12 00:15:15	Epoch 6 testing start
2022-04-12 00:15:15	Valid Loss: 0.0150006
2022-04-12 00:15:22	Epoch: 6	Catergory: zipper	Pixel-AUC: 0.928167	Image-AUC: 0.804097
2022-04-12 00:15:22	Epoch 6 testing end, total 7.23s
/opt/conda/envs/python35-paddle120-env/lib/python3.7/site-packages/paddle/nn/layer/norm.py:653: UserWarning: When training, we now always track global mean and variance.
  "When training, we now always track global mean and variance.")
2022-04-12 00:15:23	Epoch 7[32/192]: loss:0.61035, lr:0.40000, batch time:0.0668, data time:0.2017
2022-04-12 00:15:23	Epoch 7[96/192]: loss:0.59494, lr:0.40000, batch time:0.0491, data time:0.2079
2022-04-12 00:15:24	Epoch 7[160/192]: loss:0.58560, lr:0.40000, batch time:0.0504, data time:0.1885
2022-04-12 00:15:24	Epoch 7 training ends, total 1.43s
2022-04-12 00:15:24	Epoch 7 testing start
2022-04-12 00:15:24	Valid Loss: 0.0115880
2022-04-12 00:15:31	Epoch: 7	Catergory: zipper	Pixel-AUC: 0.942589	Image-AUC: 0.813813
2022-04-12 00:15:31	Epoch 7 testing end, total 7.21s
/opt/conda/envs/python35-paddle120-env/lib/python3.7/site-packages/paddle/nn/layer/norm.py:653: UserWarning: When training, we now always track global mean and variance.
  "When training, we now always track global mean and variance.")
2022-04-12 00:15:31	Epoch 8[32/192]: loss:0.56460, lr:0.40000, batch time:0.0671, data time:0.2014
2022-04-12 00:15:32	Epoch 8[96/192]: loss:0.55167, lr:0.40000, batch time:0.0308, data time:0.1724
2022-04-12 00:15:32	Epoch 8[160/192]: loss:0.53781, lr:0.40000, batch time:0.0479, data time:0.2011
2022-04-12 00:15:32	Epoch 8 training ends, total 1.43s
2022-04-12 00:15:32	Epoch 8 testing start
2022-04-12 00:15:33	Valid Loss: 0.0101373
2022-04-12 00:15:40	Epoch: 8	Catergory: zipper	Pixel-AUC: 0.947873	Image-AUC: 0.815389
2022-04-12 00:15:40	Epoch 8 testing end, total 7.20s
/opt/conda/envs/python35-paddle120-env/lib/python3.7/site-packages/paddle/nn/layer/norm.py:653: UserWarning: When training, we now always track global mean and variance.
  "When training, we now always track global mean and variance.")
2022-04-12 00:15:40	Epoch 9[32/192]: loss:0.53664, lr:0.40000, batch time:0.0666, data time:0.2011
2022-04-12 00:15:40	Epoch 9[96/192]: loss:0.51893, lr:0.40000, batch time:0.0507, data time:0.1933
2022-04-12 00:15:41	Epoch 9[160/192]: loss:0.50682, lr:0.40000, batch time:0.0503, data time:0.1897
2022-04-12 00:15:41	Epoch 9 training ends, total 1.44s
2022-04-12 00:15:41	Epoch 9 testing start
2022-04-12 00:15:41	Valid Loss: 0.0067930
2022-04-12 00:15:48	Epoch: 9	Catergory: zipper	Pixel-AUC: 0.956023	Image-AUC: 0.817227
2022-04-12 00:15:48	Epoch 9 testing end, total 7.23s
/opt/conda/envs/python35-paddle120-env/lib/python3.7/site-packages/paddle/nn/layer/norm.py:653: UserWarning: When training, we now always track global mean and variance.
  "When training, we now always track global mean and variance.")
2022-04-12 00:15:49	Epoch 10[32/192]: loss:0.48734, lr:0.40000, batch time:0.0738, data time:0.2056
2022-04-12 00:15:49	Epoch 10[96/192]: loss:0.48631, lr:0.40000, batch time:0.0727, data time:0.1897
2022-04-12 00:15:49	Epoch 10[160/192]: loss:0.47663, lr:0.40000, batch time:0.0322, data time:0.1786
2022-04-12 00:15:50	Epoch 10 training ends, total 1.46s
2022-04-12 00:15:50	Epoch 10 testing start
2022-04-12 00:15:50	Valid Loss: 0.0052926
2022-04-12 00:15:57	Epoch: 10	Catergory: zipper	Pixel-AUC: 0.956905	Image-AUC: 0.811187
2022-04-12 00:15:57	Epoch 10 testing end, total 7.16s
/opt/conda/envs/python35-paddle120-env/lib/python3.7/site-packages/paddle/nn/layer/norm.py:653: UserWarning: When training, we now always track global mean and variance.
  "When training, we now always track global mean and variance.")
2022-04-12 00:15:57	Epoch 11[32/192]: loss:0.46617, lr:0.40000, batch time:0.0701, data time:0.2012
2022-04-12 00:15:58	Epoch 11[96/192]: loss:0.45988, lr:0.40000, batch time:0.0630, data time:0.2104
2022-04-12 00:15:58	Epoch 11[160/192]: loss:0.44908, lr:0.40000, batch time:0.0780, data time:0.1702
2022-04-12 00:15:58	Epoch 11 training ends, total 1.43s
2022-04-12 00:15:58	Epoch 11 testing start
2022-04-12 00:15:59	Valid Loss: 0.0044768
2022-04-12 00:16:05	Epoch: 11	Catergory: zipper	Pixel-AUC: 0.960574	Image-AUC: 0.810662
2022-04-12 00:16:05	Epoch 11 testing end, total 7.18s
/opt/conda/envs/python35-paddle120-env/lib/python3.7/site-packages/paddle/nn/layer/norm.py:653: UserWarning: When training, we now always track global mean and variance.
  "When training, we now always track global mean and variance.")
2022-04-12 00:16:06	Epoch 12[32/192]: loss:0.44427, lr:0.40000, batch time:0.0699, data time:0.2016
2022-04-12 00:16:06	Epoch 12[96/192]: loss:0.43934, lr:0.40000, batch time:0.0586, data time:0.1897
2022-04-12 00:16:07	Epoch 12[160/192]: loss:0.43231, lr:0.40000, batch time:0.0696, data time:0.1736
2022-04-12 00:16:07	Epoch 12 training ends, total 1.45s
2022-04-12 00:16:07	Epoch 12 testing start
2022-04-12 00:16:07	Valid Loss: 0.0039673
2022-04-12 00:16:14	Epoch: 12	Catergory: zipper	Pixel-AUC: 0.964577	Image-AUC: 0.810399
2022-04-12 00:16:14	Epoch 12 testing end, total 7.22s
/opt/conda/envs/python35-paddle120-env/lib/python3.7/site-packages/paddle/nn/layer/norm.py:653: UserWarning: When training, we now always track global mean and variance.
  "When training, we now always track global mean and variance.")
2022-04-12 00:16:14	Epoch 13[32/192]: loss:0.42847, lr:0.40000, batch time:0.0706, data time:0.2014
2022-04-12 00:16:15	Epoch 13[96/192]: loss:0.41575, lr:0.40000, batch time:0.0524, data time:0.1921
2022-04-12 00:16:15	Epoch 13[160/192]: loss:0.41450, lr:0.40000, batch time:0.0520, data time:0.1726
2022-04-12 00:16:16	Epoch 13 training ends, total 1.45s
2022-04-12 00:16:16	Epoch 13 testing start
2022-04-12 00:16:16	Valid Loss: 0.0035876
2022-04-12 00:16:23	Epoch: 13	Catergory: zipper	Pixel-AUC: 0.967217	Image-AUC: 0.814863
2022-04-12 00:16:23	Epoch 13 testing end, total 7.21s
/opt/conda/envs/python35-paddle120-env/lib/python3.7/site-packages/paddle/nn/layer/norm.py:653: UserWarning: When training, we now always track global mean and variance.
  "When training, we now always track global mean and variance.")
2022-04-12 00:16:23	Epoch 14[32/192]: loss:0.40003, lr:0.40000, batch time:0.0717, data time:0.2011
2022-04-12 00:16:24	Epoch 14[96/192]: loss:0.40206, lr:0.40000, batch time:0.0712, data time:0.1723
2022-04-12 00:16:24	Epoch 14[160/192]: loss:0.39883, lr:0.40000, batch time:0.0728, data time:0.1716
2022-04-12 00:16:24	Epoch 14 training ends, total 1.46s
2022-04-12 00:16:24	Epoch 14 testing start
2022-04-12 00:16:25	Valid Loss: 0.0031020
2022-04-12 00:16:31	Epoch: 14	Catergory: zipper	Pixel-AUC: 0.969641	Image-AUC: 0.816176
2022-04-12 00:16:31	Epoch 14 testing end, total 7.16s
/opt/conda/envs/python35-paddle120-env/lib/python3.7/site-packages/paddle/nn/layer/norm.py:653: UserWarning: When training, we now always track global mean and variance.
  "When training, we now always track global mean and variance.")
2022-04-12 00:16:32	Epoch 15[32/192]: loss:0.39129, lr:0.40000, batch time:0.0668, data time:0.2005
2022-04-12 00:16:32	Epoch 15[96/192]: loss:0.38300, lr:0.40000, batch time:0.0504, data time:0.1876
2022-04-12 00:16:33	Epoch 15[160/192]: loss:0.38558, lr:0.40000, batch time:0.0515, data time:0.1857
2022-04-12 00:16:33	Epoch 15 training ends, total 1.42s
2022-04-12 00:16:33	Epoch 15 testing start
2022-04-12 00:16:33	Valid Loss: 0.0028454
2022-04-12 00:16:40	Epoch: 15	Catergory: zipper	Pixel-AUC: 0.971463	Image-AUC: 0.820903
2022-04-12 00:16:40	Epoch 15 testing end, total 7.11s
/opt/conda/envs/python35-paddle120-env/lib/python3.7/site-packages/paddle/nn/layer/norm.py:653: UserWarning: When training, we now always track global mean and variance.
  "When training, we now always track global mean and variance.")
2022-04-12 00:16:40	Epoch 16[32/192]: loss:0.37734, lr:0.40000, batch time:0.0735, data time:0.2003
2022-04-12 00:16:41	Epoch 16[96/192]: loss:0.37021, lr:0.40000, batch time:0.0527, data time:0.1730
2022-04-12 00:16:41	Epoch 16[160/192]: loss:0.37061, lr:0.40000, batch time:0.0327, data time:0.1901
2022-04-12 00:16:41	Epoch 16 training ends, total 1.45s
2022-04-12 00:16:41	Epoch 16 testing start
2022-04-12 00:16:42	Valid Loss: 0.0025845
2022-04-12 00:16:48	Epoch: 16	Catergory: zipper	Pixel-AUC: 0.973128	Image-AUC: 0.824580
2022-04-12 00:16:48	Epoch 16 testing end, total 7.10s
/opt/conda/envs/python35-paddle120-env/lib/python3.7/site-packages/paddle/nn/layer/norm.py:653: UserWarning: When training, we now always track global mean and variance.
  "When training, we now always track global mean and variance.")
2022-04-12 00:16:49	Epoch 17[32/192]: loss:0.36959, lr:0.40000, batch time:0.0704, data time:0.2026
2022-04-12 00:16:49	Epoch 17[96/192]: loss:0.36203, lr:0.40000, batch time:0.0707, data time:0.1757
2022-04-12 00:16:50	Epoch 17[160/192]: loss:0.35786, lr:0.40000, batch time:0.0520, data time:0.1742
2022-04-12 00:16:50	Epoch 17 training ends, total 1.46s
2022-04-12 00:16:50	Epoch 17 testing start
2022-04-12 00:16:50	Valid Loss: 0.0023268
2022-04-12 00:16:57	Epoch: 17	Catergory: zipper	Pixel-AUC: 0.974814	Image-AUC: 0.826943
2022-04-12 00:16:57	Epoch 17 testing end, total 7.18s
/opt/conda/envs/python35-paddle120-env/lib/python3.7/site-packages/paddle/nn/layer/norm.py:653: UserWarning: When training, we now always track global mean and variance.
  "When training, we now always track global mean and variance.")
2022-04-12 00:16:57	Epoch 18[32/192]: loss:0.36130, lr:0.40000, batch time:0.0853, data time:0.2025
2022-04-12 00:16:58	Epoch 18[96/192]: loss:0.35965, lr:0.40000, batch time:0.0776, data time:0.1739
2022-04-12 00:16:58	Epoch 18[160/192]: loss:0.34821, lr:0.40000, batch time:0.0678, data time:0.1748
2022-04-12 00:16:59	Epoch 18 training ends, total 1.49s
2022-04-12 00:16:59	Epoch 18 testing start
2022-04-12 00:16:59	Valid Loss: 0.0022111
2022-04-12 00:17:06	Epoch: 18	Catergory: zipper	Pixel-AUC: 0.975751	Image-AUC: 0.827468
2022-04-12 00:17:06	Epoch 18 testing end, total 7.13s
/opt/conda/envs/python35-paddle120-env/lib/python3.7/site-packages/paddle/nn/layer/norm.py:653: UserWarning: When training, we now always track global mean and variance.
  "When training, we now always track global mean and variance.")
2022-04-12 00:17:06	Epoch 19[32/192]: loss:0.34945, lr:0.40000, batch time:0.0674, data time:0.2010
2022-04-12 00:17:06	Epoch 19[96/192]: loss:0.34858, lr:0.40000, batch time:0.0508, data time:0.1900
2022-04-12 00:17:07	Epoch 19[160/192]: loss:0.34034, lr:0.40000, batch time:0.0671, data time:0.1885
2022-04-12 00:17:07	Epoch 19 training ends, total 1.43s
2022-04-12 00:17:07	Epoch 19 testing start
2022-04-12 00:17:08	Valid Loss: 0.0019843
2022-04-12 00:17:14	Epoch: 19	Catergory: zipper	Pixel-AUC: 0.976306	Image-AUC: 0.825893
2022-04-12 00:17:14	Epoch 19 testing end, total 7.09s
/opt/conda/envs/python35-paddle120-env/lib/python3.7/site-packages/paddle/nn/layer/norm.py:653: UserWarning: When training, we now always track global mean and variance.
  "When training, we now always track global mean and variance.")
2022-04-12 00:17:15	Epoch 20[32/192]: loss:0.34208, lr:0.40000, batch time:0.0670, data time:0.2020
2022-04-12 00:17:15	Epoch 20[96/192]: loss:0.33571, lr:0.40000, batch time:0.0520, data time:0.2074
2022-04-12 00:17:15	Epoch 20[160/192]: loss:0.33639, lr:0.40000, batch time:0.0507, data time:0.1643
2022-04-12 00:17:16	Epoch 20 training ends, total 1.42s
2022-04-12 00:17:16	Epoch 20 testing start
2022-04-12 00:17:16	Valid Loss: 0.0018925
2022-04-12 00:17:23	Epoch: 20	Catergory: zipper	Pixel-AUC: 0.976883	Image-AUC: 0.825368
2022-04-12 00:17:23	Epoch 20 testing end, total 7.09s
/opt/conda/envs/python35-paddle120-env/lib/python3.7/site-packages/paddle/nn/layer/norm.py:653: UserWarning: When training, we now always track global mean and variance.
  "When training, we now always track global mean and variance.")
2022-04-12 00:17:23	Epoch 21[32/192]: loss:0.33345, lr:0.40000, batch time:0.0736, data time:0.2006
2022-04-12 00:17:24	Epoch 21[96/192]: loss:0.33361, lr:0.40000, batch time:0.0534, data time:0.2096
2022-04-12 00:17:24	Epoch 21[160/192]: loss:0.33203, lr:0.40000, batch time:0.0527, data time:0.1887
2022-04-12 00:17:24	Epoch 21 training ends, total 1.45s
2022-04-12 00:17:24	Epoch 21 testing start
2022-04-12 00:17:25	Valid Loss: 0.0017954
2022-04-12 00:17:31	Epoch: 21	Catergory: zipper	Pixel-AUC: 0.977501	Image-AUC: 0.824055
2022-04-12 00:17:31	Epoch 21 testing end, total 7.11s
/opt/conda/envs/python35-paddle120-env/lib/python3.7/site-packages/paddle/nn/layer/norm.py:653: UserWarning: When training, we now always track global mean and variance.
  "When training, we now always track global mean and variance.")
2022-04-12 00:17:32	Epoch 22[32/192]: loss:0.33373, lr:0.40000, batch time:0.0706, data time:0.2003
2022-04-12 00:17:32	Epoch 22[96/192]: loss:0.32710, lr:0.40000, batch time:0.0698, data time:0.1741
2022-04-12 00:17:33	Epoch 22[160/192]: loss:0.32090, lr:0.40000, batch time:0.0699, data time:0.1755
2022-04-12 00:17:33	Epoch 22 training ends, total 1.46s
2022-04-12 00:17:33	Epoch 22 testing start
2022-04-12 00:17:33	Valid Loss: 0.0017435
2022-04-12 00:17:40	Epoch: 22	Catergory: zipper	Pixel-AUC: 0.977724	Image-AUC: 0.820116
2022-04-12 00:17:40	Epoch 22 testing end, total 7.13s
/opt/conda/envs/python35-paddle120-env/lib/python3.7/site-packages/paddle/nn/layer/norm.py:653: UserWarning: When training, we now always track global mean and variance.
  "When training, we now always track global mean and variance.")
2022-04-12 00:17:40	Epoch 23[32/192]: loss:0.32133, lr:0.40000, batch time:0.0330, data time:0.2028
2022-04-12 00:17:41	Epoch 23[96/192]: loss:0.32442, lr:0.40000, batch time:0.0530, data time:0.1895
2022-04-12 00:17:41	Epoch 23[160/192]: loss:0.31879, lr:0.40000, batch time:0.0323, data time:0.1904
2022-04-12 00:17:41	Epoch 23 training ends, total 1.45s
2022-04-12 00:17:41	Epoch 23 testing start
2022-04-12 00:17:42	Valid Loss: 0.0016720
2022-04-12 00:17:48	Epoch: 23	Catergory: zipper	Pixel-AUC: 0.978202	Image-AUC: 0.823529
2022-04-12 00:17:48	Epoch 23 testing end, total 7.12s
/opt/conda/envs/python35-paddle120-env/lib/python3.7/site-packages/paddle/nn/layer/norm.py:653: UserWarning: When training, we now always track global mean and variance.
  "When training, we now always track global mean and variance.")
2022-04-12 00:17:49	Epoch 24[32/192]: loss:0.31898, lr:0.40000, batch time:0.0701, data time:0.2017
2022-04-12 00:17:49	Epoch 24[96/192]: loss:0.31559, lr:0.40000, batch time:0.0697, data time:0.2144
2022-04-12 00:17:50	Epoch 24[160/192]: loss:0.31098, lr:0.40000, batch time:0.0330, data time:0.2103
2022-04-12 00:17:50	Epoch 24 training ends, total 1.46s
2022-04-12 00:17:50	Epoch 24 testing start
2022-04-12 00:17:50	Valid Loss: 0.0016413
2022-04-12 00:17:57	Epoch: 24	Catergory: zipper	Pixel-AUC: 0.977299	Image-AUC: 0.823267
2022-04-12 00:17:57	Epoch 24 testing end, total 7.17s
/opt/conda/envs/python35-paddle120-env/lib/python3.7/site-packages/paddle/nn/layer/norm.py:653: UserWarning: When training, we now always track global mean and variance.
  "When training, we now always track global mean and variance.")
2022-04-12 00:17:57	Epoch 25[32/192]: loss:0.31362, lr:0.40000, batch time:0.0703, data time:0.2010
2022-04-12 00:17:58	Epoch 25[96/192]: loss:0.30144, lr:0.40000, batch time:0.0321, data time:0.1903
2022-04-12 00:17:58	Epoch 25[160/192]: loss:0.30014, lr:0.40000, batch time:0.0532, data time:0.2102
2022-04-12 00:17:59	Epoch 25 training ends, total 1.45s
2022-04-12 00:17:59	Epoch 25 testing start
2022-04-12 00:17:59	Valid Loss: 0.0015705
2022-04-12 00:18:06	Epoch: 25	Catergory: zipper	Pixel-AUC: 0.976889	Image-AUC: 0.819065
2022-04-12 00:18:06	Epoch 25 testing end, total 7.19s
/opt/conda/envs/python35-paddle120-env/lib/python3.7/site-packages/paddle/nn/layer/norm.py:653: UserWarning: When training, we now always track global mean and variance.
  "When training, we now always track global mean and variance.")
2022-04-12 00:18:06	Epoch 26[32/192]: loss:0.30458, lr:0.40000, batch time:0.0328, data time:0.2050
2022-04-12 00:18:07	Epoch 26[96/192]: loss:0.30150, lr:0.40000, batch time:0.0773, data time:0.1760
2022-04-12 00:18:07	Epoch 26[160/192]: loss:0.29517, lr:0.40000, batch time:0.0767, data time:0.1766
2022-04-12 00:18:07	Epoch 26 training ends, total 1.50s
2022-04-12 00:18:07	Epoch 26 testing start
2022-04-12 00:18:08	Valid Loss: 0.0014370
2022-04-12 00:18:14	Epoch: 26	Catergory: zipper	Pixel-AUC: 0.977866	Image-AUC: 0.823792
2022-04-12 00:18:14	Epoch 26 testing end, total 7.15s
/opt/conda/envs/python35-paddle120-env/lib/python3.7/site-packages/paddle/nn/layer/norm.py:653: UserWarning: When training, we now always track global mean and variance.
  "When training, we now always track global mean and variance.")
2022-04-12 00:18:15	Epoch 27[32/192]: loss:0.28868, lr:0.40000, batch time:0.0731, data time:0.1997
2022-04-12 00:18:15	Epoch 27[96/192]: loss:0.30653, lr:0.40000, batch time:0.0715, data time:0.1785
2022-04-12 00:18:16	Epoch 27[160/192]: loss:0.29178, lr:0.40000, batch time:0.0700, data time:0.1720
2022-04-12 00:18:16	Epoch 27 training ends, total 1.46s
2022-04-12 00:18:16	Epoch 27 testing start
2022-04-12 00:18:16	Valid Loss: 0.0013011
2022-04-12 00:18:23	Epoch: 27	Catergory: zipper	Pixel-AUC: 0.978954	Image-AUC: 0.828256
2022-04-12 00:18:23	Epoch 27 testing end, total 7.18s
/opt/conda/envs/python35-paddle120-env/lib/python3.7/site-packages/paddle/nn/layer/norm.py:653: UserWarning: When training, we now always track global mean and variance.
  "When training, we now always track global mean and variance.")
2022-04-12 00:18:23	Epoch 28[32/192]: loss:0.29897, lr:0.40000, batch time:0.0705, data time:0.2002
2022-04-12 00:18:24	Epoch 28[96/192]: loss:0.28921, lr:0.40000, batch time:0.0322, data time:0.1765
2022-04-12 00:18:24	Epoch 28[160/192]: loss:0.28195, lr:0.40000, batch time:0.0704, data time:0.1750
2022-04-12 00:18:24	Epoch 28 training ends, total 1.45s
2022-04-12 00:18:24	Epoch 28 testing start
2022-04-12 00:18:25	Valid Loss: 0.0012673
2022-04-12 00:18:32	Epoch: 28	Catergory: zipper	Pixel-AUC: 0.979258	Image-AUC: 0.823004
2022-04-12 00:18:32	Epoch 28 testing end, total 7.14s
/opt/conda/envs/python35-paddle120-env/lib/python3.7/site-packages/paddle/nn/layer/norm.py:653: UserWarning: When training, we now always track global mean and variance.
  "When training, we now always track global mean and variance.")
2022-04-12 00:18:32	Epoch 29[32/192]: loss:0.28679, lr:0.40000, batch time:0.0706, data time:0.2002
2022-04-12 00:18:32	Epoch 29[96/192]: loss:0.27906, lr:0.40000, batch time:0.0497, data time:0.2095
2022-04-12 00:18:33	Epoch 29[160/192]: loss:0.28115, lr:0.40000, batch time:0.0322, data time:0.1702
2022-04-12 00:18:33	Epoch 29 training ends, total 1.44s
2022-04-12 00:18:33	Epoch 29 testing start
2022-04-12 00:18:33	Valid Loss: 0.0011620
2022-04-12 00:18:40	Epoch: 29	Catergory: zipper	Pixel-AUC: 0.979562	Image-AUC: 0.824317
2022-04-12 00:18:40	Epoch 29 testing end, total 7.20s
/opt/conda/envs/python35-paddle120-env/lib/python3.7/site-packages/paddle/nn/layer/norm.py:653: UserWarning: When training, we now always track global mean and variance.
  "When training, we now always track global mean and variance.")
2022-04-12 00:18:41	Epoch 30[32/192]: loss:0.28277, lr:0.40000, batch time:0.0711, data time:0.2004
2022-04-12 00:18:41	Epoch 30[96/192]: loss:0.28065, lr:0.40000, batch time:0.0701, data time:0.2090
2022-04-12 00:18:41	Epoch 30[160/192]: loss:0.26695, lr:0.40000, batch time:0.0315, data time:0.1891
2022-04-12 00:18:42	Epoch 30 training ends, total 1.44s
2022-04-12 00:18:42	Epoch 30 testing start
2022-04-12 00:18:42	Valid Loss: 0.0010853
2022-04-12 00:18:49	Epoch: 30	Catergory: zipper	Pixel-AUC: 0.979966	Image-AUC: 0.825368
2022-04-12 00:18:49	Epoch 30 testing end, total 7.21s
/opt/conda/envs/python35-paddle120-env/lib/python3.7/site-packages/paddle/nn/layer/norm.py:653: UserWarning: When training, we now always track global mean and variance.
  "When training, we now always track global mean and variance.")
2022-04-12 00:18:49	Epoch 31[32/192]: loss:0.27429, lr:0.40000, batch time:0.0701, data time:0.1995
2022-04-12 00:18:50	Epoch 31[96/192]: loss:0.27123, lr:0.40000, batch time:0.0517, data time:0.2074
2022-04-12 00:18:50	Epoch 31[160/192]: loss:0.27467, lr:0.40000, batch time:0.0696, data time:0.1884
2022-04-12 00:18:50	Epoch 31 training ends, total 1.44s
2022-04-12 00:18:50	Epoch 31 testing start
2022-04-12 00:18:51	Valid Loss: 0.0010705
2022-04-12 00:18:58	Epoch: 31	Catergory: zipper	Pixel-AUC: 0.980102	Image-AUC: 0.825368
2022-04-12 00:18:58	Epoch 31 testing end, total 7.17s
/opt/conda/envs/python35-paddle120-env/lib/python3.7/site-packages/paddle/nn/layer/norm.py:653: UserWarning: When training, we now always track global mean and variance.
  "When training, we now always track global mean and variance.")
2022-04-12 00:18:58	Epoch 32[32/192]: loss:0.27661, lr:0.40000, batch time:0.0733, data time:0.2015
2022-04-12 00:18:58	Epoch 32[96/192]: loss:0.26595, lr:0.40000, batch time:0.0325, data time:0.2116
2022-04-12 00:18:59	Epoch 32[160/192]: loss:0.27195, lr:0.40000, batch time:0.0696, data time:0.1912
2022-04-12 00:18:59	Epoch 32 training ends, total 1.46s
2022-04-12 00:18:59	Epoch 32 testing start
2022-04-12 00:18:59	Valid Loss: 0.0010276
2022-04-12 00:19:06	Epoch: 32	Catergory: zipper	Pixel-AUC: 0.980608	Image-AUC: 0.824055
2022-04-12 00:19:06	Epoch 32 testing end, total 7.13s
/opt/conda/envs/python35-paddle120-env/lib/python3.7/site-packages/paddle/nn/layer/norm.py:653: UserWarning: When training, we now always track global mean and variance.
  "When training, we now always track global mean and variance.")
2022-04-12 00:19:06	Epoch 33[32/192]: loss:0.26845, lr:0.40000, batch time:0.0703, data time:0.2006
2022-04-12 00:19:07	Epoch 33[96/192]: loss:0.26257, lr:0.40000, batch time:0.0396, data time:0.1728
2022-04-12 00:19:07	Epoch 33[160/192]: loss:0.26644, lr:0.40000, batch time:0.0329, data time:0.2105
2022-04-12 00:19:08	Epoch 33 training ends, total 1.45s
2022-04-12 00:19:08	Epoch 33 testing start
2022-04-12 00:19:08	Valid Loss: 0.0009764
2022-04-12 00:19:15	Epoch: 33	Catergory: zipper	Pixel-AUC: 0.980392	Image-AUC: 0.824317
2022-04-12 00:19:15	Epoch 33 testing end, total 7.09s
/opt/conda/envs/python35-paddle120-env/lib/python3.7/site-packages/paddle/nn/layer/norm.py:653: UserWarning: When training, we now always track global mean and variance.
  "When training, we now always track global mean and variance.")
2022-04-12 00:19:15	Epoch 34[32/192]: loss:0.26689, lr:0.40000, batch time:0.0697, data time:0.2010
2022-04-12 00:19:15	Epoch 34[96/192]: loss:0.26065, lr:0.40000, batch time:0.0528, data time:0.1903
2022-04-12 00:19:16	Epoch 34[160/192]: loss:0.25979, lr:0.40000, batch time:0.0707, data time:0.1735
2022-04-12 00:19:16	Epoch 34 training ends, total 1.45s
2022-04-12 00:19:16	Epoch 34 testing start
2022-04-12 00:19:16	Valid Loss: 0.0009265
2022-04-12 00:19:23	Epoch: 34	Catergory: zipper	Pixel-AUC: 0.980401	Image-AUC: 0.826681
2022-04-12 00:19:23	Epoch 34 testing end, total 7.12s
/opt/conda/envs/python35-paddle120-env/lib/python3.7/site-packages/paddle/nn/layer/norm.py:653: UserWarning: When training, we now always track global mean and variance.
  "When training, we now always track global mean and variance.")
2022-04-12 00:19:23	Epoch 35[32/192]: loss:0.26291, lr:0.40000, batch time:0.0719, data time:0.2004
2022-04-12 00:19:24	Epoch 35[96/192]: loss:0.26544, lr:0.40000, batch time:0.0347, data time:0.2103
2022-04-12 00:19:24	Epoch 35[160/192]: loss:0.25420, lr:0.40000, batch time:0.0321, data time:0.1925
2022-04-12 00:19:25	Epoch 35 training ends, total 1.44s
2022-04-12 00:19:25	Epoch 35 testing start
2022-04-12 00:19:25	Valid Loss: 0.0009183
2022-04-12 00:19:32	Epoch: 35	Catergory: zipper	Pixel-AUC: 0.980152	Image-AUC: 0.824317
2022-04-12 00:19:32	Epoch 35 testing end, total 7.21s
/opt/conda/envs/python35-paddle120-env/lib/python3.7/site-packages/paddle/nn/layer/norm.py:653: UserWarning: When training, we now always track global mean and variance.
  "When training, we now always track global mean and variance.")
2022-04-12 00:19:32	Epoch 36[32/192]: loss:0.25565, lr:0.40000, batch time:0.0701, data time:0.2537
2022-04-12 00:19:33	Epoch 36[96/192]: loss:0.25925, lr:0.40000, batch time:0.0530, data time:0.2099
2022-04-12 00:19:33	Epoch 36[160/192]: loss:0.25450, lr:0.40000, batch time:0.0511, data time:0.1895
2022-04-12 00:19:33	Epoch 36 training ends, total 1.50s
2022-04-12 00:19:33	Epoch 36 testing start
2022-04-12 00:19:34	Valid Loss: 0.0008779
2022-04-12 00:19:41	Epoch: 36	Catergory: zipper	Pixel-AUC: 0.980381	Image-AUC: 0.823004
2022-04-12 00:19:41	Epoch 36 testing end, total 7.17s
/opt/conda/envs/python35-paddle120-env/lib/python3.7/site-packages/paddle/nn/layer/norm.py:653: UserWarning: When training, we now always track global mean and variance.
  "When training, we now always track global mean and variance.")
2022-04-12 00:19:41	Epoch 37[32/192]: loss:0.25571, lr:0.40000, batch time:0.0708, data time:0.2005
2022-04-12 00:19:41	Epoch 37[96/192]: loss:0.25387, lr:0.40000, batch time:0.0517, data time:0.1705
2022-04-12 00:19:42	Epoch 37[160/192]: loss:0.25229, lr:0.40000, batch time:0.0532, data time:0.1889
2022-04-12 00:19:42	Epoch 37 training ends, total 1.44s
2022-04-12 00:19:42	Epoch 37 testing start
2022-04-12 00:19:42	Valid Loss: 0.0008715
2022-04-12 00:19:49	Epoch: 37	Catergory: zipper	Pixel-AUC: 0.980735	Image-AUC: 0.824317
2022-04-12 00:19:49	Epoch 37 testing end, total 7.11s
/opt/conda/envs/python35-paddle120-env/lib/python3.7/site-packages/paddle/nn/layer/norm.py:653: UserWarning: When training, we now always track global mean and variance.
  "When training, we now always track global mean and variance.")
2022-04-12 00:19:49	Epoch 38[32/192]: loss:0.24930, lr:0.40000, batch time:0.0735, data time:0.1995
2022-04-12 00:19:50	Epoch 38[96/192]: loss:0.25225, lr:0.40000, batch time:0.0704, data time:0.1725
2022-04-12 00:19:50	Epoch 38[160/192]: loss:0.25210, lr:0.40000, batch time:0.0318, data time:0.1908
2022-04-12 00:19:51	Epoch 38 training ends, total 1.45s
2022-04-12 00:19:51	Epoch 38 testing start
2022-04-12 00:19:51	Valid Loss: 0.0008412
2022-04-12 00:19:58	Epoch: 38	Catergory: zipper	Pixel-AUC: 0.980793	Image-AUC: 0.826943
2022-04-12 00:19:58	Epoch 38 testing end, total 7.13s
/opt/conda/envs/python35-paddle120-env/lib/python3.7/site-packages/paddle/nn/layer/norm.py:653: UserWarning: When training, we now always track global mean and variance.
  "When training, we now always track global mean and variance.")
2022-04-12 00:19:58	Epoch 39[32/192]: loss:0.25319, lr:0.40000, batch time:0.0704, data time:0.2002
2022-04-12 00:19:58	Epoch 39[96/192]: loss:0.24871, lr:0.40000, batch time:0.0516, data time:0.1893
2022-04-12 00:19:59	Epoch 39[160/192]: loss:0.24598, lr:0.40000, batch time:0.0320, data time:0.1886
2022-04-12 00:19:59	Epoch 39 training ends, total 1.44s
2022-04-12 00:19:59	Epoch 39 testing start
2022-04-12 00:19:59	Valid Loss: 0.0008241
2022-04-12 00:20:06	Epoch: 39	Catergory: zipper	Pixel-AUC: 0.980366	Image-AUC: 0.821954
2022-04-12 00:20:06	Epoch 39 testing end, total 7.14s
/opt/conda/envs/python35-paddle120-env/lib/python3.7/site-packages/paddle/nn/layer/norm.py:653: UserWarning: When training, we now always track global mean and variance.
  "When training, we now always track global mean and variance.")
2022-04-12 00:20:07	Epoch 40[32/192]: loss:0.24708, lr:0.40000, batch time:0.0701, data time:0.2001
2022-04-12 00:20:07	Epoch 40[96/192]: loss:0.24597, lr:0.40000, batch time:0.0324, data time:0.1892
2022-04-12 00:20:08	Epoch 40[160/192]: loss:0.24689, lr:0.40000, batch time:0.0703, data time:0.1751
2022-04-12 00:20:08	Epoch 40 training ends, total 1.45s
2022-04-12 00:20:08	Epoch 40 testing start
2022-04-12 00:20:08	Valid Loss: 0.0007967
2022-04-12 00:20:15	Epoch: 40	Catergory: zipper	Pixel-AUC: 0.981001	Image-AUC: 0.825630
2022-04-12 00:20:15	Epoch 40 testing end, total 7.10s
/opt/conda/envs/python35-paddle120-env/lib/python3.7/site-packages/paddle/nn/layer/norm.py:653: UserWarning: When training, we now always track global mean and variance.
  "When training, we now always track global mean and variance.")
2022-04-12 00:20:15	Epoch 41[32/192]: loss:0.24627, lr:0.40000, batch time:0.0698, data time:0.2007
2022-04-12 00:20:16	Epoch 41[96/192]: loss:0.24105, lr:0.40000, batch time:0.0512, data time:0.1899
2022-04-12 00:20:16	Epoch 41[160/192]: loss:0.24415, lr:0.40000, batch time:0.0528, data time:0.1900
2022-04-12 00:20:16	Epoch 41 training ends, total 1.45s
2022-04-12 00:20:16	Epoch 41 testing start
2022-04-12 00:20:17	Valid Loss: 0.0008009
2022-04-12 00:20:23	Epoch: 41	Catergory: zipper	Pixel-AUC: 0.980996	Image-AUC: 0.821954
2022-04-12 00:20:23	Epoch 41 testing end, total 7.04s
/opt/conda/envs/python35-paddle120-env/lib/python3.7/site-packages/paddle/nn/layer/norm.py:653: UserWarning: When training, we now always track global mean and variance.
  "When training, we now always track global mean and variance.")
2022-04-12 00:20:24	Epoch 42[32/192]: loss:0.24532, lr:0.40000, batch time:0.0700, data time:0.2006
2022-04-12 00:20:24	Epoch 42[96/192]: loss:0.24355, lr:0.40000, batch time:0.0322, data time:0.1903
2022-04-12 00:20:25	Epoch 42[160/192]: loss:0.24177, lr:0.40000, batch time:0.0320, data time:0.1904
2022-04-12 00:20:25	Epoch 42 training ends, total 1.44s
2022-04-12 00:20:25	Epoch 42 testing start
2022-04-12 00:20:25	Valid Loss: 0.0007616
2022-04-12 00:20:32	Epoch: 42	Catergory: zipper	Pixel-AUC: 0.981625	Image-AUC: 0.828782
2022-04-12 00:20:32	Epoch 42 testing end, total 7.09s
/opt/conda/envs/python35-paddle120-env/lib/python3.7/site-packages/paddle/nn/layer/norm.py:653: UserWarning: When training, we now always track global mean and variance.
  "When training, we now always track global mean and variance.")
2022-04-12 00:20:32	Epoch 43[32/192]: loss:0.23979, lr:0.40000, batch time:0.0735, data time:0.2005
2022-04-12 00:20:33	Epoch 43[96/192]: loss:0.24460, lr:0.40000, batch time:0.0326, data time:0.2113
2022-04-12 00:20:33	Epoch 43[160/192]: loss:0.23757, lr:0.40000, batch time:0.0519, data time:0.1889
2022-04-12 00:20:33	Epoch 43 training ends, total 1.45s
2022-04-12 00:20:33	Epoch 43 testing start
2022-04-12 00:20:34	Valid Loss: 0.0007560
2022-04-12 00:20:40	Epoch: 43	Catergory: zipper	Pixel-AUC: 0.980648	Image-AUC: 0.823792
2022-04-12 00:20:40	Epoch 43 testing end, total 7.12s
/opt/conda/envs/python35-paddle120-env/lib/python3.7/site-packages/paddle/nn/layer/norm.py:653: UserWarning: When training, we now always track global mean and variance.
  "When training, we now always track global mean and variance.")
2022-04-12 00:20:41	Epoch 44[32/192]: loss:0.23858, lr:0.40000, batch time:0.0701, data time:0.2020
2022-04-12 00:20:41	Epoch 44[96/192]: loss:0.24315, lr:0.40000, batch time:0.0698, data time:0.1906
2022-04-12 00:20:42	Epoch 44[160/192]: loss:0.24256, lr:0.40000, batch time:0.0527, data time:0.1910
2022-04-12 00:20:42	Epoch 44 training ends, total 1.45s
2022-04-12 00:20:42	Epoch 44 testing start
2022-04-12 00:20:42	Valid Loss: 0.0007333
2022-04-12 00:20:49	Epoch: 44	Catergory: zipper	Pixel-AUC: 0.981058	Image-AUC: 0.825105
2022-04-12 00:20:49	Epoch 44 testing end, total 7.08s
/opt/conda/envs/python35-paddle120-env/lib/python3.7/site-packages/paddle/nn/layer/norm.py:653: UserWarning: When training, we now always track global mean and variance.
  "When training, we now always track global mean and variance.")
2022-04-12 00:20:49	Epoch 45[32/192]: loss:0.23663, lr:0.40000, batch time:0.0699, data time:0.1996
2022-04-12 00:20:50	Epoch 45[96/192]: loss:0.23501, lr:0.40000, batch time:0.0526, data time:0.1880
2022-04-12 00:20:50	Epoch 45[160/192]: loss:0.23812, lr:0.40000, batch time:0.0724, data time:0.1721
2022-04-12 00:20:50	Epoch 45 training ends, total 1.44s
2022-04-12 00:20:50	Epoch 45 testing start
2022-04-12 00:20:51	Valid Loss: 0.0007267
2022-04-12 00:20:58	Epoch: 45	Catergory: zipper	Pixel-AUC: 0.980881	Image-AUC: 0.825368
2022-04-12 00:20:58	Epoch 45 testing end, total 7.22s
/opt/conda/envs/python35-paddle120-env/lib/python3.7/site-packages/paddle/nn/layer/norm.py:653: UserWarning: When training, we now always track global mean and variance.
  "When training, we now always track global mean and variance.")
2022-04-12 00:20:58	Epoch 46[32/192]: loss:0.23852, lr:0.40000, batch time:0.0666, data time:0.1990
2022-04-12 00:20:58	Epoch 46[96/192]: loss:0.23260, lr:0.40000, batch time:0.0505, data time:0.1881
2022-04-12 00:20:59	Epoch 46[160/192]: loss:0.23958, lr:0.40000, batch time:0.0310, data time:0.1850
2022-04-12 00:20:59	Epoch 46 training ends, total 1.42s
2022-04-12 00:20:59	Epoch 46 testing start
2022-04-12 00:20:59	Valid Loss: 0.0007073
2022-04-12 00:21:06	Epoch: 46	Catergory: zipper	Pixel-AUC: 0.981330	Image-AUC: 0.831670
2022-04-12 00:21:06	Epoch 46 testing end, total 7.15s
/opt/conda/envs/python35-paddle120-env/lib/python3.7/site-packages/paddle/nn/layer/norm.py:653: UserWarning: When training, we now always track global mean and variance.
  "When training, we now always track global mean and variance.")
2022-04-12 00:21:06	Epoch 47[32/192]: loss:0.23458, lr:0.40000, batch time:0.0667, data time:0.2010
2022-04-12 00:21:07	Epoch 47[96/192]: loss:0.23367, lr:0.40000, batch time:0.0496, data time:0.1889
2022-04-12 00:21:07	Epoch 47[160/192]: loss:0.23366, lr:0.40000, batch time:0.0490, data time:0.1884
2022-04-12 00:21:08	Epoch 47 training ends, total 1.42s
2022-04-12 00:21:08	Epoch 47 testing start
2022-04-12 00:21:08	Valid Loss: 0.0007222
2022-04-12 00:21:14	Epoch: 47	Catergory: zipper	Pixel-AUC: 0.980462	Image-AUC: 0.824842
2022-04-12 00:21:15	Epoch 47 testing end, total 6.93s
/opt/conda/envs/python35-paddle120-env/lib/python3.7/site-packages/paddle/nn/layer/norm.py:653: UserWarning: When training, we now always track global mean and variance.
  "When training, we now always track global mean and variance.")
2022-04-12 00:21:15	Epoch 48[32/192]: loss:0.22849, lr:0.40000, batch time:0.0670, data time:0.2019
2022-04-12 00:21:15	Epoch 48[96/192]: loss:0.23258, lr:0.40000, batch time:0.0507, data time:0.1879
2022-04-12 00:21:16	Epoch 48[160/192]: loss:0.23004, lr:0.40000, batch time:0.0495, data time:0.1874
2022-04-12 00:21:16	Epoch 48 training ends, total 1.43s
2022-04-12 00:21:16	Epoch 48 testing start
2022-04-12 00:21:16	Valid Loss: 0.0006918
2022-04-12 00:21:23	Epoch: 48	Catergory: zipper	Pixel-AUC: 0.981137	Image-AUC: 0.832721
2022-04-12 00:21:23	Epoch 48 testing end, total 7.07s
/opt/conda/envs/python35-paddle120-env/lib/python3.7/site-packages/paddle/nn/layer/norm.py:653: UserWarning: When training, we now always track global mean and variance.
  "When training, we now always track global mean and variance.")
2022-04-12 00:21:23	Epoch 49[32/192]: loss:0.23070, lr:0.40000, batch time:0.0744, data time:0.2015
2022-04-12 00:21:24	Epoch 49[96/192]: loss:0.23341, lr:0.40000, batch time:0.0717, data time:0.1768
2022-04-12 00:21:24	Epoch 49[160/192]: loss:0.22824, lr:0.40000, batch time:0.0324, data time:0.1732
2022-04-12 00:21:25	Epoch 49 training ends, total 1.49s
2022-04-12 00:21:25	Epoch 49 testing start
2022-04-12 00:21:25	Valid Loss: 0.0006625
2022-04-12 00:21:32	Epoch: 49	Catergory: zipper	Pixel-AUC: 0.981301	Image-AUC: 0.831408
2022-04-12 00:21:32	Epoch 49 testing end, total 7.25s
/opt/conda/envs/python35-paddle120-env/lib/python3.7/site-packages/paddle/nn/layer/norm.py:653: UserWarning: When training, we now always track global mean and variance.
  "When training, we now always track global mean and variance.")
2022-04-12 00:21:32	Epoch 50[32/192]: loss:0.22541, lr:0.40000, batch time:0.0705, data time:0.1990
2022-04-12 00:21:33	Epoch 50[96/192]: loss:0.22659, lr:0.40000, batch time:0.0698, data time:0.1724
2022-04-12 00:21:33	Epoch 50[160/192]: loss:0.24299, lr:0.40000, batch time:0.0708, data time:0.2096
2022-04-12 00:21:33	Epoch 50 training ends, total 1.44s
2022-04-12 00:21:33	Epoch 50 testing start
2022-04-12 00:21:34	Valid Loss: 0.0006467
2022-04-12 00:21:40	Epoch: 50	Catergory: zipper	Pixel-AUC: 0.981293	Image-AUC: 0.830620
2022-04-12 00:21:40	Epoch 50 testing end, total 7.16s
/opt/conda/envs/python35-paddle120-env/lib/python3.7/site-packages/paddle/nn/layer/norm.py:653: UserWarning: When training, we now always track global mean and variance.
  "When training, we now always track global mean and variance.")
2022-04-12 00:21:41	Epoch 51[32/192]: loss:0.22897, lr:0.40000, batch time:0.0718, data time:0.2005
2022-04-12 00:21:41	Epoch 51[96/192]: loss:0.22747, lr:0.40000, batch time:0.0700, data time:0.1727
2022-04-12 00:21:42	Epoch 51[160/192]: loss:0.23493, lr:0.40000, batch time:0.0322, data time:0.1896
2022-04-12 00:21:42	Epoch 51 training ends, total 1.44s
2022-04-12 00:21:42	Epoch 51 testing start
2022-04-12 00:21:42	Valid Loss: 0.0006753
2022-04-12 00:21:49	Epoch: 51	Catergory: zipper	Pixel-AUC: 0.980887	Image-AUC: 0.835609
2022-04-12 00:21:49	Epoch 51 testing end, total 7.01s
/opt/conda/envs/python35-paddle120-env/lib/python3.7/site-packages/paddle/nn/layer/norm.py:653: UserWarning: When training, we now always track global mean and variance.
  "When training, we now always track global mean and variance.")
2022-04-12 00:21:49	Epoch 52[32/192]: loss:0.22994, lr:0.40000, batch time:0.0711, data time:0.2127
2022-04-12 00:21:50	Epoch 52[96/192]: loss:0.22777, lr:0.40000, batch time:0.0516, data time:0.1733
2022-04-12 00:21:50	Epoch 52[160/192]: loss:0.23889, lr:0.40000, batch time:0.0520, data time:0.1886
2022-04-12 00:21:50	Epoch 52 training ends, total 1.45s
2022-04-12 00:21:50	Epoch 52 testing start
2022-04-12 00:21:51	Valid Loss: 0.0006589
2022-04-12 00:21:57	Epoch: 52	Catergory: zipper	Pixel-AUC: 0.981244	Image-AUC: 0.830095
2022-04-12 00:21:57	Epoch 52 testing end, total 7.03s
/opt/conda/envs/python35-paddle120-env/lib/python3.7/site-packages/paddle/nn/layer/norm.py:653: UserWarning: When training, we now always track global mean and variance.
  "When training, we now always track global mean and variance.")
2022-04-12 00:21:58	Epoch 53[32/192]: loss:0.22300, lr:0.40000, batch time:0.0815, data time:0.2014
2022-04-12 00:21:58	Epoch 53[96/192]: loss:0.22821, lr:0.40000, batch time:0.0790, data time:0.1732
2022-04-12 00:21:59	Epoch 53[160/192]: loss:0.23077, lr:0.40000, batch time:0.0655, data time:0.1731
2022-04-12 00:21:59	Epoch 53 training ends, total 1.49s
2022-04-12 00:21:59	Epoch 53 testing start
2022-04-12 00:21:59	Valid Loss: 0.0006326
2022-04-12 00:22:06	Epoch: 53	Catergory: zipper	Pixel-AUC: 0.981522	Image-AUC: 0.837973
2022-04-12 00:22:06	Epoch 53 testing end, total 7.13s
/opt/conda/envs/python35-paddle120-env/lib/python3.7/site-packages/paddle/nn/layer/norm.py:653: UserWarning: When training, we now always track global mean and variance.
  "When training, we now always track global mean and variance.")
2022-04-12 00:22:06	Epoch 54[32/192]: loss:0.22568, lr:0.40000, batch time:0.0736, data time:0.2020
2022-04-12 00:22:07	Epoch 54[96/192]: loss:0.23018, lr:0.40000, batch time:0.0528, data time:0.1917
2022-04-12 00:22:07	Epoch 54[160/192]: loss:0.22913, lr:0.40000, batch time:0.0514, data time:0.1893
2022-04-12 00:22:07	Epoch 54 training ends, total 1.45s
2022-04-12 00:22:07	Epoch 54 testing start
2022-04-12 00:22:08	Valid Loss: 0.0006253
2022-04-12 00:22:15	Epoch: 54	Catergory: zipper	Pixel-AUC: 0.981131	Image-AUC: 0.830620
2022-04-12 00:22:15	Epoch 54 testing end, total 7.19s
/opt/conda/envs/python35-paddle120-env/lib/python3.7/site-packages/paddle/nn/layer/norm.py:653: UserWarning: When training, we now always track global mean and variance.
  "When training, we now always track global mean and variance.")
2022-04-12 00:22:15	Epoch 55[32/192]: loss:0.22065, lr:0.40000, batch time:0.0708, data time:0.2019
2022-04-12 00:22:15	Epoch 55[96/192]: loss:0.21955, lr:0.40000, batch time:0.0320, data time:0.1904
2022-04-12 00:22:16	Epoch 55[160/192]: loss:0.22690, lr:0.40000, batch time:0.0521, data time:0.1890
2022-04-12 00:22:16	Epoch 55 training ends, total 1.45s
2022-04-12 00:22:16	Epoch 55 testing start
2022-04-12 00:22:16	Valid Loss: 0.0006292
2022-04-12 00:22:23	Epoch: 55	Catergory: zipper	Pixel-AUC: 0.981147	Image-AUC: 0.829044
2022-04-12 00:22:23	Epoch 55 testing end, total 6.97s
/opt/conda/envs/python35-paddle120-env/lib/python3.7/site-packages/paddle/nn/layer/norm.py:653: UserWarning: When training, we now always track global mean and variance.
  "When training, we now always track global mean and variance.")
2022-04-12 00:22:23	Epoch 56[32/192]: loss:0.22071, lr:0.40000, batch time:0.0702, data time:0.2010
2022-04-12 00:22:24	Epoch 56[96/192]: loss:0.22553, lr:0.40000, batch time:0.0528, data time:0.1891
2022-04-12 00:22:24	Epoch 56[160/192]: loss:0.21622, lr:0.40000, batch time:0.0519, data time:0.1914
2022-04-12 00:22:24	Epoch 56 training ends, total 1.44s
2022-04-12 00:22:24	Epoch 56 testing start
2022-04-12 00:22:25	Valid Loss: 0.0006327
2022-04-12 00:22:31	Epoch: 56	Catergory: zipper	Pixel-AUC: 0.980982	Image-AUC: 0.826418
2022-04-12 00:22:31	Epoch 56 testing end, total 7.03s
/opt/conda/envs/python35-paddle120-env/lib/python3.7/site-packages/paddle/nn/layer/norm.py:653: UserWarning: When training, we now always track global mean and variance.
  "When training, we now always track global mean and variance.")
2022-04-12 00:22:32	Epoch 57[32/192]: loss:0.21962, lr:0.40000, batch time:0.0810, data time:0.2039
2022-04-12 00:22:32	Epoch 57[96/192]: loss:0.22286, lr:0.40000, batch time:0.0777, data time:0.1781
2022-04-12 00:22:33	Epoch 57[160/192]: loss:0.22116, lr:0.40000, batch time:0.0790, data time:0.1776
2022-04-12 00:22:33	Epoch 57 training ends, total 1.51s
2022-04-12 00:22:33	Epoch 57 testing start
2022-04-12 00:22:33	Valid Loss: 0.0007208
2022-04-12 00:22:40	Epoch: 57	Catergory: zipper	Pixel-AUC: 0.980406	Image-AUC: 0.820903
2022-04-12 00:22:40	Epoch 57 testing end, total 6.96s
/opt/conda/envs/python35-paddle120-env/lib/python3.7/site-packages/paddle/nn/layer/norm.py:653: UserWarning: When training, we now always track global mean and variance.
  "When training, we now always track global mean and variance.")
2022-04-12 00:22:40	Epoch 58[32/192]: loss:0.21924, lr:0.40000, batch time:0.0667, data time:0.2010
2022-04-12 00:22:41	Epoch 58[96/192]: loss:0.21851, lr:0.40000, batch time:0.0501, data time:0.2072
2022-04-12 00:22:41	Epoch 58[160/192]: loss:0.22644, lr:0.40000, batch time:0.0669, data time:0.1888
2022-04-12 00:22:41	Epoch 58 training ends, total 1.43s
2022-04-12 00:22:41	Epoch 58 testing start
2022-04-12 00:22:42	Valid Loss: 0.0005887
2022-04-12 00:22:48	Epoch: 58	Catergory: zipper	Pixel-AUC: 0.981310	Image-AUC: 0.835347
2022-04-12 00:22:48	Epoch 58 testing end, total 7.07s
/opt/conda/envs/python35-paddle120-env/lib/python3.7/site-packages/paddle/nn/layer/norm.py:653: UserWarning: When training, we now always track global mean and variance.
  "When training, we now always track global mean and variance.")
2022-04-12 00:22:49	Epoch 59[32/192]: loss:0.21773, lr:0.40000, batch time:0.0666, data time:0.1998
2022-04-12 00:22:49	Epoch 59[96/192]: loss:0.22518, lr:0.40000, batch time:0.0502, data time:0.1890
2022-04-12 00:22:50	Epoch 59[160/192]: loss:0.22386, lr:0.40000, batch time:0.0501, data time:0.1729
2022-04-12 00:22:50	Epoch 59 training ends, total 1.43s
2022-04-12 00:22:50	Epoch 59 testing start
2022-04-12 00:22:50	Valid Loss: 0.0007566
2022-04-12 00:22:57	Epoch: 59	Catergory: zipper	Pixel-AUC: 0.979687	Image-AUC: 0.832458
2022-04-12 00:22:57	Epoch 59 testing end, total 6.99s
/opt/conda/envs/python35-paddle120-env/lib/python3.7/site-packages/paddle/nn/layer/norm.py:653: UserWarning: When training, we now always track global mean and variance.
  "When training, we now always track global mean and variance.")
2022-04-12 00:22:57	Epoch 60[32/192]: loss:0.22135, lr:0.40000, batch time:0.0737, data time:0.1995
2022-04-12 00:22:58	Epoch 60[96/192]: loss:0.22436, lr:0.40000, batch time:0.0521, data time:0.2097
2022-04-12 00:22:58	Epoch 60[160/192]: loss:0.21384, lr:0.40000, batch time:0.0512, data time:0.2096
2022-04-12 00:22:58	Epoch 60 training ends, total 1.44s
2022-04-12 00:22:58	Epoch 60 testing start
2022-04-12 00:22:59	Valid Loss: 0.0006390
2022-04-12 00:23:05	Epoch: 60	Catergory: zipper	Pixel-AUC: 0.981039	Image-AUC: 0.831408
2022-04-12 00:23:05	Epoch 60 testing end, total 7.01s
/opt/conda/envs/python35-paddle120-env/lib/python3.7/site-packages/paddle/nn/layer/norm.py:653: UserWarning: When training, we now always track global mean and variance.
  "When training, we now always track global mean and variance.")
2022-04-12 00:23:06	Epoch 61[32/192]: loss:0.21956, lr:0.40000, batch time:0.0708, data time:0.2010
2022-04-12 00:23:06	Epoch 61[96/192]: loss:0.21462, lr:0.40000, batch time:0.0513, data time:0.1721
2022-04-12 00:23:06	Epoch 61[160/192]: loss:0.21339, lr:0.40000, batch time:0.0319, data time:0.2101
2022-04-12 00:23:07	Epoch 61 training ends, total 1.45s
2022-04-12 00:23:07	Epoch 61 testing start
2022-04-12 00:23:07	Valid Loss: 0.0006178
2022-04-12 00:23:14	Epoch: 61	Catergory: zipper	Pixel-AUC: 0.980966	Image-AUC: 0.827994
2022-04-12 00:23:14	Epoch 61 testing end, total 6.98s
/opt/conda/envs/python35-paddle120-env/lib/python3.7/site-packages/paddle/nn/layer/norm.py:653: UserWarning: When training, we now always track global mean and variance.
  "When training, we now always track global mean and variance.")
2022-04-12 00:23:14	Epoch 62[32/192]: loss:0.21370, lr:0.40000, batch time:0.0698, data time:0.2011
2022-04-12 00:23:14	Epoch 62[96/192]: loss:0.21859, lr:0.40000, batch time:0.0525, data time:0.1900
2022-04-12 00:23:15	Epoch 62[160/192]: loss:0.21338, lr:0.40000, batch time:0.0529, data time:0.1889
2022-04-12 00:23:15	Epoch 62 training ends, total 1.44s
2022-04-12 00:23:15	Epoch 62 testing start
2022-04-12 00:23:16	Valid Loss: 0.0005662
2022-04-12 00:23:22	Epoch: 62	Catergory: zipper	Pixel-AUC: 0.981126	Image-AUC: 0.829307
2022-04-12 00:23:22	Epoch 62 testing end, total 7.15s
/opt/conda/envs/python35-paddle120-env/lib/python3.7/site-packages/paddle/nn/layer/norm.py:653: UserWarning: When training, we now always track global mean and variance.
  "When training, we now always track global mean and variance.")
2022-04-12 00:23:23	Epoch 63[32/192]: loss:0.20969, lr:0.40000, batch time:0.0705, data time:0.2059
2022-04-12 00:23:23	Epoch 63[96/192]: loss:0.21143, lr:0.40000, batch time:0.0324, data time:0.2110
2022-04-12 00:23:24	Epoch 63[160/192]: loss:0.21758, lr:0.40000, batch time:0.0522, data time:0.2106
2022-04-12 00:23:24	Epoch 63 training ends, total 1.45s
2022-04-12 00:23:24	Epoch 63 testing start
2022-04-12 00:23:24	Valid Loss: 0.0005464
2022-04-12 00:23:31	Epoch: 63	Catergory: zipper	Pixel-AUC: 0.982107	Image-AUC: 0.834559
2022-04-12 00:23:31	Epoch 63 testing end, total 7.13s
/opt/conda/envs/python35-paddle120-env/lib/python3.7/site-packages/paddle/nn/layer/norm.py:653: UserWarning: When training, we now always track global mean and variance.
  "When training, we now always track global mean and variance.")
2022-04-12 00:23:31	Epoch 64[32/192]: loss:0.21021, lr:0.40000, batch time:0.0703, data time:0.2011
2022-04-12 00:23:32	Epoch 64[96/192]: loss:0.21702, lr:0.40000, batch time:0.0726, data time:0.2125
2022-04-12 00:23:32	Epoch 64[160/192]: loss:0.21048, lr:0.40000, batch time:0.0523, data time:0.1878
2022-04-12 00:23:32	Epoch 64 training ends, total 1.45s
2022-04-12 00:23:32	Epoch 64 testing start
2022-04-12 00:23:33	Valid Loss: 0.0005366
2022-04-12 00:23:39	Epoch: 64	Catergory: zipper	Pixel-AUC: 0.981891	Image-AUC: 0.835872
2022-04-12 00:23:39	Epoch 64 testing end, total 7.04s
/opt/conda/envs/python35-paddle120-env/lib/python3.7/site-packages/paddle/nn/layer/norm.py:653: UserWarning: When training, we now always track global mean and variance.
  "When training, we now always track global mean and variance.")
2022-04-12 00:23:40	Epoch 65[32/192]: loss:0.21324, lr:0.40000, batch time:0.0728, data time:0.1998
2022-04-12 00:23:40	Epoch 65[96/192]: loss:0.21530, lr:0.40000, batch time:0.0529, data time:0.1885
2022-04-12 00:23:41	Epoch 65[160/192]: loss:0.21685, lr:0.40000, batch time:0.0531, data time:0.2097
2022-04-12 00:23:41	Epoch 65 training ends, total 1.44s
2022-04-12 00:23:41	Epoch 65 testing start
2022-04-12 00:23:41	Valid Loss: 0.0005675
2022-04-12 00:23:48	Epoch: 65	Catergory: zipper	Pixel-AUC: 0.981404	Image-AUC: 0.833246
2022-04-12 00:23:48	Epoch 65 testing end, total 6.91s
/opt/conda/envs/python35-paddle120-env/lib/python3.7/site-packages/paddle/nn/layer/norm.py:653: UserWarning: When training, we now always track global mean and variance.
  "When training, we now always track global mean and variance.")
2022-04-12 00:23:48	Epoch 66[32/192]: loss:0.21368, lr:0.40000, batch time:0.0702, data time:0.2017
2022-04-12 00:23:48	Epoch 66[96/192]: loss:0.20401, lr:0.40000, batch time:0.0517, data time:0.1893
2022-04-12 00:23:49	Epoch 66[160/192]: loss:0.21785, lr:0.40000, batch time:0.0526, data time:0.2101
2022-04-12 00:23:49	Epoch 66 training ends, total 1.45s
2022-04-12 00:23:49	Epoch 66 testing start
2022-04-12 00:23:50	Valid Loss: 0.0006485
2022-04-12 00:23:56	Epoch: 66	Catergory: zipper	Pixel-AUC: 0.978923	Image-AUC: 0.823529
2022-04-12 00:23:56	Epoch 66 testing end, total 6.92s
/opt/conda/envs/python35-paddle120-env/lib/python3.7/site-packages/paddle/nn/layer/norm.py:653: UserWarning: When training, we now always track global mean and variance.
  "When training, we now always track global mean and variance.")
2022-04-12 00:23:56	Epoch 67[32/192]: loss:0.21131, lr:0.40000, batch time:0.0700, data time:0.2008
2022-04-12 00:23:57	Epoch 67[96/192]: loss:0.21211, lr:0.40000, batch time:0.0517, data time:0.1910
2022-04-12 00:23:57	Epoch 67[160/192]: loss:0.21158, lr:0.40000, batch time:0.0524, data time:0.1888
2022-04-12 00:23:58	Epoch 67 training ends, total 1.44s
2022-04-12 00:23:58	Epoch 67 testing start
2022-04-12 00:23:58	Valid Loss: 0.0005326
2022-04-12 00:24:05	Epoch: 67	Catergory: zipper	Pixel-AUC: 0.981479	Image-AUC: 0.833771
2022-04-12 00:24:05	Epoch 67 testing end, total 7.03s
/opt/conda/envs/python35-paddle120-env/lib/python3.7/site-packages/paddle/nn/layer/norm.py:653: UserWarning: When training, we now always track global mean and variance.
  "When training, we now always track global mean and variance.")
2022-04-12 00:24:05	Epoch 68[32/192]: loss:0.21028, lr:0.40000, batch time:0.0701, data time:0.2000
2022-04-12 00:24:05	Epoch 68[96/192]: loss:0.22477, lr:0.40000, batch time:0.0323, data time:0.2101
2022-04-12 00:24:06	Epoch 68[160/192]: loss:0.21121, lr:0.40000, batch time:0.0532, data time:0.1908
2022-04-12 00:24:06	Epoch 68 training ends, total 1.45s
2022-04-12 00:24:06	Epoch 68 testing start
2022-04-12 00:24:06	Valid Loss: 0.0005692
2022-04-12 00:24:13	Epoch: 68	Catergory: zipper	Pixel-AUC: 0.981574	Image-AUC: 0.831408
2022-04-12 00:24:13	Epoch 68 testing end, total 6.88s
/opt/conda/envs/python35-paddle120-env/lib/python3.7/site-packages/paddle/nn/layer/norm.py:653: UserWarning: When training, we now always track global mean and variance.
  "When training, we now always track global mean and variance.")
2022-04-12 00:24:13	Epoch 69[32/192]: loss:0.20725, lr:0.40000, batch time:0.0696, data time:0.2001
2022-04-12 00:24:14	Epoch 69[96/192]: loss:0.21136, lr:0.40000, batch time:0.0527, data time:0.1910
2022-04-12 00:24:14	Epoch 69[160/192]: loss:0.21103, lr:0.40000, batch time:0.0324, data time:0.1719
2022-04-12 00:24:14	Epoch 69 training ends, total 1.44s
2022-04-12 00:24:14	Epoch 69 testing start
2022-04-12 00:24:15	Valid Loss: 0.0005211
2022-04-12 00:24:21	Epoch: 69	Catergory: zipper	Pixel-AUC: 0.981795	Image-AUC: 0.838498
2022-04-12 00:24:21	Epoch 69 testing end, total 7.11s
/opt/conda/envs/python35-paddle120-env/lib/python3.7/site-packages/paddle/nn/layer/norm.py:653: UserWarning: When training, we now always track global mean and variance.
  "When training, we now always track global mean and variance.")
2022-04-12 00:24:22	Epoch 70[32/192]: loss:0.21091, lr:0.40000, batch time:0.0708, data time:0.2007
2022-04-12 00:24:22	Epoch 70[96/192]: loss:0.21289, lr:0.40000, batch time:0.0512, data time:0.2097
2022-04-12 00:24:23	Epoch 70[160/192]: loss:0.21060, lr:0.40000, batch time:0.0346, data time:0.1884
2022-04-12 00:24:23	Epoch 70 training ends, total 1.45s
2022-04-12 00:24:23	Epoch 70 testing start
2022-04-12 00:24:23	Valid Loss: 0.0005676
2022-04-12 00:24:30	Epoch: 70	Catergory: zipper	Pixel-AUC: 0.981509	Image-AUC: 0.833771
2022-04-12 00:24:30	Epoch 70 testing end, total 6.95s
/opt/conda/envs/python35-paddle120-env/lib/python3.7/site-packages/paddle/nn/layer/norm.py:653: UserWarning: When training, we now always track global mean and variance.
  "When training, we now always track global mean and variance.")
2022-04-12 00:24:30	Epoch 71[32/192]: loss:0.20964, lr:0.40000, batch time:0.0748, data time:0.2015
2022-04-12 00:24:31	Epoch 71[96/192]: loss:0.20909, lr:0.40000, batch time:0.0329, data time:0.2135
2022-04-12 00:24:31	Epoch 71[160/192]: loss:0.20405, lr:0.40000, batch time:0.0717, data time:0.1773
2022-04-12 00:24:31	Epoch 71 training ends, total 1.47s
2022-04-12 00:24:31	Epoch 71 testing start
2022-04-12 00:24:32	Valid Loss: 0.0004937
2022-04-12 00:24:38	Epoch: 71	Catergory: zipper	Pixel-AUC: 0.982437	Image-AUC: 0.840599
2022-04-12 00:24:38	Epoch 71 testing end, total 7.09s
/opt/conda/envs/python35-paddle120-env/lib/python3.7/site-packages/paddle/nn/layer/norm.py:653: UserWarning: When training, we now always track global mean and variance.
  "When training, we now always track global mean and variance.")
2022-04-12 00:24:39	Epoch 72[32/192]: loss:0.20651, lr:0.40000, batch time:0.0702, data time:0.2006
2022-04-12 00:24:39	Epoch 72[96/192]: loss:0.21296, lr:0.40000, batch time:0.0320, data time:0.1723
2022-04-12 00:24:40	Epoch 72[160/192]: loss:0.19898, lr:0.40000, batch time:0.0512, data time:0.1913
2022-04-12 00:24:40	Epoch 72 training ends, total 1.45s
2022-04-12 00:24:40	Epoch 72 testing start
2022-04-12 00:24:40	Valid Loss: 0.0005401
2022-04-12 00:24:47	Epoch: 72	Catergory: zipper	Pixel-AUC: 0.981166	Image-AUC: 0.835347
2022-04-12 00:24:47	Epoch 72 testing end, total 7.01s
/opt/conda/envs/python35-paddle120-env/lib/python3.7/site-packages/paddle/nn/layer/norm.py:653: UserWarning: When training, we now always track global mean and variance.
  "When training, we now always track global mean and variance.")
2022-04-12 00:24:47	Epoch 73[32/192]: loss:0.20725, lr:0.40000, batch time:0.0706, data time:0.2048
2022-04-12 00:24:48	Epoch 73[96/192]: loss:0.20850, lr:0.40000, batch time:0.0701, data time:0.1902
2022-04-12 00:24:48	Epoch 73[160/192]: loss:0.20201, lr:0.40000, batch time:0.0526, data time:0.1892
2022-04-12 00:24:48	Epoch 73 training ends, total 1.45s
2022-04-12 00:24:48	Epoch 73 testing start
2022-04-12 00:24:49	Valid Loss: 0.0004687
2022-04-12 00:24:55	Epoch: 73	Catergory: zipper	Pixel-AUC: 0.982564	Image-AUC: 0.843225
2022-04-12 00:24:55	Epoch 73 testing end, total 7.15s
/opt/conda/envs/python35-paddle120-env/lib/python3.7/site-packages/paddle/nn/layer/norm.py:653: UserWarning: When training, we now always track global mean and variance.
  "When training, we now always track global mean and variance.")
2022-04-12 00:24:56	Epoch 74[32/192]: loss:0.20394, lr:0.40000, batch time:0.0706, data time:0.1997
2022-04-12 00:24:56	Epoch 74[96/192]: loss:0.20871, lr:0.40000, batch time:0.0515, data time:0.1906
2022-04-12 00:24:57	Epoch 74[160/192]: loss:0.20593, lr:0.40000, batch time:0.0694, data time:0.1720
2022-04-12 00:24:57	Epoch 74 training ends, total 1.44s
2022-04-12 00:24:57	Epoch 74 testing start
2022-04-12 00:24:57	Valid Loss: 0.0006599
2022-04-12 00:25:04	Epoch: 74	Catergory: zipper	Pixel-AUC: 0.978561	Image-AUC: 0.845326
2022-04-12 00:25:04	Epoch 74 testing end, total 7.03s
/opt/conda/envs/python35-paddle120-env/lib/python3.7/site-packages/paddle/nn/layer/norm.py:653: UserWarning: When training, we now always track global mean and variance.
  "When training, we now always track global mean and variance.")
2022-04-12 00:25:04	Epoch 75[32/192]: loss:0.21106, lr:0.40000, batch time:0.0714, data time:0.1996
2022-04-12 00:25:05	Epoch 75[96/192]: loss:0.20390, lr:0.40000, batch time:0.0321, data time:0.1717
2022-04-12 00:25:05	Epoch 75[160/192]: loss:0.20611, lr:0.40000, batch time:0.0321, data time:0.2091
2022-04-12 00:25:05	Epoch 75 training ends, total 1.44s
2022-04-12 00:25:05	Epoch 75 testing start
2022-04-12 00:25:06	Valid Loss: 0.0004680
2022-04-12 00:25:12	Epoch: 75	Catergory: zipper	Pixel-AUC: 0.981234	Image-AUC: 0.842437
2022-04-12 00:25:13	Epoch 75 testing end, total 7.14s
/opt/conda/envs/python35-paddle120-env/lib/python3.7/site-packages/paddle/nn/layer/norm.py:653: UserWarning: When training, we now always track global mean and variance.
  "When training, we now always track global mean and variance.")
2022-04-12 00:25:13	Epoch 76[32/192]: loss:0.20947, lr:0.40000, batch time:0.0734, data time:0.2001
2022-04-12 00:25:13	Epoch 76[96/192]: loss:0.20340, lr:0.40000, batch time:0.0521, data time:0.1906
2022-04-12 00:25:14	Epoch 76[160/192]: loss:0.20279, lr:0.40000, batch time:0.0699, data time:0.1888
2022-04-12 00:25:14	Epoch 76 training ends, total 1.44s
2022-04-12 00:25:14	Epoch 76 testing start
2022-04-12 00:25:14	Valid Loss: 0.0006253
2022-04-12 00:25:21	Epoch: 76	Catergory: zipper	Pixel-AUC: 0.980503	Image-AUC: 0.830357
2022-04-12 00:25:21	Epoch 76 testing end, total 6.97s
/opt/conda/envs/python35-paddle120-env/lib/python3.7/site-packages/paddle/nn/layer/norm.py:653: UserWarning: When training, we now always track global mean and variance.
  "When training, we now always track global mean and variance.")
2022-04-12 00:25:21	Epoch 77[32/192]: loss:0.20098, lr:0.40000, batch time:0.0701, data time:0.2018
2022-04-12 00:25:22	Epoch 77[96/192]: loss:0.20393, lr:0.40000, batch time:0.0706, data time:0.1727
2022-04-12 00:25:22	Epoch 77[160/192]: loss:0.20142, lr:0.40000, batch time:0.0701, data time:0.1733
2022-04-12 00:25:22	Epoch 77 training ends, total 1.45s
2022-04-12 00:25:22	Epoch 77 testing start
2022-04-12 00:25:23	Valid Loss: 0.0004477
2022-04-12 00:25:29	Epoch: 77	Catergory: zipper	Pixel-AUC: 0.982482	Image-AUC: 0.842700
2022-04-12 00:25:29	Epoch 77 testing end, total 7.11s
/opt/conda/envs/python35-paddle120-env/lib/python3.7/site-packages/paddle/nn/layer/norm.py:653: UserWarning: When training, we now always track global mean and variance.
  "When training, we now always track global mean and variance.")
2022-04-12 00:25:30	Epoch 78[32/192]: loss:0.19923, lr:0.40000, batch time:0.0708, data time:0.2008
2022-04-12 00:25:30	Epoch 78[96/192]: loss:0.19865, lr:0.40000, batch time:0.0323, data time:0.1724
2022-04-12 00:25:31	Epoch 78[160/192]: loss:0.20033, lr:0.40000, batch time:0.0520, data time:0.2093
2022-04-12 00:25:31	Epoch 78 training ends, total 1.44s
2022-04-12 00:25:31	Epoch 78 testing start
2022-04-12 00:25:31	Valid Loss: 0.0004671
2022-04-12 00:25:38	Epoch: 78	Catergory: zipper	Pixel-AUC: 0.982010	Image-AUC: 0.846376
2022-04-12 00:25:38	Epoch 78 testing end, total 7.04s
/opt/conda/envs/python35-paddle120-env/lib/python3.7/site-packages/paddle/nn/layer/norm.py:653: UserWarning: When training, we now always track global mean and variance.
  "When training, we now always track global mean and variance.")
2022-04-12 00:25:38	Epoch 79[32/192]: loss:0.20115, lr:0.40000, batch time:0.0702, data time:0.2023
2022-04-12 00:25:39	Epoch 79[96/192]: loss:0.19644, lr:0.40000, batch time:0.0323, data time:0.1899
2022-04-12 00:25:39	Epoch 79[160/192]: loss:0.20241, lr:0.40000, batch time:0.0694, data time:0.1889
2022-04-12 00:25:39	Epoch 79 training ends, total 1.44s
2022-04-12 00:25:39	Epoch 79 testing start
2022-04-12 00:25:40	Valid Loss: 0.0004584
2022-04-12 00:25:46	Epoch: 79	Catergory: zipper	Pixel-AUC: 0.981363	Image-AUC: 0.849002
2022-04-12 00:25:46	Epoch 79 testing end, total 7.01s
/opt/conda/envs/python35-paddle120-env/lib/python3.7/site-packages/paddle/nn/layer/norm.py:653: UserWarning: When training, we now always track global mean and variance.
  "When training, we now always track global mean and variance.")
2022-04-12 00:25:47	Epoch 80[32/192]: loss:0.20149, lr:0.40000, batch time:0.0716, data time:0.2002
2022-04-12 00:25:47	Epoch 80[96/192]: loss:0.19352, lr:0.40000, batch time:0.0701, data time:0.1740
2022-04-12 00:25:48	Epoch 80[160/192]: loss:0.20919, lr:0.40000, batch time:0.0321, data time:0.2101
2022-04-12 00:25:48	Epoch 80 training ends, total 1.45s
2022-04-12 00:25:48	Epoch 80 testing start
2022-04-12 00:25:48	Valid Loss: 0.0005224
2022-04-12 00:25:55	Epoch: 80	Catergory: zipper	Pixel-AUC: 0.979315	Image-AUC: 0.850840
2022-04-12 00:25:55	Epoch 80 testing end, total 7.00s
/opt/conda/envs/python35-paddle120-env/lib/python3.7/site-packages/paddle/nn/layer/norm.py:653: UserWarning: When training, we now always track global mean and variance.
  "When training, we now always track global mean and variance.")
2022-04-12 00:25:55	Epoch 81[32/192]: loss:0.19870, lr:0.40000, batch time:0.0716, data time:0.2002
2022-04-12 00:25:56	Epoch 81[96/192]: loss:0.20222, lr:0.40000, batch time:0.0324, data time:0.1738
2022-04-12 00:25:56	Epoch 81[160/192]: loss:0.19780, lr:0.40000, batch time:0.0316, data time:0.1914
2022-04-12 00:25:56	Epoch 81 training ends, total 1.45s
2022-04-12 00:25:56	Epoch 81 testing start
2022-04-12 00:25:57	Valid Loss: 0.0004731
2022-04-12 00:26:03	Epoch: 81	Catergory: zipper	Pixel-AUC: 0.981656	Image-AUC: 0.853204
2022-04-12 00:26:03	Epoch 81 testing end, total 6.99s
/opt/conda/envs/python35-paddle120-env/lib/python3.7/site-packages/paddle/nn/layer/norm.py:653: UserWarning: When training, we now always track global mean and variance.
  "When training, we now always track global mean and variance.")
2022-04-12 00:26:04	Epoch 82[32/192]: loss:0.19674, lr:0.40000, batch time:0.0751, data time:0.2014
2022-04-12 00:26:04	Epoch 82[96/192]: loss:0.20471, lr:0.40000, batch time:0.0735, data time:0.1719
2022-04-12 00:26:05	Epoch 82[160/192]: loss:0.20247, lr:0.40000, batch time:0.0522, data time:0.1727
2022-04-12 00:26:05	Epoch 82 training ends, total 1.46s
2022-04-12 00:26:05	Epoch 82 testing start
2022-04-12 00:26:05	Valid Loss: 0.0004473
2022-04-12 00:26:12	Epoch: 82	Catergory: zipper	Pixel-AUC: 0.982465	Image-AUC: 0.853992
2022-04-12 00:26:12	Epoch 82 testing end, total 7.05s
/opt/conda/envs/python35-paddle120-env/lib/python3.7/site-packages/paddle/nn/layer/norm.py:653: UserWarning: When training, we now always track global mean and variance.
  "When training, we now always track global mean and variance.")
2022-04-12 00:26:12	Epoch 83[32/192]: loss:0.20157, lr:0.40000, batch time:0.0699, data time:0.2008
2022-04-12 00:26:13	Epoch 83[96/192]: loss:0.20252, lr:0.40000, batch time:0.0518, data time:0.1893
2022-04-12 00:26:13	Epoch 83[160/192]: loss:0.19704, lr:0.40000, batch time:0.0701, data time:0.1729
2022-04-12 00:26:13	Epoch 83 training ends, total 1.45s
2022-04-12 00:26:13	Epoch 83 testing start
2022-04-12 00:26:14	Valid Loss: 0.0004672
2022-04-12 00:26:20	Epoch: 83	Catergory: zipper	Pixel-AUC: 0.981248	Image-AUC: 0.855042
2022-04-12 00:26:20	Epoch 83 testing end, total 6.96s
/opt/conda/envs/python35-paddle120-env/lib/python3.7/site-packages/paddle/nn/layer/norm.py:653: UserWarning: When training, we now always track global mean and variance.
  "When training, we now always track global mean and variance.")
2022-04-12 00:26:20	Epoch 84[32/192]: loss:0.19574, lr:0.40000, batch time:0.0703, data time:0.2011
2022-04-12 00:26:21	Epoch 84[96/192]: loss:0.19580, lr:0.40000, batch time:0.0514, data time:0.1900
2022-04-12 00:26:21	Epoch 84[160/192]: loss:0.19396, lr:0.40000, batch time:0.0695, data time:0.2077
2022-04-12 00:26:22	Epoch 84 training ends, total 1.45s
2022-04-12 00:26:22	Epoch 84 testing start
2022-04-12 00:26:22	Valid Loss: 0.0004166
2022-04-12 00:26:29	Epoch: 84	Catergory: zipper	Pixel-AUC: 0.982590	Image-AUC: 0.855567
2022-04-12 00:26:29	Epoch 84 testing end, total 7.15s
/opt/conda/envs/python35-paddle120-env/lib/python3.7/site-packages/paddle/nn/layer/norm.py:653: UserWarning: When training, we now always track global mean and variance.
  "When training, we now always track global mean and variance.")
2022-04-12 00:26:29	Epoch 85[32/192]: loss:0.19423, lr:0.40000, batch time:0.0717, data time:0.2005
2022-04-12 00:26:30	Epoch 85[96/192]: loss:0.19944, lr:0.40000, batch time:0.0319, data time:0.1741
2022-04-12 00:26:30	Epoch 85[160/192]: loss:0.19240, lr:0.40000, batch time:0.0619, data time:0.1737
2022-04-12 00:26:30	Epoch 85 training ends, total 1.45s
2022-04-12 00:26:30	Epoch 85 testing start
2022-04-12 00:26:31	Valid Loss: 0.0004108
2022-04-12 00:26:37	Epoch: 85	Catergory: zipper	Pixel-AUC: 0.982216	Image-AUC: 0.853204
2022-04-12 00:26:37	Epoch 85 testing end, total 7.10s
/opt/conda/envs/python35-paddle120-env/lib/python3.7/site-packages/paddle/nn/layer/norm.py:653: UserWarning: When training, we now always track global mean and variance.
  "When training, we now always track global mean and variance.")
2022-04-12 00:26:38	Epoch 86[32/192]: loss:0.19451, lr:0.40000, batch time:0.0699, data time:0.2007
2022-04-12 00:26:38	Epoch 86[96/192]: loss:0.19576, lr:0.40000, batch time:0.0513, data time:0.1899
2022-04-12 00:26:39	Epoch 86[160/192]: loss:0.19457, lr:0.40000, batch time:0.0528, data time:0.1894
2022-04-12 00:26:39	Epoch 86 training ends, total 1.44s
2022-04-12 00:26:39	Epoch 86 testing start
2022-04-12 00:26:39	Valid Loss: 0.0004191
2022-04-12 00:26:46	Epoch: 86	Catergory: zipper	Pixel-AUC: 0.981675	Image-AUC: 0.846376
2022-04-12 00:26:46	Epoch 86 testing end, total 6.93s
/opt/conda/envs/python35-paddle120-env/lib/python3.7/site-packages/paddle/nn/layer/norm.py:653: UserWarning: When training, we now always track global mean and variance.
  "When training, we now always track global mean and variance.")
2022-04-12 00:26:46	Epoch 87[32/192]: loss:0.19470, lr:0.40000, batch time:0.0736, data time:0.2012
2022-04-12 00:26:46	Epoch 87[96/192]: loss:0.19566, lr:0.40000, batch time:0.0324, data time:0.1732
2022-04-12 00:26:47	Epoch 87[160/192]: loss:0.19050, lr:0.40000, batch time:0.0522, data time:0.1946
2022-04-12 00:26:47	Epoch 87 training ends, total 1.46s
2022-04-12 00:26:47	Epoch 87 testing start
2022-04-12 00:26:48	Valid Loss: 0.0003791
2022-04-12 00:26:54	Epoch: 87	Catergory: zipper	Pixel-AUC: 0.982976	Image-AUC: 0.860819
2022-04-12 00:26:54	Epoch 87 testing end, total 7.03s
/opt/conda/envs/python35-paddle120-env/lib/python3.7/site-packages/paddle/nn/layer/norm.py:653: UserWarning: When training, we now always track global mean and variance.
  "When training, we now always track global mean and variance.")
2022-04-12 00:26:55	Epoch 88[32/192]: loss:0.19316, lr:0.40000, batch time:0.0703, data time:0.2035
2022-04-12 00:26:55	Epoch 88[96/192]: loss:0.18916, lr:0.40000, batch time:0.0529, data time:0.1912
2022-04-12 00:26:55	Epoch 88[160/192]: loss:0.19224, lr:0.40000, batch time:0.0328, data time:0.2130
2022-04-12 00:26:56	Epoch 88 training ends, total 1.46s
2022-04-12 00:26:56	Epoch 88 testing start
2022-04-12 00:26:56	Valid Loss: 0.0004331
2022-04-12 00:27:03	Epoch: 88	Catergory: zipper	Pixel-AUC: 0.981756	Image-AUC: 0.865284
2022-04-12 00:27:03	Epoch 88 testing end, total 6.91s
/opt/conda/envs/python35-paddle120-env/lib/python3.7/site-packages/paddle/nn/layer/norm.py:653: UserWarning: When training, we now always track global mean and variance.
  "When training, we now always track global mean and variance.")
2022-04-12 00:27:03	Epoch 89[32/192]: loss:0.19549, lr:0.40000, batch time:0.0697, data time:0.1997
2022-04-12 00:27:03	Epoch 89[96/192]: loss:0.18957, lr:0.40000, batch time:0.0316, data time:0.1730
2022-04-12 00:27:04	Epoch 89[160/192]: loss:0.19525, lr:0.40000, batch time:0.0523, data time:0.1923
2022-04-12 00:27:04	Epoch 89 training ends, total 1.44s
2022-04-12 00:27:04	Epoch 89 testing start
2022-04-12 00:27:04	Valid Loss: 0.0004599
2022-04-12 00:27:11	Epoch: 89	Catergory: zipper	Pixel-AUC: 0.981599	Image-AUC: 0.852679
2022-04-12 00:27:11	Epoch 89 testing end, total 6.93s
/opt/conda/envs/python35-paddle120-env/lib/python3.7/site-packages/paddle/nn/layer/norm.py:653: UserWarning: When training, we now always track global mean and variance.
  "When training, we now always track global mean and variance.")
2022-04-12 00:27:11	Epoch 90[32/192]: loss:0.19449, lr:0.40000, batch time:0.0706, data time:0.2016
2022-04-12 00:27:12	Epoch 90[96/192]: loss:0.19199, lr:0.40000, batch time:0.0531, data time:0.1886
2022-04-12 00:27:12	Epoch 90[160/192]: loss:0.19551, lr:0.40000, batch time:0.0322, data time:0.1889
2022-04-12 00:27:12	Epoch 90 training ends, total 1.44s
2022-04-12 00:27:12	Epoch 90 testing start
2022-04-12 00:27:13	Valid Loss: 0.0004102
2022-04-12 00:27:19	Epoch: 90	Catergory: zipper	Pixel-AUC: 0.982688	Image-AUC: 0.860032
2022-04-12 00:27:19	Epoch 90 testing end, total 6.90s
/opt/conda/envs/python35-paddle120-env/lib/python3.7/site-packages/paddle/nn/layer/norm.py:653: UserWarning: When training, we now always track global mean and variance.
  "When training, we now always track global mean and variance.")
2022-04-12 00:27:20	Epoch 91[32/192]: loss:0.18851, lr:0.40000, batch time:0.0699, data time:0.2006
2022-04-12 00:27:20	Epoch 91[96/192]: loss:0.19316, lr:0.40000, batch time:0.0533, data time:0.1887
2022-04-12 00:27:21	Epoch 91[160/192]: loss:0.19071, lr:0.40000, batch time:0.0530, data time:0.2094
2022-04-12 00:27:21	Epoch 91 training ends, total 1.45s
2022-04-12 00:27:21	Epoch 91 testing start
2022-04-12 00:27:21	Valid Loss: 0.0003719
2022-04-12 00:27:28	Epoch: 91	Catergory: zipper	Pixel-AUC: 0.982219	Image-AUC: 0.866334
2022-04-12 00:27:28	Epoch 91 testing end, total 7.15s
/opt/conda/envs/python35-paddle120-env/lib/python3.7/site-packages/paddle/nn/layer/norm.py:653: UserWarning: When training, we now always track global mean and variance.
  "When training, we now always track global mean and variance.")
2022-04-12 00:27:28	Epoch 92[32/192]: loss:0.18897, lr:0.40000, batch time:0.0705, data time:0.2000
2022-04-12 00:27:29	Epoch 92[96/192]: loss:0.19019, lr:0.40000, batch time:0.0317, data time:0.2095
2022-04-12 00:27:29	Epoch 92[160/192]: loss:0.19113, lr:0.40000, batch time:0.0707, data time:0.2097
2022-04-12 00:27:29	Epoch 92 training ends, total 1.44s
2022-04-12 00:27:29	Epoch 92 testing start
2022-04-12 00:27:30	Valid Loss: 0.0003560
2022-04-12 00:27:37	Epoch: 92	Catergory: zipper	Pixel-AUC: 0.982456	Image-AUC: 0.866334
2022-04-12 00:27:37	Epoch 92 testing end, total 7.17s
/opt/conda/envs/python35-paddle120-env/lib/python3.7/site-packages/paddle/nn/layer/norm.py:653: UserWarning: When training, we now always track global mean and variance.
  "When training, we now always track global mean and variance.")
2022-04-12 00:27:37	Epoch 93[32/192]: loss:0.18810, lr:0.40000, batch time:0.0742, data time:0.2001
2022-04-12 00:27:37	Epoch 93[96/192]: loss:0.19693, lr:0.40000, batch time:0.0700, data time:0.1740
2022-04-12 00:27:38	Epoch 93[160/192]: loss:0.18553, lr:0.40000, batch time:0.0705, data time:0.1743
2022-04-12 00:27:38	Epoch 93 training ends, total 1.47s
2022-04-12 00:27:38	Epoch 93 testing start
2022-04-12 00:27:38	Valid Loss: 0.0003630
2022-04-12 00:27:45	Epoch: 93	Catergory: zipper	Pixel-AUC: 0.982944	Image-AUC: 0.871586
2022-04-12 00:27:45	Epoch 93 testing end, total 6.96s
/opt/conda/envs/python35-paddle120-env/lib/python3.7/site-packages/paddle/nn/layer/norm.py:653: UserWarning: When training, we now always track global mean and variance.
  "When training, we now always track global mean and variance.")
2022-04-12 00:27:45	Epoch 94[32/192]: loss:0.18467, lr:0.40000, batch time:0.0705, data time:0.2020
2022-04-12 00:27:46	Epoch 94[96/192]: loss:0.19182, lr:0.40000, batch time:0.0504, data time:0.1899
2022-04-12 00:27:46	Epoch 94[160/192]: loss:0.18773, lr:0.40000, batch time:0.0706, data time:0.1892
2022-04-12 00:27:46	Epoch 94 training ends, total 1.45s
2022-04-12 00:27:46	Epoch 94 testing start
2022-04-12 00:27:47	Valid Loss: 0.0004227
2022-04-12 00:27:53	Epoch: 94	Catergory: zipper	Pixel-AUC: 0.981824	Image-AUC: 0.852941
2022-04-12 00:27:53	Epoch 94 testing end, total 6.98s
/opt/conda/envs/python35-paddle120-env/lib/python3.7/site-packages/paddle/nn/layer/norm.py:653: UserWarning: When training, we now always track global mean and variance.
  "When training, we now always track global mean and variance.")
2022-04-12 00:27:54	Epoch 95[32/192]: loss:0.18793, lr:0.40000, batch time:0.0702, data time:0.2009
2022-04-12 00:27:54	Epoch 95[96/192]: loss:0.18559, lr:0.40000, batch time:0.0523, data time:0.1894
2022-04-12 00:27:55	Epoch 95[160/192]: loss:0.18960, lr:0.40000, batch time:0.0519, data time:0.1901
2022-04-12 00:27:55	Epoch 95 training ends, total 1.44s
2022-04-12 00:27:55	Epoch 95 testing start
2022-04-12 00:27:55	Valid Loss: 0.0003568
2022-04-12 00:28:02	Epoch: 95	Catergory: zipper	Pixel-AUC: 0.981618	Image-AUC: 0.857405
2022-04-12 00:28:02	Epoch 95 testing end, total 6.97s
/opt/conda/envs/python35-paddle120-env/lib/python3.7/site-packages/paddle/nn/layer/norm.py:653: UserWarning: When training, we now always track global mean and variance.
  "When training, we now always track global mean and variance.")
2022-04-12 00:28:02	Epoch 96[32/192]: loss:0.19121, lr:0.40000, batch time:0.0700, data time:0.2039
2022-04-12 00:28:03	Epoch 96[96/192]: loss:0.18388, lr:0.40000, batch time:0.0527, data time:0.1930
2022-04-12 00:28:03	Epoch 96[160/192]: loss:0.18926, lr:0.40000, batch time:0.0531, data time:0.1900
2022-04-12 00:28:03	Epoch 96 training ends, total 1.46s
2022-04-12 00:28:03	Epoch 96 testing start
2022-04-12 00:28:04	Valid Loss: 0.0003574
2022-04-12 00:28:10	Epoch: 96	Catergory: zipper	Pixel-AUC: 0.983492	Image-AUC: 0.878676
2022-04-12 00:28:10	Epoch 96 testing end, total 6.98s
/opt/conda/envs/python35-paddle120-env/lib/python3.7/site-packages/paddle/nn/layer/norm.py:653: UserWarning: When training, we now always track global mean and variance.
  "When training, we now always track global mean and variance.")
2022-04-12 00:28:11	Epoch 97[32/192]: loss:0.18466, lr:0.40000, batch time:0.0699, data time:0.2008
2022-04-12 00:28:11	Epoch 97[96/192]: loss:0.18588, lr:0.40000, batch time:0.0518, data time:0.1733
2022-04-12 00:28:11	Epoch 97[160/192]: loss:0.18271, lr:0.40000, batch time:0.0529, data time:0.2102
2022-04-12 00:28:12	Epoch 97 training ends, total 1.45s
2022-04-12 00:28:12	Epoch 97 testing start
2022-04-12 00:28:12	Valid Loss: 0.0003748
2022-04-12 00:28:19	Epoch: 97	Catergory: zipper	Pixel-AUC: 0.982027	Image-AUC: 0.855830
2022-04-12 00:28:19	Epoch 97 testing end, total 6.98s
/opt/conda/envs/python35-paddle120-env/lib/python3.7/site-packages/paddle/nn/layer/norm.py:653: UserWarning: When training, we now always track global mean and variance.
  "When training, we now always track global mean and variance.")
2022-04-12 00:28:19	Epoch 98[32/192]: loss:0.18821, lr:0.40000, batch time:0.0727, data time:0.2007
2022-04-12 00:28:19	Epoch 98[96/192]: loss:0.18811, lr:0.40000, batch time:0.0529, data time:0.1912
2022-04-12 00:28:20	Epoch 98[160/192]: loss:0.18174, lr:0.40000, batch time:0.0699, data time:0.1908
2022-04-12 00:28:20	Epoch 98 training ends, total 1.46s
2022-04-12 00:28:20	Epoch 98 testing start
2022-04-12 00:28:20	Valid Loss: 0.0003586
2022-04-12 00:28:27	Epoch: 98	Catergory: zipper	Pixel-AUC: 0.983561	Image-AUC: 0.885767
2022-04-12 00:28:27	Epoch 98 testing end, total 7.03s
/opt/conda/envs/python35-paddle120-env/lib/python3.7/site-packages/paddle/nn/layer/norm.py:653: UserWarning: When training, we now always track global mean and variance.
  "When training, we now always track global mean and variance.")
2022-04-12 00:28:27	Epoch 99[32/192]: loss:0.18397, lr:0.40000, batch time:0.0706, data time:0.2011
2022-04-12 00:28:28	Epoch 99[96/192]: loss:0.18484, lr:0.40000, batch time:0.0517, data time:0.1926
2022-04-12 00:28:28	Epoch 99[160/192]: loss:0.18966, lr:0.40000, batch time:0.0326, data time:0.1882
2022-04-12 00:28:29	Epoch 99 training ends, total 1.45s
2022-04-12 00:28:29	Epoch 99 testing start
2022-04-12 00:28:29	Valid Loss: 0.0003990
2022-04-12 00:28:36	Epoch: 99	Catergory: zipper	Pixel-AUC: 0.981567	Image-AUC: 0.887868
2022-04-12 00:28:36	Epoch 99 testing end, total 6.98s